CRITICAL - 2021-12-22 08:00:39 --> Invalid file: acesso/cadastrar_servicos.php
#0 C:\xampp1\htdocs\agenda_festa\system\View\View.php(198): CodeIgniter\Exceptions\FrameworkException::forInvalidFile('acesso/cadastra...')
#1 C:\xampp1\htdocs\agenda_festa\system\Common.php(1097): CodeIgniter\View\View->render('acesso/cadastra...', Array, true)
#2 C:\xampp1\htdocs\agenda_festa\app\Controllers\OperacaoSl.php(94): view('acesso/cadastra...', Array)
#3 C:\xampp1\htdocs\agenda_festa\system\CodeIgniter.php(824): App\Controllers\OperacaoSl->cadastrar_servicos()
#4 C:\xampp1\htdocs\agenda_festa\system\CodeIgniter.php(410): CodeIgniter\CodeIgniter->runController(Object(App\Controllers\OperacaoSl))
#5 C:\xampp1\htdocs\agenda_festa\system\CodeIgniter.php(318): CodeIgniter\CodeIgniter->handleRequest(NULL, Object(Config\Cache), false)
#6 C:\xampp1\htdocs\agenda_festa\public\index.php(37): CodeIgniter\CodeIgniter->run()
#7 C:\xampp1\htdocs\agenda_festa\system\Commands\Server\rewrite.php(43): require_once('C:\\xampp1\\htdoc...')
#8 {main}
CRITICAL - 2021-12-22 08:02:11 --> Invalid file: acesso/cadastrar_servicos.php
#0 C:\xampp1\htdocs\agenda_festa\system\View\View.php(198): CodeIgniter\Exceptions\FrameworkException::forInvalidFile('acesso/cadastra...')
#1 C:\xampp1\htdocs\agenda_festa\system\Common.php(1097): CodeIgniter\View\View->render('acesso/cadastra...', Array, true)
#2 C:\xampp1\htdocs\agenda_festa\app\Controllers\OperacaoSl.php(94): view('acesso/cadastra...', Array)
#3 C:\xampp1\htdocs\agenda_festa\system\CodeIgniter.php(824): App\Controllers\OperacaoSl->cadastrar_servicos()
#4 C:\xampp1\htdocs\agenda_festa\system\CodeIgniter.php(410): CodeIgniter\CodeIgniter->runController(Object(App\Controllers\OperacaoSl))
#5 C:\xampp1\htdocs\agenda_festa\system\CodeIgniter.php(318): CodeIgniter\CodeIgniter->handleRequest(NULL, Object(Config\Cache), false)
#6 C:\xampp1\htdocs\agenda_festa\public\index.php(37): CodeIgniter\CodeIgniter->run()
#7 C:\xampp1\htdocs\agenda_festa\system\Commands\Server\rewrite.php(43): require_once('C:\\xampp1\\htdoc...')
#8 {main}
CRITICAL - 2021-12-22 08:02:21 --> Invalid file: acesso/cadastrar_servicos.php
#0 C:\xampp1\htdocs\agenda_festa\system\View\View.php(198): CodeIgniter\Exceptions\FrameworkException::forInvalidFile('acesso/cadastra...')
#1 C:\xampp1\htdocs\agenda_festa\system\Common.php(1097): CodeIgniter\View\View->render('acesso/cadastra...', Array, true)
#2 C:\xampp1\htdocs\agenda_festa\app\Controllers\OperacaoSl.php(94): view('acesso/cadastra...', Array)
#3 C:\xampp1\htdocs\agenda_festa\system\CodeIgniter.php(824): App\Controllers\OperacaoSl->cadastrar_servicos()
#4 C:\xampp1\htdocs\agenda_festa\system\CodeIgniter.php(410): CodeIgniter\CodeIgniter->runController(Object(App\Controllers\OperacaoSl))
#5 C:\xampp1\htdocs\agenda_festa\system\CodeIgniter.php(318): CodeIgniter\CodeIgniter->handleRequest(NULL, Object(Config\Cache), false)
#6 C:\xampp1\htdocs\agenda_festa\public\index.php(37): CodeIgniter\CodeIgniter->run()
#7 C:\xampp1\htdocs\agenda_festa\system\Commands\Server\rewrite.php(43): require_once('C:\\xampp1\\htdoc...')
#8 {main}
ERROR - 2021-12-22 08:18:08 --> Unknown column 'preco_servico' in 'field list'
CRITICAL - 2021-12-22 08:18:08 --> Unknown column 'preco_servico' in 'field list'
#0 C:\xampp1\htdocs\agenda_festa\system\Database\MySQLi\Connection.php(292): mysqli->query('INSERT INTO `se...', 0)
#1 C:\xampp1\htdocs\agenda_festa\system\Database\BaseConnection.php(670): CodeIgniter\Database\MySQLi\Connection->execute('INSERT INTO `se...')
#2 C:\xampp1\htdocs\agenda_festa\system\Database\BaseConnection.php(598): CodeIgniter\Database\BaseConnection->simpleQuery('INSERT INTO `se...')
#3 C:\xampp1\htdocs\agenda_festa\system\Database\BaseBuilder.php(1759): CodeIgniter\Database\BaseConnection->query('INSERT INTO `se...', Array, false)
#4 C:\xampp1\htdocs\agenda_festa\system\Model.php(239): CodeIgniter\Database\BaseBuilder->insert()
#5 C:\xampp1\htdocs\agenda_festa\system\BaseModel.php(738): CodeIgniter\Model->doInsert(Array)
#6 C:\xampp1\htdocs\agenda_festa\system\Model.php(620): CodeIgniter\BaseModel->insert(Array, false)
#7 C:\xampp1\htdocs\agenda_festa\system\BaseModel.php(658): CodeIgniter\Model->insert(Array, false)
#8 C:\xampp1\htdocs\agenda_festa\app\Controllers\OperacaoSl.php(107): CodeIgniter\BaseModel->save(Array)
#9 C:\xampp1\htdocs\agenda_festa\system\CodeIgniter.php(824): App\Controllers\OperacaoSl->criar_servicos()
#10 C:\xampp1\htdocs\agenda_festa\system\CodeIgniter.php(410): CodeIgniter\CodeIgniter->runController(Object(App\Controllers\OperacaoSl))
#11 C:\xampp1\htdocs\agenda_festa\system\CodeIgniter.php(318): CodeIgniter\CodeIgniter->handleRequest(NULL, Object(Config\Cache), false)
#12 C:\xampp1\htdocs\agenda_festa\public\index.php(37): CodeIgniter\CodeIgniter->run()
#13 C:\xampp1\htdocs\agenda_festa\system\Commands\Server\rewrite.php(43): require_once('C:\\xampp1\\htdoc...')
#14 {main}
CRITICAL - 2021-12-22 08:43:57 --> Undefined property: App\Controllers\OperacaoSl::$userModel
#0 C:\xampp1\htdocs\agenda_festa\app\Controllers\OperacaoSl.php(106): CodeIgniter\Debug\Exceptions->errorHandler(8, 'Undefined prope...', 'C:\\xampp1\\htdoc...', 106, Array)
#1 C:\xampp1\htdocs\agenda_festa\system\CodeIgniter.php(824): App\Controllers\OperacaoSl->gestao_servicos()
#2 C:\xampp1\htdocs\agenda_festa\system\CodeIgniter.php(410): CodeIgniter\CodeIgniter->runController(Object(App\Controllers\OperacaoSl))
#3 C:\xampp1\htdocs\agenda_festa\system\CodeIgniter.php(318): CodeIgniter\CodeIgniter->handleRequest(NULL, Object(Config\Cache), false)
#4 C:\xampp1\htdocs\agenda_festa\public\index.php(37): CodeIgniter\CodeIgniter->run()
#5 C:\xampp1\htdocs\agenda_festa\system\Commands\Server\rewrite.php(43): require_once('C:\\xampp1\\htdoc...')
#6 {main}
CRITICAL - 2021-12-22 08:44:24 --> Call to undefined method App\Models\AddservicoModel::finally
#0 C:\xampp1\htdocs\agenda_festa\app\Controllers\OperacaoSl.php(106): CodeIgniter\Model->__call('finally', Array)
#1 C:\xampp1\htdocs\agenda_festa\system\CodeIgniter.php(824): App\Controllers\OperacaoSl->gestao_servicos()
#2 C:\xampp1\htdocs\agenda_festa\system\CodeIgniter.php(410): CodeIgniter\CodeIgniter->runController(Object(App\Controllers\OperacaoSl))
#3 C:\xampp1\htdocs\agenda_festa\system\CodeIgniter.php(318): CodeIgniter\CodeIgniter->handleRequest(NULL, Object(Config\Cache), false)
#4 C:\xampp1\htdocs\agenda_festa\public\index.php(37): CodeIgniter\CodeIgniter->run()
#5 C:\xampp1\htdocs\agenda_festa\system\Commands\Server\rewrite.php(43): require_once('C:\\xampp1\\htdoc...')
#6 {main}
CRITICAL - 2021-12-22 08:44:58 --> Call to undefined method App\Models\AddservicoModel::finAll
#0 C:\xampp1\htdocs\agenda_festa\app\Controllers\OperacaoSl.php(106): CodeIgniter\Model->__call('finAll', Array)
#1 C:\xampp1\htdocs\agenda_festa\system\CodeIgniter.php(824): App\Controllers\OperacaoSl->gestao_servicos()
#2 C:\xampp1\htdocs\agenda_festa\system\CodeIgniter.php(410): CodeIgniter\CodeIgniter->runController(Object(App\Controllers\OperacaoSl))
#3 C:\xampp1\htdocs\agenda_festa\system\CodeIgniter.php(318): CodeIgniter\CodeIgniter->handleRequest(NULL, Object(Config\Cache), false)
#4 C:\xampp1\htdocs\agenda_festa\public\index.php(37): CodeIgniter\CodeIgniter->run()
#5 C:\xampp1\htdocs\agenda_festa\system\Commands\Server\rewrite.php(43): require_once('C:\\xampp1\\htdoc...')
#6 {main}
CRITICAL - 2021-12-22 09:02:45 --> Call to undefined method App\Models\AddservicoModel::fist
#0 C:\xampp1\htdocs\agenda_festa\app\Controllers\OperacaoSl.php(106): CodeIgniter\Model->__call('fist', Array)
#1 C:\xampp1\htdocs\agenda_festa\system\CodeIgniter.php(824): App\Controllers\OperacaoSl->gestao_servicos()
#2 C:\xampp1\htdocs\agenda_festa\system\CodeIgniter.php(410): CodeIgniter\CodeIgniter->runController(Object(App\Controllers\OperacaoSl))
#3 C:\xampp1\htdocs\agenda_festa\system\CodeIgniter.php(318): CodeIgniter\CodeIgniter->handleRequest(NULL, Object(Config\Cache), false)
#4 C:\xampp1\htdocs\agenda_festa\public\index.php(37): CodeIgniter\CodeIgniter->run()
#5 C:\xampp1\htdocs\agenda_festa\system\Commands\Server\rewrite.php(43): require_once('C:\\xampp1\\htdoc...')
#6 {main}
CRITICAL - 2021-12-22 09:15:31 --> Call to undefined method App\Models\AddservicoModel::result
#0 C:\xampp1\htdocs\agenda_festa\app\Controllers\OperacaoSl.php(107): CodeIgniter\Model->__call('result', Array)
#1 C:\xampp1\htdocs\agenda_festa\system\CodeIgniter.php(824): App\Controllers\OperacaoSl->gestao_servicos()
#2 C:\xampp1\htdocs\agenda_festa\system\CodeIgniter.php(410): CodeIgniter\CodeIgniter->runController(Object(App\Controllers\OperacaoSl))
#3 C:\xampp1\htdocs\agenda_festa\system\CodeIgniter.php(318): CodeIgniter\CodeIgniter->handleRequest(NULL, Object(Config\Cache), false)
#4 C:\xampp1\htdocs\agenda_festa\public\index.php(37): CodeIgniter\CodeIgniter->run()
#5 C:\xampp1\htdocs\agenda_festa\system\Commands\Server\rewrite.php(43): require_once('C:\\xampp1\\htdoc...')
#6 {main}
CRITICAL - 2021-12-22 09:15:53 --> Call to undefined method App\Models\AddservicoModel::fiAll
#0 C:\xampp1\htdocs\agenda_festa\app\Controllers\OperacaoSl.php(107): CodeIgniter\Model->__call('fiAll', Array)
#1 C:\xampp1\htdocs\agenda_festa\system\CodeIgniter.php(824): App\Controllers\OperacaoSl->gestao_servicos()
#2 C:\xampp1\htdocs\agenda_festa\system\CodeIgniter.php(410): CodeIgniter\CodeIgniter->runController(Object(App\Controllers\OperacaoSl))
#3 C:\xampp1\htdocs\agenda_festa\system\CodeIgniter.php(318): CodeIgniter\CodeIgniter->handleRequest(NULL, Object(Config\Cache), false)
#4 C:\xampp1\htdocs\agenda_festa\public\index.php(37): CodeIgniter\CodeIgniter->run()
#5 C:\xampp1\htdocs\agenda_festa\system\Commands\Server\rewrite.php(43): require_once('C:\\xampp1\\htdoc...')
#6 {main}
CRITICAL - 2021-12-22 09:16:10 --> Call to undefined method App\Models\AddservicoModel::fisAll
#0 C:\xampp1\htdocs\agenda_festa\app\Controllers\OperacaoSl.php(107): CodeIgniter\Model->__call('fisAll', Array)
#1 C:\xampp1\htdocs\agenda_festa\system\CodeIgniter.php(824): App\Controllers\OperacaoSl->gestao_servicos()
#2 C:\xampp1\htdocs\agenda_festa\system\CodeIgniter.php(410): CodeIgniter\CodeIgniter->runController(Object(App\Controllers\OperacaoSl))
#3 C:\xampp1\htdocs\agenda_festa\system\CodeIgniter.php(318): CodeIgniter\CodeIgniter->handleRequest(NULL, Object(Config\Cache), false)
#4 C:\xampp1\htdocs\agenda_festa\public\index.php(37): CodeIgniter\CodeIgniter->run()
#5 C:\xampp1\htdocs\agenda_festa\system\Commands\Server\rewrite.php(43): require_once('C:\\xampp1\\htdoc...')
#6 {main}
CRITICAL - 2021-12-22 09:16:56 --> Call to undefined method App\Models\AddservicoModel::fetch
#0 C:\xampp1\htdocs\agenda_festa\app\Controllers\OperacaoSl.php(107): CodeIgniter\Model->__call('fetch', Array)
#1 C:\xampp1\htdocs\agenda_festa\system\CodeIgniter.php(824): App\Controllers\OperacaoSl->gestao_servicos()
#2 C:\xampp1\htdocs\agenda_festa\system\CodeIgniter.php(410): CodeIgniter\CodeIgniter->runController(Object(App\Controllers\OperacaoSl))
#3 C:\xampp1\htdocs\agenda_festa\system\CodeIgniter.php(318): CodeIgniter\CodeIgniter->handleRequest(NULL, Object(Config\Cache), false)
#4 C:\xampp1\htdocs\agenda_festa\public\index.php(37): CodeIgniter\CodeIgniter->run()
#5 C:\xampp1\htdocs\agenda_festa\system\Commands\Server\rewrite.php(43): require_once('C:\\xampp1\\htdoc...')
#6 {main}
CRITICAL - 2021-12-22 09:32:52 --> Call to undefined method CodeIgniter\Database\MySQLi\Result::get()
#0 C:\xampp1\htdocs\agenda_festa\system\CodeIgniter.php(824): App\Controllers\OperacaoSl->gestao_servicos()
#1 C:\xampp1\htdocs\agenda_festa\system\CodeIgniter.php(410): CodeIgniter\CodeIgniter->runController(Object(App\Controllers\OperacaoSl))
#2 C:\xampp1\htdocs\agenda_festa\system\CodeIgniter.php(318): CodeIgniter\CodeIgniter->handleRequest(NULL, Object(Config\Cache), false)
#3 C:\xampp1\htdocs\agenda_festa\public\index.php(37): CodeIgniter\CodeIgniter->run()
#4 C:\xampp1\htdocs\agenda_festa\system\Commands\Server\rewrite.php(43): require_once('C:\\xampp1\\htdoc...')
#5 {main}
CRITICAL - 2021-12-22 09:33:04 --> Call to undefined method CodeIgniter\Database\MySQLi\Result::getArray()
#0 C:\xampp1\htdocs\agenda_festa\system\CodeIgniter.php(824): App\Controllers\OperacaoSl->gestao_servicos()
#1 C:\xampp1\htdocs\agenda_festa\system\CodeIgniter.php(410): CodeIgniter\CodeIgniter->runController(Object(App\Controllers\OperacaoSl))
#2 C:\xampp1\htdocs\agenda_festa\system\CodeIgniter.php(318): CodeIgniter\CodeIgniter->handleRequest(NULL, Object(Config\Cache), false)
#3 C:\xampp1\htdocs\agenda_festa\public\index.php(37): CodeIgniter\CodeIgniter->run()
#4 C:\xampp1\htdocs\agenda_festa\system\Commands\Server\rewrite.php(43): require_once('C:\\xampp1\\htdoc...')
#5 {main}
CRITICAL - 2021-12-22 09:43:06 --> Illegal string offset 'nome_servico'
#0 C:\xampp1\htdocs\agenda_festa\app\Views\acesso\listar_servicos.php(29): CodeIgniter\Debug\Exceptions->errorHandler(2, 'Illegal string ...', 'C:\\xampp1\\htdoc...', 29, Array)
#1 C:\xampp1\htdocs\agenda_festa\system\View\View.php(214): include('C:\\xampp1\\htdoc...')
#2 C:\xampp1\htdocs\agenda_festa\system\View\View.php(217): CodeIgniter\View\View->CodeIgniter\View\{closure}()
#3 C:\xampp1\htdocs\agenda_festa\system\Common.php(1097): CodeIgniter\View\View->render('acesso/listar_s...', Array, true)
#4 C:\xampp1\htdocs\agenda_festa\app\Controllers\OperacaoSl.php(113): view('acesso/listar_s...', Array)
#5 C:\xampp1\htdocs\agenda_festa\system\CodeIgniter.php(824): App\Controllers\OperacaoSl->gestao_servicos()
#6 C:\xampp1\htdocs\agenda_festa\system\CodeIgniter.php(410): CodeIgniter\CodeIgniter->runController(Object(App\Controllers\OperacaoSl))
#7 C:\xampp1\htdocs\agenda_festa\system\CodeIgniter.php(318): CodeIgniter\CodeIgniter->handleRequest(NULL, Object(Config\Cache), false)
#8 C:\xampp1\htdocs\agenda_festa\public\index.php(37): CodeIgniter\CodeIgniter->run()
#9 C:\xampp1\htdocs\agenda_festa\system\Commands\Server\rewrite.php(43): require_once('C:\\xampp1\\htdoc...')
#10 {main}
CRITICAL - 2021-12-22 09:52:58 --> Call to undefined method App\Models\AddservicoModel::getAll
#0 C:\xampp1\htdocs\agenda_festa\app\Controllers\OperacaoSl.php(109): CodeIgniter\Model->__call('getAll', Array)
#1 C:\xampp1\htdocs\agenda_festa\system\CodeIgniter.php(824): App\Controllers\OperacaoSl->gestao_servicos()
#2 C:\xampp1\htdocs\agenda_festa\system\CodeIgniter.php(410): CodeIgniter\CodeIgniter->runController(Object(App\Controllers\OperacaoSl))
#3 C:\xampp1\htdocs\agenda_festa\system\CodeIgniter.php(318): CodeIgniter\CodeIgniter->handleRequest(NULL, Object(Config\Cache), false)
#4 C:\xampp1\htdocs\agenda_festa\public\index.php(37): CodeIgniter\CodeIgniter->run()
#5 C:\xampp1\htdocs\agenda_festa\system\Commands\Server\rewrite.php(43): require_once('C:\\xampp1\\htdoc...')
#6 {main}
CRITICAL - 2021-12-22 09:56:35 --> Undefined index: nome_servico
#0 C:\xampp1\htdocs\agenda_festa\app\Views\acesso\listar_servicos.php(29): CodeIgniter\Debug\Exceptions->errorHandler(8, 'Undefined index...', 'C:\\xampp1\\htdoc...', 29, Array)
#1 C:\xampp1\htdocs\agenda_festa\system\View\View.php(214): include('C:\\xampp1\\htdoc...')
#2 C:\xampp1\htdocs\agenda_festa\system\View\View.php(217): CodeIgniter\View\View->CodeIgniter\View\{closure}()
#3 C:\xampp1\htdocs\agenda_festa\system\Common.php(1097): CodeIgniter\View\View->render('acesso/listar_s...', Array, true)
#4 C:\xampp1\htdocs\agenda_festa\app\Controllers\OperacaoSl.php(113): view('acesso/listar_s...', Array)
#5 C:\xampp1\htdocs\agenda_festa\system\CodeIgniter.php(824): App\Controllers\OperacaoSl->gestao_servicos()
#6 C:\xampp1\htdocs\agenda_festa\system\CodeIgniter.php(410): CodeIgniter\CodeIgniter->runController(Object(App\Controllers\OperacaoSl))
#7 C:\xampp1\htdocs\agenda_festa\system\CodeIgniter.php(318): CodeIgniter\CodeIgniter->handleRequest(NULL, Object(Config\Cache), false)
#8 C:\xampp1\htdocs\agenda_festa\public\index.php(37): CodeIgniter\CodeIgniter->run()
#9 C:\xampp1\htdocs\agenda_festa\system\Commands\Server\rewrite.php(43): require_once('C:\\xampp1\\htdoc...')
#10 {main}
CRITICAL - 2021-12-22 10:24:37 --> Undefined index: total_servicos
#0 C:\xampp1\htdocs\agenda_festa\app\Views\acesso\header.php(339): CodeIgniter\Debug\Exceptions->errorHandler(8, 'Undefined index...', 'C:\\xampp1\\htdoc...', 339, Array)
#1 C:\xampp1\htdocs\agenda_festa\system\View\View.php(214): include('C:\\xampp1\\htdoc...')
#2 C:\xampp1\htdocs\agenda_festa\system\View\View.php(217): CodeIgniter\View\View->CodeIgniter\View\{closure}()
#3 C:\xampp1\htdocs\agenda_festa\system\Common.php(1097): CodeIgniter\View\View->render('acesso/header', Array, true)
#4 C:\xampp1\htdocs\agenda_festa\app\Controllers\OperacaoSl.php(112): view('acesso/header')
#5 C:\xampp1\htdocs\agenda_festa\system\CodeIgniter.php(824): App\Controllers\OperacaoSl->gestao_servicos()
#6 C:\xampp1\htdocs\agenda_festa\system\CodeIgniter.php(410): CodeIgniter\CodeIgniter->runController(Object(App\Controllers\OperacaoSl))
#7 C:\xampp1\htdocs\agenda_festa\system\CodeIgniter.php(318): CodeIgniter\CodeIgniter->handleRequest(NULL, Object(Config\Cache), false)
#8 C:\xampp1\htdocs\agenda_festa\public\index.php(37): CodeIgniter\CodeIgniter->run()
#9 C:\xampp1\htdocs\agenda_festa\system\Commands\Server\rewrite.php(43): require_once('C:\\xampp1\\htdoc...')
#10 {main}
CRITICAL - 2021-12-22 14:24:29 --> Undefined index: foto2
#0 C:\xampp1\htdocs\agenda_festa\app\Controllers\OperacaoSl.php(57): CodeIgniter\Debug\Exceptions->errorHandler(8, 'Undefined index...', 'C:\\xampp1\\htdoc...', 57, Array)
#1 C:\xampp1\htdocs\agenda_festa\system\CodeIgniter.php(824): App\Controllers\OperacaoSl->criar_sl()
#2 C:\xampp1\htdocs\agenda_festa\system\CodeIgniter.php(410): CodeIgniter\CodeIgniter->runController(Object(App\Controllers\OperacaoSl))
#3 C:\xampp1\htdocs\agenda_festa\system\CodeIgniter.php(318): CodeIgniter\CodeIgniter->handleRequest(NULL, Object(Config\Cache), false)
#4 C:\xampp1\htdocs\agenda_festa\public\index.php(37): CodeIgniter\CodeIgniter->run()
#5 C:\xampp1\htdocs\agenda_festa\system\Commands\Server\rewrite.php(43): require_once('C:\\xampp1\\htdoc...')
#6 {main}
ERROR - 2021-12-22 14:26:19 --> Operand should contain 1 column(s)
CRITICAL - 2021-12-22 14:26:19 --> Operand should contain 1 column(s)
#0 C:\xampp1\htdocs\agenda_festa\system\Database\MySQLi\Connection.php(292): mysqli->query('INSERT INTO `tb...', 0)
#1 C:\xampp1\htdocs\agenda_festa\system\Database\BaseConnection.php(670): CodeIgniter\Database\MySQLi\Connection->execute('INSERT INTO `tb...')
#2 C:\xampp1\htdocs\agenda_festa\system\Database\BaseConnection.php(598): CodeIgniter\Database\BaseConnection->simpleQuery('INSERT INTO `tb...')
#3 C:\xampp1\htdocs\agenda_festa\system\Database\BaseBuilder.php(1759): CodeIgniter\Database\BaseConnection->query('INSERT INTO `tb...', Array, false)
#4 C:\xampp1\htdocs\agenda_festa\system\Model.php(239): CodeIgniter\Database\BaseBuilder->insert()
#5 C:\xampp1\htdocs\agenda_festa\system\BaseModel.php(738): CodeIgniter\Model->doInsert(Array)
#6 C:\xampp1\htdocs\agenda_festa\system\Model.php(620): CodeIgniter\BaseModel->insert(Array, false)
#7 C:\xampp1\htdocs\agenda_festa\system\BaseModel.php(658): CodeIgniter\Model->insert(Array, false)
#8 C:\xampp1\htdocs\agenda_festa\app\Controllers\OperacaoSl.php(73): CodeIgniter\BaseModel->save(Array)
#9 C:\xampp1\htdocs\agenda_festa\system\CodeIgniter.php(824): App\Controllers\OperacaoSl->criar_sl()
#10 C:\xampp1\htdocs\agenda_festa\system\CodeIgniter.php(410): CodeIgniter\CodeIgniter->runController(Object(App\Controllers\OperacaoSl))
#11 C:\xampp1\htdocs\agenda_festa\system\CodeIgniter.php(318): CodeIgniter\CodeIgniter->handleRequest(NULL, Object(Config\Cache), false)
#12 C:\xampp1\htdocs\agenda_festa\public\index.php(37): CodeIgniter\CodeIgniter->run()
#13 C:\xampp1\htdocs\agenda_festa\system\Commands\Server\rewrite.php(43): require_once('C:\\xampp1\\htdoc...')
#14 {main}
ERROR - 2021-12-22 14:42:01 --> Operand should contain 1 column(s)
CRITICAL - 2021-12-22 14:42:01 --> Operand should contain 1 column(s)
#0 C:\xampp1\htdocs\agenda_festa\system\Database\MySQLi\Connection.php(292): mysqli->query('INSERT INTO `tb...', 0)
#1 C:\xampp1\htdocs\agenda_festa\system\Database\BaseConnection.php(670): CodeIgniter\Database\MySQLi\Connection->execute('INSERT INTO `tb...')
#2 C:\xampp1\htdocs\agenda_festa\system\Database\BaseConnection.php(598): CodeIgniter\Database\BaseConnection->simpleQuery('INSERT INTO `tb...')
#3 C:\xampp1\htdocs\agenda_festa\system\Database\BaseBuilder.php(1759): CodeIgniter\Database\BaseConnection->query('INSERT INTO `tb...', Array, false)
#4 C:\xampp1\htdocs\agenda_festa\system\Model.php(239): CodeIgniter\Database\BaseBuilder->insert()
#5 C:\xampp1\htdocs\agenda_festa\system\BaseModel.php(738): CodeIgniter\Model->doInsert(Array)
#6 C:\xampp1\htdocs\agenda_festa\system\Model.php(620): CodeIgniter\BaseModel->insert(Array, false)
#7 C:\xampp1\htdocs\agenda_festa\system\BaseModel.php(658): CodeIgniter\Model->insert(Array, false)
#8 C:\xampp1\htdocs\agenda_festa\app\Controllers\OperacaoSl.php(79): CodeIgniter\BaseModel->save(Array)
#9 C:\xampp1\htdocs\agenda_festa\system\CodeIgniter.php(824): App\Controllers\OperacaoSl->criar_sl()
#10 C:\xampp1\htdocs\agenda_festa\system\CodeIgniter.php(410): CodeIgniter\CodeIgniter->runController(Object(App\Controllers\OperacaoSl))
#11 C:\xampp1\htdocs\agenda_festa\system\CodeIgniter.php(318): CodeIgniter\CodeIgniter->handleRequest(NULL, Object(Config\Cache), false)
#12 C:\xampp1\htdocs\agenda_festa\public\index.php(37): CodeIgniter\CodeIgniter->run()
#13 C:\xampp1\htdocs\agenda_festa\system\Commands\Server\rewrite.php(43): require_once('C:\\xampp1\\htdoc...')
#14 {main}
ERROR - 2021-12-22 14:44:37 --> Operand should contain 1 column(s)
CRITICAL - 2021-12-22 14:44:37 --> Operand should contain 1 column(s)
#0 C:\xampp1\htdocs\agenda_festa\system\Database\MySQLi\Connection.php(292): mysqli->query('INSERT INTO `tb...', 0)
#1 C:\xampp1\htdocs\agenda_festa\system\Database\BaseConnection.php(670): CodeIgniter\Database\MySQLi\Connection->execute('INSERT INTO `tb...')
#2 C:\xampp1\htdocs\agenda_festa\system\Database\BaseConnection.php(598): CodeIgniter\Database\BaseConnection->simpleQuery('INSERT INTO `tb...')
#3 C:\xampp1\htdocs\agenda_festa\system\Database\BaseBuilder.php(1759): CodeIgniter\Database\BaseConnection->query('INSERT INTO `tb...', Array, false)
#4 C:\xampp1\htdocs\agenda_festa\system\Model.php(239): CodeIgniter\Database\BaseBuilder->insert()
#5 C:\xampp1\htdocs\agenda_festa\system\BaseModel.php(738): CodeIgniter\Model->doInsert(Array)
#6 C:\xampp1\htdocs\agenda_festa\system\Model.php(620): CodeIgniter\BaseModel->insert(Array, false)
#7 C:\xampp1\htdocs\agenda_festa\system\BaseModel.php(658): CodeIgniter\Model->insert(Array, false)
#8 C:\xampp1\htdocs\agenda_festa\app\Controllers\OperacaoSl.php(79): CodeIgniter\BaseModel->save(Array)
#9 C:\xampp1\htdocs\agenda_festa\system\CodeIgniter.php(824): App\Controllers\OperacaoSl->criar_sl()
#10 C:\xampp1\htdocs\agenda_festa\system\CodeIgniter.php(410): CodeIgniter\CodeIgniter->runController(Object(App\Controllers\OperacaoSl))
#11 C:\xampp1\htdocs\agenda_festa\system\CodeIgniter.php(318): CodeIgniter\CodeIgniter->handleRequest(NULL, Object(Config\Cache), false)
#12 C:\xampp1\htdocs\agenda_festa\public\index.php(37): CodeIgniter\CodeIgniter->run()
#13 C:\xampp1\htdocs\agenda_festa\system\Commands\Server\rewrite.php(43): require_once('C:\\xampp1\\htdoc...')
#14 {main}
ERROR - 2021-12-22 14:47:14 --> Operand should contain 1 column(s)
CRITICAL - 2021-12-22 14:47:14 --> Operand should contain 1 column(s)
#0 C:\xampp1\htdocs\agenda_festa\system\Database\MySQLi\Connection.php(292): mysqli->query('INSERT INTO `tb...', 0)
#1 C:\xampp1\htdocs\agenda_festa\system\Database\BaseConnection.php(670): CodeIgniter\Database\MySQLi\Connection->execute('INSERT INTO `tb...')
#2 C:\xampp1\htdocs\agenda_festa\system\Database\BaseConnection.php(598): CodeIgniter\Database\BaseConnection->simpleQuery('INSERT INTO `tb...')
#3 C:\xampp1\htdocs\agenda_festa\system\Database\BaseBuilder.php(1759): CodeIgniter\Database\BaseConnection->query('INSERT INTO `tb...', Array, false)
#4 C:\xampp1\htdocs\agenda_festa\system\Model.php(239): CodeIgniter\Database\BaseBuilder->insert()
#5 C:\xampp1\htdocs\agenda_festa\system\BaseModel.php(738): CodeIgniter\Model->doInsert(Array)
#6 C:\xampp1\htdocs\agenda_festa\system\Model.php(620): CodeIgniter\BaseModel->insert(Array, false)
#7 C:\xampp1\htdocs\agenda_festa\system\BaseModel.php(658): CodeIgniter\Model->insert(Array, false)
#8 C:\xampp1\htdocs\agenda_festa\app\Controllers\OperacaoSl.php(79): CodeIgniter\BaseModel->save(Array)
#9 C:\xampp1\htdocs\agenda_festa\system\CodeIgniter.php(824): App\Controllers\OperacaoSl->criar_sl()
#10 C:\xampp1\htdocs\agenda_festa\system\CodeIgniter.php(410): CodeIgniter\CodeIgniter->runController(Object(App\Controllers\OperacaoSl))
#11 C:\xampp1\htdocs\agenda_festa\system\CodeIgniter.php(318): CodeIgniter\CodeIgniter->handleRequest(NULL, Object(Config\Cache), false)
#12 C:\xampp1\htdocs\agenda_festa\public\index.php(37): CodeIgniter\CodeIgniter->run()
#13 C:\xampp1\htdocs\agenda_festa\system\Commands\Server\rewrite.php(43): require_once('C:\\xampp1\\htdoc...')
#14 {main}
ERROR - 2021-12-22 14:55:06 --> Operand should contain 1 column(s)
CRITICAL - 2021-12-22 14:55:06 --> Operand should contain 1 column(s)
#0 C:\xampp1\htdocs\agenda_festa\system\Database\MySQLi\Connection.php(292): mysqli->query('INSERT INTO `tb...', 0)
#1 C:\xampp1\htdocs\agenda_festa\system\Database\BaseConnection.php(670): CodeIgniter\Database\MySQLi\Connection->execute('INSERT INTO `tb...')
#2 C:\xampp1\htdocs\agenda_festa\system\Database\BaseConnection.php(598): CodeIgniter\Database\BaseConnection->simpleQuery('INSERT INTO `tb...')
#3 C:\xampp1\htdocs\agenda_festa\system\Database\BaseBuilder.php(1759): CodeIgniter\Database\BaseConnection->query('INSERT INTO `tb...', Array, false)
#4 C:\xampp1\htdocs\agenda_festa\system\Model.php(239): CodeIgniter\Database\BaseBuilder->insert()
#5 C:\xampp1\htdocs\agenda_festa\system\BaseModel.php(738): CodeIgniter\Model->doInsert(Array)
#6 C:\xampp1\htdocs\agenda_festa\system\Model.php(620): CodeIgniter\BaseModel->insert(Array, false)
#7 C:\xampp1\htdocs\agenda_festa\system\BaseModel.php(658): CodeIgniter\Model->insert(Array, false)
#8 C:\xampp1\htdocs\agenda_festa\app\Controllers\OperacaoSl.php(86): CodeIgniter\BaseModel->save(Array)
#9 C:\xampp1\htdocs\agenda_festa\system\CodeIgniter.php(824): App\Controllers\OperacaoSl->criar_sl()
#10 C:\xampp1\htdocs\agenda_festa\system\CodeIgniter.php(410): CodeIgniter\CodeIgniter->runController(Object(App\Controllers\OperacaoSl))
#11 C:\xampp1\htdocs\agenda_festa\system\CodeIgniter.php(318): CodeIgniter\CodeIgniter->handleRequest(NULL, Object(Config\Cache), false)
#12 C:\xampp1\htdocs\agenda_festa\public\index.php(37): CodeIgniter\CodeIgniter->run()
#13 C:\xampp1\htdocs\agenda_festa\system\Commands\Server\rewrite.php(43): require_once('C:\\xampp1\\htdoc...')
#14 {main}
ERROR - 2021-12-22 14:55:40 --> Operand should contain 1 column(s)
CRITICAL - 2021-12-22 14:55:40 --> Operand should contain 1 column(s)
#0 C:\xampp1\htdocs\agenda_festa\system\Database\MySQLi\Connection.php(292): mysqli->query('INSERT INTO `tb...', 0)
#1 C:\xampp1\htdocs\agenda_festa\system\Database\BaseConnection.php(670): CodeIgniter\Database\MySQLi\Connection->execute('INSERT INTO `tb...')
#2 C:\xampp1\htdocs\agenda_festa\system\Database\BaseConnection.php(598): CodeIgniter\Database\BaseConnection->simpleQuery('INSERT INTO `tb...')
#3 C:\xampp1\htdocs\agenda_festa\system\Database\BaseBuilder.php(1759): CodeIgniter\Database\BaseConnection->query('INSERT INTO `tb...', Array, false)
#4 C:\xampp1\htdocs\agenda_festa\system\Model.php(239): CodeIgniter\Database\BaseBuilder->insert()
#5 C:\xampp1\htdocs\agenda_festa\system\BaseModel.php(738): CodeIgniter\Model->doInsert(Array)
#6 C:\xampp1\htdocs\agenda_festa\system\Model.php(620): CodeIgniter\BaseModel->insert(Array, false)
#7 C:\xampp1\htdocs\agenda_festa\system\BaseModel.php(658): CodeIgniter\Model->insert(Array, false)
#8 C:\xampp1\htdocs\agenda_festa\app\Controllers\OperacaoSl.php(86): CodeIgniter\BaseModel->save(Array)
#9 C:\xampp1\htdocs\agenda_festa\system\CodeIgniter.php(824): App\Controllers\OperacaoSl->criar_sl()
#10 C:\xampp1\htdocs\agenda_festa\system\CodeIgniter.php(410): CodeIgniter\CodeIgniter->runController(Object(App\Controllers\OperacaoSl))
#11 C:\xampp1\htdocs\agenda_festa\system\CodeIgniter.php(318): CodeIgniter\CodeIgniter->handleRequest(NULL, Object(Config\Cache), false)
#12 C:\xampp1\htdocs\agenda_festa\public\index.php(37): CodeIgniter\CodeIgniter->run()
#13 C:\xampp1\htdocs\agenda_festa\system\Commands\Server\rewrite.php(43): require_once('C:\\xampp1\\htdoc...')
#14 {main}
CRITICAL - 2021-12-22 15:19:28 --> Undefined property: App\Controllers\Inicio::$AddservicoModel
#0 C:\xampp1\htdocs\agenda_festa\app\Controllers\Inicio.php(24): CodeIgniter\Debug\Exceptions->errorHandler(8, 'Undefined prope...', 'C:\\xampp1\\htdoc...', 24, Array)
#1 C:\xampp1\htdocs\agenda_festa\system\CodeIgniter.php(824): App\Controllers\Inicio->index()
#2 C:\xampp1\htdocs\agenda_festa\system\CodeIgniter.php(410): CodeIgniter\CodeIgniter->runController(Object(App\Controllers\Inicio))
#3 C:\xampp1\htdocs\agenda_festa\system\CodeIgniter.php(318): CodeIgniter\CodeIgniter->handleRequest(NULL, Object(Config\Cache), false)
#4 C:\xampp1\htdocs\agenda_festa\public\index.php(37): CodeIgniter\CodeIgniter->run()
#5 C:\xampp1\htdocs\agenda_festa\system\Commands\Server\rewrite.php(43): require_once('C:\\xampp1\\htdoc...')
#6 {main}
CRITICAL - 2021-12-22 15:38:45 --> Undefined index: id
#0 C:\xampp1\htdocs\agenda_festa\app\Controllers\Index.php(30): CodeIgniter\Debug\Exceptions->errorHandler(8, 'Undefined index...', 'C:\\xampp1\\htdoc...', 30, Array)
#1 C:\xampp1\htdocs\agenda_festa\system\CodeIgniter.php(801): App\Controllers\Index->__construct()
#2 C:\xampp1\htdocs\agenda_festa\system\CodeIgniter.php(401): CodeIgniter\CodeIgniter->createController()
#3 C:\xampp1\htdocs\agenda_festa\system\CodeIgniter.php(318): CodeIgniter\CodeIgniter->handleRequest(NULL, Object(Config\Cache), false)
#4 C:\xampp1\htdocs\agenda_festa\public\index.php(37): CodeIgniter\CodeIgniter->run()
#5 C:\xampp1\htdocs\agenda_festa\system\Commands\Server\rewrite.php(43): require_once('C:\\xampp1\\htdoc...')
#6 {main}
CRITICAL - 2021-12-22 15:42:09 --> Undefined property: App\Controllers\Index::$AddservicoModel
#0 C:\xampp1\htdocs\agenda_festa\app\Controllers\Index.php(30): CodeIgniter\Debug\Exceptions->errorHandler(8, 'Undefined prope...', 'C:\\xampp1\\htdoc...', 30, Array)
#1 C:\xampp1\htdocs\agenda_festa\system\CodeIgniter.php(801): App\Controllers\Index->__construct()
#2 C:\xampp1\htdocs\agenda_festa\system\CodeIgniter.php(401): CodeIgniter\CodeIgniter->createController()
#3 C:\xampp1\htdocs\agenda_festa\system\CodeIgniter.php(318): CodeIgniter\CodeIgniter->handleRequest(NULL, Object(Config\Cache), false)
#4 C:\xampp1\htdocs\agenda_festa\public\index.php(37): CodeIgniter\CodeIgniter->run()
#5 C:\xampp1\htdocs\agenda_festa\system\Commands\Server\rewrite.php(43): require_once('C:\\xampp1\\htdoc...')
#6 {main}
CRITICAL - 2021-12-22 15:50:18 --> Undefined property: App\Controllers\AuthController::$AddservicoModel
#0 C:\xampp1\htdocs\agenda_festa\app\Controllers\AuthController.php(33): CodeIgniter\Debug\Exceptions->errorHandler(8, 'Undefined prope...', 'C:\\xampp1\\htdoc...', 33, Array)
#1 C:\xampp1\htdocs\agenda_festa\system\CodeIgniter.php(824): App\Controllers\AuthController->autenticar()
#2 C:\xampp1\htdocs\agenda_festa\system\CodeIgniter.php(410): CodeIgniter\CodeIgniter->runController(Object(App\Controllers\AuthController))
#3 C:\xampp1\htdocs\agenda_festa\system\CodeIgniter.php(318): CodeIgniter\CodeIgniter->handleRequest(NULL, Object(Config\Cache), false)
#4 C:\xampp1\htdocs\agenda_festa\public\index.php(37): CodeIgniter\CodeIgniter->run()
#5 C:\xampp1\htdocs\agenda_festa\system\Commands\Server\rewrite.php(43): require_once('C:\\xampp1\\htdoc...')
#6 {main}
CRITICAL - 2021-12-22 15:50:59 --> Undefined variable: dados
#0 C:\xampp1\htdocs\agenda_festa\app\Views\acesso\inicio_clit.php(8): CodeIgniter\Debug\Exceptions->errorHandler(8, 'Undefined varia...', 'C:\\xampp1\\htdoc...', 8, Array)
#1 C:\xampp1\htdocs\agenda_festa\system\View\View.php(214): include('C:\\xampp1\\htdoc...')
#2 C:\xampp1\htdocs\agenda_festa\system\View\View.php(217): CodeIgniter\View\View->CodeIgniter\View\{closure}()
#3 C:\xampp1\htdocs\agenda_festa\system\Common.php(1097): CodeIgniter\View\View->render('acesso/inicio_c...', Array, true)
#4 C:\xampp1\htdocs\agenda_festa\app\Controllers\Inicio.php(46): view('acesso/inicio_c...', Array)
#5 C:\xampp1\htdocs\agenda_festa\system\CodeIgniter.php(824): App\Controllers\Inicio->index()
#6 C:\xampp1\htdocs\agenda_festa\system\CodeIgniter.php(410): CodeIgniter\CodeIgniter->runController(Object(App\Controllers\Inicio))
#7 C:\xampp1\htdocs\agenda_festa\system\CodeIgniter.php(318): CodeIgniter\CodeIgniter->handleRequest(NULL, Object(Config\Cache), false)
#8 C:\xampp1\htdocs\agenda_festa\public\index.php(37): CodeIgniter\CodeIgniter->run()
#9 C:\xampp1\htdocs\agenda_festa\system\Commands\Server\rewrite.php(43): require_once('C:\\xampp1\\htdoc...')
#10 {main}
