CRITICAL - 2022-01-03 01:43:09 --> Undefined index: id_salao
#0 C:\xampp1\htdocs\agenda_festa\app\Controllers\OperacaoSl.php(206): CodeIgniter\Debug\Exceptions->errorHandler(8, 'Undefined index...', 'C:\\xampp1\\htdoc...', 206, Array)
#1 C:\xampp1\htdocs\agenda_festa\system\CodeIgniter.php(824): App\Controllers\OperacaoSl->detalhes_sl('img', 'favicon.ico')
#2 C:\xampp1\htdocs\agenda_festa\system\CodeIgniter.php(410): CodeIgniter\CodeIgniter->runController(Object(App\Controllers\OperacaoSl))
#3 C:\xampp1\htdocs\agenda_festa\system\CodeIgniter.php(318): CodeIgniter\CodeIgniter->handleRequest(NULL, Object(Config\Cache), false)
#4 C:\xampp1\htdocs\agenda_festa\public\index.php(37): CodeIgniter\CodeIgniter->run()
#5 C:\xampp1\htdocs\agenda_festa\system\Commands\Server\rewrite.php(43): require_once('C:\\xampp1\\htdoc...')
#6 {main}
CRITICAL - 2022-01-03 16:24:36 --> The framework needs the following extension(s) installed and loaded: intl.
#0 C:\xampp\htdocs\siges\system\CodeIgniter.php(219): CodeIgniter\Exceptions\FrameworkException::forMissingExtension('intl')
#1 C:\xampp\htdocs\siges\system\CodeIgniter.php(177): CodeIgniter\CodeIgniter->resolvePlatformExtensions()
#2 C:\xampp\htdocs\siges\system\bootstrap.php(146): CodeIgniter\CodeIgniter->initialize()
#3 C:\xampp\htdocs\siges\spark(45): require('C:\\xampp\\htdocs...')
#4 {main}
CRITICAL - 2022-01-03 16:24:46 --> The framework needs the following extension(s) installed and loaded: intl.
#0 C:\xampp\htdocs\siges\system\CodeIgniter.php(219): CodeIgniter\Exceptions\FrameworkException::forMissingExtension('intl')
#1 C:\xampp\htdocs\siges\system\CodeIgniter.php(177): CodeIgniter\CodeIgniter->resolvePlatformExtensions()
#2 C:\xampp\htdocs\siges\system\bootstrap.php(146): CodeIgniter\CodeIgniter->initialize()
#3 C:\xampp\htdocs\siges\spark(45): require('C:\\xampp\\htdocs...')
#4 {main}
ERROR - 2022-01-03 09:28:05 --> Error connecting to the database: Unknown database 'bd_agenda_salao'
CRITICAL - 2022-01-03 09:28:05 --> Unable to connect to the database.
Main connection [MySQLi]: Unknown database 'bd_agenda_salao'
#0 C:\xampp\htdocs\siges\system\Database\BaseConnection.php(577): CodeIgniter\Database\BaseConnection->initialize()
#1 C:\xampp\htdocs\siges\system\Model.php(721): CodeIgniter\Database\BaseConnection->query('SELECT * FROM t...')
#2 C:\xampp\htdocs\siges\app\Controllers\Index.php(32): CodeIgniter\Model->__call('query', Array)
#3 C:\xampp\htdocs\siges\system\CodeIgniter.php(801): App\Controllers\Index->__construct()
#4 C:\xampp\htdocs\siges\system\CodeIgniter.php(401): CodeIgniter\CodeIgniter->createController()
#5 C:\xampp\htdocs\siges\system\CodeIgniter.php(318): CodeIgniter\CodeIgniter->handleRequest(NULL, Object(Config\Cache), false)
#6 C:\xampp\htdocs\siges\public\index.php(37): CodeIgniter\CodeIgniter->run()
#7 C:\xampp\htdocs\siges\system\Commands\Server\rewrite.php(43): require_once('C:\\xampp\\htdocs...')
#8 {main}
CRITICAL - 2022-01-03 09:33:01 --> Undefined index: id_salao
#0 C:\xampp\htdocs\siges\app\Controllers\OperacaoSl.php(174): CodeIgniter\Debug\Exceptions->errorHandler(8, 'Undefined index...', 'C:\\xampp\\htdocs...', 174, Array)
#1 C:\xampp\htdocs\siges\system\CodeIgniter.php(824): App\Controllers\OperacaoSl->detalhes_sl('img', 'favicon.ico')
#2 C:\xampp\htdocs\siges\system\CodeIgniter.php(410): CodeIgniter\CodeIgniter->runController(Object(App\Controllers\OperacaoSl))
#3 C:\xampp\htdocs\siges\system\CodeIgniter.php(318): CodeIgniter\CodeIgniter->handleRequest(NULL, Object(Config\Cache), false)
#4 C:\xampp\htdocs\siges\public\index.php(37): CodeIgniter\CodeIgniter->run()
#5 C:\xampp\htdocs\siges\system\Commands\Server\rewrite.php(43): require_once('C:\\xampp\\htdocs...')
#6 {main}
CRITICAL - 2022-01-03 09:33:11 --> Undefined index: id_salao
#0 C:\xampp\htdocs\siges\app\Controllers\OperacaoSl.php(174): CodeIgniter\Debug\Exceptions->errorHandler(8, 'Undefined index...', 'C:\\xampp\\htdocs...', 174, Array)
#1 C:\xampp\htdocs\siges\system\CodeIgniter.php(824): App\Controllers\OperacaoSl->detalhes_sl('img', 'favicon.ico')
#2 C:\xampp\htdocs\siges\system\CodeIgniter.php(410): CodeIgniter\CodeIgniter->runController(Object(App\Controllers\OperacaoSl))
#3 C:\xampp\htdocs\siges\system\CodeIgniter.php(318): CodeIgniter\CodeIgniter->handleRequest(NULL, Object(Config\Cache), false)
#4 C:\xampp\htdocs\siges\public\index.php(37): CodeIgniter\CodeIgniter->run()
#5 C:\xampp\htdocs\siges\system\Commands\Server\rewrite.php(43): require_once('C:\\xampp\\htdocs...')
#6 {main}
CRITICAL - 2022-01-03 09:36:57 --> Undefined index: id_salao
#0 C:\xampp\htdocs\siges\app\Controllers\OperacaoSl.php(174): CodeIgniter\Debug\Exceptions->errorHandler(8, 'Undefined index...', 'C:\\xampp\\htdocs...', 174, Array)
#1 C:\xampp\htdocs\siges\system\CodeIgniter.php(824): App\Controllers\OperacaoSl->detalhes_sl('img', 'favicon.ico')
#2 C:\xampp\htdocs\siges\system\CodeIgniter.php(410): CodeIgniter\CodeIgniter->runController(Object(App\Controllers\OperacaoSl))
#3 C:\xampp\htdocs\siges\system\CodeIgniter.php(318): CodeIgniter\CodeIgniter->handleRequest(NULL, Object(Config\Cache), false)
#4 C:\xampp\htdocs\siges\public\index.php(37): CodeIgniter\CodeIgniter->run()
#5 C:\xampp\htdocs\siges\system\Commands\Server\rewrite.php(43): require_once('C:\\xampp\\htdocs...')
#6 {main}
CRITICAL - 2022-01-03 09:37:30 --> Undefined index: id_salao
#0 C:\xampp\htdocs\siges\app\Controllers\OperacaoSl.php(174): CodeIgniter\Debug\Exceptions->errorHandler(8, 'Undefined index...', 'C:\\xampp\\htdocs...', 174, Array)
#1 C:\xampp\htdocs\siges\system\CodeIgniter.php(824): App\Controllers\OperacaoSl->detalhes_sl('img', 'favicon.ico')
#2 C:\xampp\htdocs\siges\system\CodeIgniter.php(410): CodeIgniter\CodeIgniter->runController(Object(App\Controllers\OperacaoSl))
#3 C:\xampp\htdocs\siges\system\CodeIgniter.php(318): CodeIgniter\CodeIgniter->handleRequest(NULL, Object(Config\Cache), false)
#4 C:\xampp\htdocs\siges\public\index.php(37): CodeIgniter\CodeIgniter->run()
#5 C:\xampp\htdocs\siges\system\Commands\Server\rewrite.php(43): require_once('C:\\xampp\\htdocs...')
#6 {main}
CRITICAL - 2022-01-03 09:37:42 --> Undefined index: id_salao
#0 C:\xampp\htdocs\siges\app\Controllers\OperacaoSl.php(174): CodeIgniter\Debug\Exceptions->errorHandler(8, 'Undefined index...', 'C:\\xampp\\htdocs...', 174, Array)
#1 C:\xampp\htdocs\siges\system\CodeIgniter.php(824): App\Controllers\OperacaoSl->detalhes_sl('img', 'favicon.ico')
#2 C:\xampp\htdocs\siges\system\CodeIgniter.php(410): CodeIgniter\CodeIgniter->runController(Object(App\Controllers\OperacaoSl))
#3 C:\xampp\htdocs\siges\system\CodeIgniter.php(318): CodeIgniter\CodeIgniter->handleRequest(NULL, Object(Config\Cache), false)
#4 C:\xampp\htdocs\siges\public\index.php(37): CodeIgniter\CodeIgniter->run()
#5 C:\xampp\htdocs\siges\system\Commands\Server\rewrite.php(43): require_once('C:\\xampp\\htdocs...')
#6 {main}
CRITICAL - 2022-01-03 09:37:47 --> Undefined index: id_salao
#0 C:\xampp\htdocs\siges\app\Controllers\OperacaoSl.php(174): CodeIgniter\Debug\Exceptions->errorHandler(8, 'Undefined index...', 'C:\\xampp\\htdocs...', 174, Array)
#1 C:\xampp\htdocs\siges\system\CodeIgniter.php(824): App\Controllers\OperacaoSl->detalhes_sl('img', 'favicon.ico')
#2 C:\xampp\htdocs\siges\system\CodeIgniter.php(410): CodeIgniter\CodeIgniter->runController(Object(App\Controllers\OperacaoSl))
#3 C:\xampp\htdocs\siges\system\CodeIgniter.php(318): CodeIgniter\CodeIgniter->handleRequest(NULL, Object(Config\Cache), false)
#4 C:\xampp\htdocs\siges\public\index.php(37): CodeIgniter\CodeIgniter->run()
#5 C:\xampp\htdocs\siges\system\Commands\Server\rewrite.php(43): require_once('C:\\xampp\\htdocs...')
#6 {main}
CRITICAL - 2022-01-03 09:38:09 --> Undefined index: id_salao
#0 C:\xampp\htdocs\siges\app\Controllers\OperacaoSl.php(174): CodeIgniter\Debug\Exceptions->errorHandler(8, 'Undefined index...', 'C:\\xampp\\htdocs...', 174, Array)
#1 C:\xampp\htdocs\siges\system\CodeIgniter.php(824): App\Controllers\OperacaoSl->detalhes_sl('img', 'favicon.ico')
#2 C:\xampp\htdocs\siges\system\CodeIgniter.php(410): CodeIgniter\CodeIgniter->runController(Object(App\Controllers\OperacaoSl))
#3 C:\xampp\htdocs\siges\system\CodeIgniter.php(318): CodeIgniter\CodeIgniter->handleRequest(NULL, Object(Config\Cache), false)
#4 C:\xampp\htdocs\siges\public\index.php(37): CodeIgniter\CodeIgniter->run()
#5 C:\xampp\htdocs\siges\system\Commands\Server\rewrite.php(43): require_once('C:\\xampp\\htdocs...')
#6 {main}
CRITICAL - 2022-01-03 09:38:56 --> Undefined index: id_salao
#0 C:\xampp\htdocs\siges\app\Controllers\OperacaoSl.php(174): CodeIgniter\Debug\Exceptions->errorHandler(8, 'Undefined index...', 'C:\\xampp\\htdocs...', 174, Array)
#1 C:\xampp\htdocs\siges\system\CodeIgniter.php(824): App\Controllers\OperacaoSl->detalhes_sl('img', 'favicon.ico')
#2 C:\xampp\htdocs\siges\system\CodeIgniter.php(410): CodeIgniter\CodeIgniter->runController(Object(App\Controllers\OperacaoSl))
#3 C:\xampp\htdocs\siges\system\CodeIgniter.php(318): CodeIgniter\CodeIgniter->handleRequest(NULL, Object(Config\Cache), false)
#4 C:\xampp\htdocs\siges\public\index.php(37): CodeIgniter\CodeIgniter->run()
#5 C:\xampp\htdocs\siges\system\Commands\Server\rewrite.php(43): require_once('C:\\xampp\\htdocs...')
#6 {main}
CRITICAL - 2022-01-03 09:41:04 --> Undefined index: id_salao
#0 C:\xampp\htdocs\siges\app\Controllers\OperacaoSl.php(174): CodeIgniter\Debug\Exceptions->errorHandler(8, 'Undefined index...', 'C:\\xampp\\htdocs...', 174, Array)
#1 C:\xampp\htdocs\siges\system\CodeIgniter.php(824): App\Controllers\OperacaoSl->detalhes_sl('img', 'favicon.ico')
#2 C:\xampp\htdocs\siges\system\CodeIgniter.php(410): CodeIgniter\CodeIgniter->runController(Object(App\Controllers\OperacaoSl))
#3 C:\xampp\htdocs\siges\system\CodeIgniter.php(318): CodeIgniter\CodeIgniter->handleRequest(NULL, Object(Config\Cache), false)
#4 C:\xampp\htdocs\siges\public\index.php(37): CodeIgniter\CodeIgniter->run()
#5 C:\xampp\htdocs\siges\system\Commands\Server\rewrite.php(43): require_once('C:\\xampp\\htdocs...')
#6 {main}
CRITICAL - 2022-01-03 09:43:20 --> Undefined index: id_salao
#0 C:\xampp\htdocs\siges\app\Controllers\OperacaoSl.php(174): CodeIgniter\Debug\Exceptions->errorHandler(8, 'Undefined index...', 'C:\\xampp\\htdocs...', 174, Array)
#1 C:\xampp\htdocs\siges\system\CodeIgniter.php(824): App\Controllers\OperacaoSl->detalhes_sl('img', 'favicon.ico')
#2 C:\xampp\htdocs\siges\system\CodeIgniter.php(410): CodeIgniter\CodeIgniter->runController(Object(App\Controllers\OperacaoSl))
#3 C:\xampp\htdocs\siges\system\CodeIgniter.php(318): CodeIgniter\CodeIgniter->handleRequest(NULL, Object(Config\Cache), false)
#4 C:\xampp\htdocs\siges\public\index.php(37): CodeIgniter\CodeIgniter->run()
#5 C:\xampp\htdocs\siges\system\Commands\Server\rewrite.php(43): require_once('C:\\xampp\\htdocs...')
#6 {main}
CRITICAL - 2022-01-03 09:43:33 --> Undefined index: id_salao
#0 C:\xampp\htdocs\siges\app\Controllers\OperacaoSl.php(174): CodeIgniter\Debug\Exceptions->errorHandler(8, 'Undefined index...', 'C:\\xampp\\htdocs...', 174, Array)
#1 C:\xampp\htdocs\siges\system\CodeIgniter.php(824): App\Controllers\OperacaoSl->detalhes_sl('img', 'favicon.ico')
#2 C:\xampp\htdocs\siges\system\CodeIgniter.php(410): CodeIgniter\CodeIgniter->runController(Object(App\Controllers\OperacaoSl))
#3 C:\xampp\htdocs\siges\system\CodeIgniter.php(318): CodeIgniter\CodeIgniter->handleRequest(NULL, Object(Config\Cache), false)
#4 C:\xampp\htdocs\siges\public\index.php(37): CodeIgniter\CodeIgniter->run()
#5 C:\xampp\htdocs\siges\system\Commands\Server\rewrite.php(43): require_once('C:\\xampp\\htdocs...')
#6 {main}
CRITICAL - 2022-01-03 11:42:52 --> Undefined index: id_salao
#0 C:\xampp\htdocs\siges\app\Controllers\OperacaoSl.php(174): CodeIgniter\Debug\Exceptions->errorHandler(8, 'Undefined index...', 'C:\\xampp\\htdocs...', 174, Array)
#1 C:\xampp\htdocs\siges\system\CodeIgniter.php(824): App\Controllers\OperacaoSl->detalhes_sl('img', 'favicon.ico')
#2 C:\xampp\htdocs\siges\system\CodeIgniter.php(410): CodeIgniter\CodeIgniter->runController(Object(App\Controllers\OperacaoSl))
#3 C:\xampp\htdocs\siges\system\CodeIgniter.php(318): CodeIgniter\CodeIgniter->handleRequest(NULL, Object(Config\Cache), false)
#4 C:\xampp\htdocs\siges\public\index.php(37): CodeIgniter\CodeIgniter->run()
#5 C:\xampp\htdocs\siges\system\Commands\Server\rewrite.php(43): require_once('C:\\xampp\\htdocs...')
#6 {main}
CRITICAL - 2022-01-03 17:58:11 --> Undefined index: id_salao
#0 C:\xampp\htdocs\siges\app\Controllers\OperacaoSl.php(176): CodeIgniter\Debug\Exceptions->errorHandler(8, 'Undefined index...', 'C:\\xampp\\htdocs...', 176, Array)
#1 C:\xampp\htdocs\siges\system\CodeIgniter.php(824): App\Controllers\OperacaoSl->detalhes_sl('img', 'favicon.ico')
#2 C:\xampp\htdocs\siges\system\CodeIgniter.php(410): CodeIgniter\CodeIgniter->runController(Object(App\Controllers\OperacaoSl))
#3 C:\xampp\htdocs\siges\system\CodeIgniter.php(318): CodeIgniter\CodeIgniter->handleRequest(NULL, Object(Config\Cache), false)
#4 C:\xampp\htdocs\siges\public\index.php(37): CodeIgniter\CodeIgniter->run()
#5 C:\xampp\htdocs\siges\system\Commands\Server\rewrite.php(43): require_once('C:\\xampp\\htdocs...')
#6 {main}
CRITICAL - 2022-01-03 18:22:02 --> Undefined property: App\Controllers\Inicio::$AddservicoModel
#0 C:\xampp\htdocs\siges\app\Controllers\Inicio.php(33): CodeIgniter\Debug\Exceptions->errorHandler(8, 'Undefined prope...', 'C:\\xampp\\htdocs...', 33, Array)
#1 C:\xampp\htdocs\siges\system\CodeIgniter.php(824): App\Controllers\Inicio->index()
#2 C:\xampp\htdocs\siges\system\CodeIgniter.php(410): CodeIgniter\CodeIgniter->runController(Object(App\Controllers\Inicio))
#3 C:\xampp\htdocs\siges\system\CodeIgniter.php(318): CodeIgniter\CodeIgniter->handleRequest(NULL, Object(Config\Cache), false)
#4 C:\xampp\htdocs\siges\public\index.php(37): CodeIgniter\CodeIgniter->run()
#5 C:\xampp\htdocs\siges\system\Commands\Server\rewrite.php(43): require_once('C:\\xampp\\htdocs...')
#6 {main}
CRITICAL - 2022-01-03 18:23:03 --> Undefined property: App\Controllers\Inicio::$AddservicoModel
#0 C:\xampp\htdocs\siges\app\Controllers\Inicio.php(33): CodeIgniter\Debug\Exceptions->errorHandler(8, 'Undefined prope...', 'C:\\xampp\\htdocs...', 33, Array)
#1 C:\xampp\htdocs\siges\system\CodeIgniter.php(824): App\Controllers\Inicio->index()
#2 C:\xampp\htdocs\siges\system\CodeIgniter.php(410): CodeIgniter\CodeIgniter->runController(Object(App\Controllers\Inicio))
#3 C:\xampp\htdocs\siges\system\CodeIgniter.php(318): CodeIgniter\CodeIgniter->handleRequest(NULL, Object(Config\Cache), false)
#4 C:\xampp\htdocs\siges\public\index.php(37): CodeIgniter\CodeIgniter->run()
#5 C:\xampp\htdocs\siges\system\Commands\Server\rewrite.php(43): require_once('C:\\xampp\\htdocs...')
#6 {main}
CRITICAL - 2022-01-03 18:23:08 --> Undefined property: App\Controllers\Inicio::$AddservicoModel
#0 C:\xampp\htdocs\siges\app\Controllers\Inicio.php(33): CodeIgniter\Debug\Exceptions->errorHandler(8, 'Undefined prope...', 'C:\\xampp\\htdocs...', 33, Array)
#1 C:\xampp\htdocs\siges\system\CodeIgniter.php(824): App\Controllers\Inicio->index()
#2 C:\xampp\htdocs\siges\system\CodeIgniter.php(410): CodeIgniter\CodeIgniter->runController(Object(App\Controllers\Inicio))
#3 C:\xampp\htdocs\siges\system\CodeIgniter.php(318): CodeIgniter\CodeIgniter->handleRequest(NULL, Object(Config\Cache), false)
#4 C:\xampp\htdocs\siges\public\index.php(37): CodeIgniter\CodeIgniter->run()
#5 C:\xampp\htdocs\siges\system\Commands\Server\rewrite.php(43): require_once('C:\\xampp\\htdocs...')
#6 {main}
CRITICAL - 2022-01-03 18:23:40 --> Undefined index: id_salao
#0 C:\xampp\htdocs\siges\app\Controllers\OperacaoSl.php(176): CodeIgniter\Debug\Exceptions->errorHandler(8, 'Undefined index...', 'C:\\xampp\\htdocs...', 176, Array)
#1 C:\xampp\htdocs\siges\system\CodeIgniter.php(824): App\Controllers\OperacaoSl->detalhes_sl('img', 'favicon.ico')
#2 C:\xampp\htdocs\siges\system\CodeIgniter.php(410): CodeIgniter\CodeIgniter->runController(Object(App\Controllers\OperacaoSl))
#3 C:\xampp\htdocs\siges\system\CodeIgniter.php(318): CodeIgniter\CodeIgniter->handleRequest(NULL, Object(Config\Cache), false)
#4 C:\xampp\htdocs\siges\public\index.php(37): CodeIgniter\CodeIgniter->run()
#5 C:\xampp\htdocs\siges\system\Commands\Server\rewrite.php(43): require_once('C:\\xampp\\htdocs...')
#6 {main}
CRITICAL - 2022-01-03 18:29:24 --> Undefined index: id_salao
#0 C:\xampp\htdocs\siges\app\Controllers\OperacaoSl.php(176): CodeIgniter\Debug\Exceptions->errorHandler(8, 'Undefined index...', 'C:\\xampp\\htdocs...', 176, Array)
#1 C:\xampp\htdocs\siges\system\CodeIgniter.php(824): App\Controllers\OperacaoSl->detalhes_sl('img', 'favicon.ico')
#2 C:\xampp\htdocs\siges\system\CodeIgniter.php(410): CodeIgniter\CodeIgniter->runController(Object(App\Controllers\OperacaoSl))
#3 C:\xampp\htdocs\siges\system\CodeIgniter.php(318): CodeIgniter\CodeIgniter->handleRequest(NULL, Object(Config\Cache), false)
#4 C:\xampp\htdocs\siges\public\index.php(37): CodeIgniter\CodeIgniter->run()
#5 C:\xampp\htdocs\siges\system\Commands\Server\rewrite.php(43): require_once('C:\\xampp\\htdocs...')
#6 {main}
CRITICAL - 2022-01-03 20:20:56 --> Undefined index: id_salao
#0 C:\xampp\htdocs\siges\app\Controllers\OperacaoSl.php(176): CodeIgniter\Debug\Exceptions->errorHandler(8, 'Undefined index...', 'C:\\xampp\\htdocs...', 176, Array)
#1 C:\xampp\htdocs\siges\system\CodeIgniter.php(824): App\Controllers\OperacaoSl->detalhes_sl('img', 'favicon.ico')
#2 C:\xampp\htdocs\siges\system\CodeIgniter.php(410): CodeIgniter\CodeIgniter->runController(Object(App\Controllers\OperacaoSl))
#3 C:\xampp\htdocs\siges\system\CodeIgniter.php(318): CodeIgniter\CodeIgniter->handleRequest(NULL, Object(Config\Cache), false)
#4 C:\xampp\htdocs\siges\public\index.php(37): CodeIgniter\CodeIgniter->run()
#5 C:\xampp\htdocs\siges\system\Commands\Server\rewrite.php(43): require_once('C:\\xampp\\htdocs...')
#6 {main}
CRITICAL - 2022-01-03 20:21:00 --> Undefined index: id_salao
#0 C:\xampp\htdocs\siges\app\Controllers\OperacaoSl.php(176): CodeIgniter\Debug\Exceptions->errorHandler(8, 'Undefined index...', 'C:\\xampp\\htdocs...', 176, Array)
#1 C:\xampp\htdocs\siges\system\CodeIgniter.php(824): App\Controllers\OperacaoSl->detalhes_sl('img', 'favicon.ico')
#2 C:\xampp\htdocs\siges\system\CodeIgniter.php(410): CodeIgniter\CodeIgniter->runController(Object(App\Controllers\OperacaoSl))
#3 C:\xampp\htdocs\siges\system\CodeIgniter.php(318): CodeIgniter\CodeIgniter->handleRequest(NULL, Object(Config\Cache), false)
#4 C:\xampp\htdocs\siges\public\index.php(37): CodeIgniter\CodeIgniter->run()
#5 C:\xampp\htdocs\siges\system\Commands\Server\rewrite.php(43): require_once('C:\\xampp\\htdocs...')
#6 {main}
CRITICAL - 2022-01-03 20:21:30 --> Undefined index: id_salao
#0 C:\xampp\htdocs\siges\app\Controllers\OperacaoSl.php(176): CodeIgniter\Debug\Exceptions->errorHandler(8, 'Undefined index...', 'C:\\xampp\\htdocs...', 176, Array)
#1 C:\xampp\htdocs\siges\system\CodeIgniter.php(824): App\Controllers\OperacaoSl->detalhes_sl('img', 'favicon.ico')
#2 C:\xampp\htdocs\siges\system\CodeIgniter.php(410): CodeIgniter\CodeIgniter->runController(Object(App\Controllers\OperacaoSl))
#3 C:\xampp\htdocs\siges\system\CodeIgniter.php(318): CodeIgniter\CodeIgniter->handleRequest(NULL, Object(Config\Cache), false)
#4 C:\xampp\htdocs\siges\public\index.php(37): CodeIgniter\CodeIgniter->run()
#5 C:\xampp\htdocs\siges\system\Commands\Server\rewrite.php(43): require_once('C:\\xampp\\htdocs...')
#6 {main}
CRITICAL - 2022-01-03 20:33:27 --> Undefined variable: servicos
#0 C:\xampp\htdocs\siges\app\Views\acesso\detalhe_sl.php(66): CodeIgniter\Debug\Exceptions->errorHandler(8, 'Undefined varia...', 'C:\\xampp\\htdocs...', 66, Array)
#1 C:\xampp\htdocs\siges\system\View\View.php(214): include('C:\\xampp\\htdocs...')
#2 C:\xampp\htdocs\siges\system\View\View.php(217): CodeIgniter\View\View->CodeIgniter\View\{closure}()
#3 C:\xampp\htdocs\siges\system\Common.php(1097): CodeIgniter\View\View->render('acesso/detalhe_...', Array, true)
#4 C:\xampp\htdocs\siges\app\Controllers\OperacaoSl.php(198): view('acesso/detalhe_...', Array)
#5 C:\xampp\htdocs\siges\system\CodeIgniter.php(824): App\Controllers\OperacaoSl->detalhes_sl()
#6 C:\xampp\htdocs\siges\system\CodeIgniter.php(410): CodeIgniter\CodeIgniter->runController(Object(App\Controllers\OperacaoSl))
#7 C:\xampp\htdocs\siges\system\CodeIgniter.php(318): CodeIgniter\CodeIgniter->handleRequest(NULL, Object(Config\Cache), false)
#8 C:\xampp\htdocs\siges\public\index.php(37): CodeIgniter\CodeIgniter->run()
#9 C:\xampp\htdocs\siges\system\Commands\Server\rewrite.php(43): require_once('C:\\xampp\\htdocs...')
#10 {main}
CRITICAL - 2022-01-03 20:34:15 --> Undefined variable: servicos
#0 C:\xampp\htdocs\siges\app\Views\acesso\detalhe_sl.php(66): CodeIgniter\Debug\Exceptions->errorHandler(8, 'Undefined varia...', 'C:\\xampp\\htdocs...', 66, Array)
#1 C:\xampp\htdocs\siges\system\View\View.php(214): include('C:\\xampp\\htdocs...')
#2 C:\xampp\htdocs\siges\system\View\View.php(217): CodeIgniter\View\View->CodeIgniter\View\{closure}()
#3 C:\xampp\htdocs\siges\system\Common.php(1097): CodeIgniter\View\View->render('acesso/detalhe_...', Array, true)
#4 C:\xampp\htdocs\siges\app\Controllers\OperacaoSl.php(198): view('acesso/detalhe_...', Array)
#5 C:\xampp\htdocs\siges\system\CodeIgniter.php(824): App\Controllers\OperacaoSl->detalhes_sl()
#6 C:\xampp\htdocs\siges\system\CodeIgniter.php(410): CodeIgniter\CodeIgniter->runController(Object(App\Controllers\OperacaoSl))
#7 C:\xampp\htdocs\siges\system\CodeIgniter.php(318): CodeIgniter\CodeIgniter->handleRequest(NULL, Object(Config\Cache), false)
#8 C:\xampp\htdocs\siges\public\index.php(37): CodeIgniter\CodeIgniter->run()
#9 C:\xampp\htdocs\siges\system\Commands\Server\rewrite.php(43): require_once('C:\\xampp\\htdocs...')
#10 {main}
CRITICAL - 2022-01-03 20:34:28 --> Undefined index: id_salao
#0 C:\xampp\htdocs\siges\app\Controllers\OperacaoSl.php(177): CodeIgniter\Debug\Exceptions->errorHandler(8, 'Undefined index...', 'C:\\xampp\\htdocs...', 177, Array)
#1 C:\xampp\htdocs\siges\system\CodeIgniter.php(824): App\Controllers\OperacaoSl->detalhes_sl('img', 'favicon.ico')
#2 C:\xampp\htdocs\siges\system\CodeIgniter.php(410): CodeIgniter\CodeIgniter->runController(Object(App\Controllers\OperacaoSl))
#3 C:\xampp\htdocs\siges\system\CodeIgniter.php(318): CodeIgniter\CodeIgniter->handleRequest(NULL, Object(Config\Cache), false)
#4 C:\xampp\htdocs\siges\public\index.php(37): CodeIgniter\CodeIgniter->run()
#5 C:\xampp\htdocs\siges\system\Commands\Server\rewrite.php(43): require_once('C:\\xampp\\htdocs...')
#6 {main}
CRITICAL - 2022-01-03 20:35:45 --> Undefined index: id_salao
#0 C:\xampp\htdocs\siges\app\Controllers\OperacaoSl.php(177): CodeIgniter\Debug\Exceptions->errorHandler(8, 'Undefined index...', 'C:\\xampp\\htdocs...', 177, Array)
#1 C:\xampp\htdocs\siges\system\CodeIgniter.php(824): App\Controllers\OperacaoSl->detalhes_sl('img', 'favicon.ico')
#2 C:\xampp\htdocs\siges\system\CodeIgniter.php(410): CodeIgniter\CodeIgniter->runController(Object(App\Controllers\OperacaoSl))
#3 C:\xampp\htdocs\siges\system\CodeIgniter.php(318): CodeIgniter\CodeIgniter->handleRequest(NULL, Object(Config\Cache), false)
#4 C:\xampp\htdocs\siges\public\index.php(37): CodeIgniter\CodeIgniter->run()
#5 C:\xampp\htdocs\siges\system\Commands\Server\rewrite.php(43): require_once('C:\\xampp\\htdocs...')
#6 {main}
CRITICAL - 2022-01-03 20:36:07 --> Undefined index: nome_servico
#0 C:\xampp\htdocs\siges\app\Views\acesso\detalhe_sl.php(69): CodeIgniter\Debug\Exceptions->errorHandler(8, 'Undefined index...', 'C:\\xampp\\htdocs...', 69, Array)
#1 C:\xampp\htdocs\siges\system\View\View.php(214): include('C:\\xampp\\htdocs...')
#2 C:\xampp\htdocs\siges\system\View\View.php(217): CodeIgniter\View\View->CodeIgniter\View\{closure}()
#3 C:\xampp\htdocs\siges\system\Common.php(1097): CodeIgniter\View\View->render('acesso/detalhe_...', Array, true)
#4 C:\xampp\htdocs\siges\app\Controllers\OperacaoSl.php(199): view('acesso/detalhe_...', Array)
#5 C:\xampp\htdocs\siges\system\CodeIgniter.php(824): App\Controllers\OperacaoSl->detalhes_sl()
#6 C:\xampp\htdocs\siges\system\CodeIgniter.php(410): CodeIgniter\CodeIgniter->runController(Object(App\Controllers\OperacaoSl))
#7 C:\xampp\htdocs\siges\system\CodeIgniter.php(318): CodeIgniter\CodeIgniter->handleRequest(NULL, Object(Config\Cache), false)
#8 C:\xampp\htdocs\siges\public\index.php(37): CodeIgniter\CodeIgniter->run()
#9 C:\xampp\htdocs\siges\system\Commands\Server\rewrite.php(43): require_once('C:\\xampp\\htdocs...')
#10 {main}
CRITICAL - 2022-01-03 20:38:29 --> Undefined index: id_salao
#0 C:\xampp\htdocs\siges\app\Controllers\OperacaoSl.php(177): CodeIgniter\Debug\Exceptions->errorHandler(8, 'Undefined index...', 'C:\\xampp\\htdocs...', 177, Array)
#1 C:\xampp\htdocs\siges\system\CodeIgniter.php(824): App\Controllers\OperacaoSl->detalhes_sl('img', 'favicon.ico')
#2 C:\xampp\htdocs\siges\system\CodeIgniter.php(410): CodeIgniter\CodeIgniter->runController(Object(App\Controllers\OperacaoSl))
#3 C:\xampp\htdocs\siges\system\CodeIgniter.php(318): CodeIgniter\CodeIgniter->handleRequest(NULL, Object(Config\Cache), false)
#4 C:\xampp\htdocs\siges\public\index.php(37): CodeIgniter\CodeIgniter->run()
#5 C:\xampp\htdocs\siges\system\Commands\Server\rewrite.php(43): require_once('C:\\xampp\\htdocs...')
#6 {main}
CRITICAL - 2022-01-03 20:39:16 --> Undefined index: id_salao
#0 C:\xampp\htdocs\siges\app\Controllers\OperacaoSl.php(177): CodeIgniter\Debug\Exceptions->errorHandler(8, 'Undefined index...', 'C:\\xampp\\htdocs...', 177, Array)
#1 C:\xampp\htdocs\siges\system\CodeIgniter.php(824): App\Controllers\OperacaoSl->detalhes_sl('img', 'favicon.ico')
#2 C:\xampp\htdocs\siges\system\CodeIgniter.php(410): CodeIgniter\CodeIgniter->runController(Object(App\Controllers\OperacaoSl))
#3 C:\xampp\htdocs\siges\system\CodeIgniter.php(318): CodeIgniter\CodeIgniter->handleRequest(NULL, Object(Config\Cache), false)
#4 C:\xampp\htdocs\siges\public\index.php(37): CodeIgniter\CodeIgniter->run()
#5 C:\xampp\htdocs\siges\system\Commands\Server\rewrite.php(43): require_once('C:\\xampp\\htdocs...')
#6 {main}
CRITICAL - 2022-01-03 20:39:48 --> Undefined index: id_salao
#0 C:\xampp\htdocs\siges\app\Controllers\OperacaoSl.php(177): CodeIgniter\Debug\Exceptions->errorHandler(8, 'Undefined index...', 'C:\\xampp\\htdocs...', 177, Array)
#1 C:\xampp\htdocs\siges\system\CodeIgniter.php(824): App\Controllers\OperacaoSl->detalhes_sl('img', 'favicon.ico')
#2 C:\xampp\htdocs\siges\system\CodeIgniter.php(410): CodeIgniter\CodeIgniter->runController(Object(App\Controllers\OperacaoSl))
#3 C:\xampp\htdocs\siges\system\CodeIgniter.php(318): CodeIgniter\CodeIgniter->handleRequest(NULL, Object(Config\Cache), false)
#4 C:\xampp\htdocs\siges\public\index.php(37): CodeIgniter\CodeIgniter->run()
#5 C:\xampp\htdocs\siges\system\Commands\Server\rewrite.php(43): require_once('C:\\xampp\\htdocs...')
#6 {main}
CRITICAL - 2022-01-03 20:40:47 --> Undefined index: id_salao
#0 C:\xampp\htdocs\siges\app\Controllers\OperacaoSl.php(177): CodeIgniter\Debug\Exceptions->errorHandler(8, 'Undefined index...', 'C:\\xampp\\htdocs...', 177, Array)
#1 C:\xampp\htdocs\siges\system\CodeIgniter.php(824): App\Controllers\OperacaoSl->detalhes_sl('img', 'favicon.ico')
#2 C:\xampp\htdocs\siges\system\CodeIgniter.php(410): CodeIgniter\CodeIgniter->runController(Object(App\Controllers\OperacaoSl))
#3 C:\xampp\htdocs\siges\system\CodeIgniter.php(318): CodeIgniter\CodeIgniter->handleRequest(NULL, Object(Config\Cache), false)
#4 C:\xampp\htdocs\siges\public\index.php(37): CodeIgniter\CodeIgniter->run()
#5 C:\xampp\htdocs\siges\system\Commands\Server\rewrite.php(43): require_once('C:\\xampp\\htdocs...')
#6 {main}
CRITICAL - 2022-01-03 20:41:48 --> Undefined index: id_salao
#0 C:\xampp\htdocs\siges\app\Controllers\OperacaoSl.php(177): CodeIgniter\Debug\Exceptions->errorHandler(8, 'Undefined index...', 'C:\\xampp\\htdocs...', 177, Array)
#1 C:\xampp\htdocs\siges\system\CodeIgniter.php(824): App\Controllers\OperacaoSl->detalhes_sl('img', 'favicon.ico')
#2 C:\xampp\htdocs\siges\system\CodeIgniter.php(410): CodeIgniter\CodeIgniter->runController(Object(App\Controllers\OperacaoSl))
#3 C:\xampp\htdocs\siges\system\CodeIgniter.php(318): CodeIgniter\CodeIgniter->handleRequest(NULL, Object(Config\Cache), false)
#4 C:\xampp\htdocs\siges\public\index.php(37): CodeIgniter\CodeIgniter->run()
#5 C:\xampp\htdocs\siges\system\Commands\Server\rewrite.php(43): require_once('C:\\xampp\\htdocs...')
#6 {main}
CRITICAL - 2022-01-03 20:42:14 --> Undefined index: id_salao
#0 C:\xampp\htdocs\siges\app\Controllers\OperacaoSl.php(177): CodeIgniter\Debug\Exceptions->errorHandler(8, 'Undefined index...', 'C:\\xampp\\htdocs...', 177, Array)
#1 C:\xampp\htdocs\siges\system\CodeIgniter.php(824): App\Controllers\OperacaoSl->detalhes_sl('img', 'favicon.ico')
#2 C:\xampp\htdocs\siges\system\CodeIgniter.php(410): CodeIgniter\CodeIgniter->runController(Object(App\Controllers\OperacaoSl))
#3 C:\xampp\htdocs\siges\system\CodeIgniter.php(318): CodeIgniter\CodeIgniter->handleRequest(NULL, Object(Config\Cache), false)
#4 C:\xampp\htdocs\siges\public\index.php(37): CodeIgniter\CodeIgniter->run()
#5 C:\xampp\htdocs\siges\system\Commands\Server\rewrite.php(43): require_once('C:\\xampp\\htdocs...')
#6 {main}
CRITICAL - 2022-01-03 20:42:59 --> Undefined index: id_salao
#0 C:\xampp\htdocs\siges\app\Controllers\OperacaoSl.php(177): CodeIgniter\Debug\Exceptions->errorHandler(8, 'Undefined index...', 'C:\\xampp\\htdocs...', 177, Array)
#1 C:\xampp\htdocs\siges\system\CodeIgniter.php(824): App\Controllers\OperacaoSl->detalhes_sl('img', 'favicon.ico')
#2 C:\xampp\htdocs\siges\system\CodeIgniter.php(410): CodeIgniter\CodeIgniter->runController(Object(App\Controllers\OperacaoSl))
#3 C:\xampp\htdocs\siges\system\CodeIgniter.php(318): CodeIgniter\CodeIgniter->handleRequest(NULL, Object(Config\Cache), false)
#4 C:\xampp\htdocs\siges\public\index.php(37): CodeIgniter\CodeIgniter->run()
#5 C:\xampp\htdocs\siges\system\Commands\Server\rewrite.php(43): require_once('C:\\xampp\\htdocs...')
#6 {main}
CRITICAL - 2022-01-03 20:45:21 --> Undefined variable: dado_um
#0 C:\xampp\htdocs\siges\app\Views\acesso\detalhe_sl.php(69): CodeIgniter\Debug\Exceptions->errorHandler(8, 'Undefined varia...', 'C:\\xampp\\htdocs...', 69, Array)
#1 C:\xampp\htdocs\siges\system\View\View.php(214): include('C:\\xampp\\htdocs...')
#2 C:\xampp\htdocs\siges\system\View\View.php(217): CodeIgniter\View\View->CodeIgniter\View\{closure}()
#3 C:\xampp\htdocs\siges\system\Common.php(1097): CodeIgniter\View\View->render('acesso/detalhe_...', Array, true)
#4 C:\xampp\htdocs\siges\app\Controllers\OperacaoSl.php(192): view('acesso/detalhe_...', Array)
#5 C:\xampp\htdocs\siges\system\CodeIgniter.php(824): App\Controllers\OperacaoSl->detalhes_sl()
#6 C:\xampp\htdocs\siges\system\CodeIgniter.php(410): CodeIgniter\CodeIgniter->runController(Object(App\Controllers\OperacaoSl))
#7 C:\xampp\htdocs\siges\system\CodeIgniter.php(318): CodeIgniter\CodeIgniter->handleRequest(NULL, Object(Config\Cache), false)
#8 C:\xampp\htdocs\siges\public\index.php(37): CodeIgniter\CodeIgniter->run()
#9 C:\xampp\htdocs\siges\system\Commands\Server\rewrite.php(43): require_once('C:\\xampp\\htdocs...')
#10 {main}
CRITICAL - 2022-01-03 20:45:55 --> Undefined variable: dado_um
#0 C:\xampp\htdocs\siges\app\Views\acesso\detalhe_sl.php(69): CodeIgniter\Debug\Exceptions->errorHandler(8, 'Undefined varia...', 'C:\\xampp\\htdocs...', 69, Array)
#1 C:\xampp\htdocs\siges\system\View\View.php(214): include('C:\\xampp\\htdocs...')
#2 C:\xampp\htdocs\siges\system\View\View.php(217): CodeIgniter\View\View->CodeIgniter\View\{closure}()
#3 C:\xampp\htdocs\siges\system\Common.php(1097): CodeIgniter\View\View->render('acesso/detalhe_...', Array, true)
#4 C:\xampp\htdocs\siges\app\Controllers\OperacaoSl.php(192): view('acesso/detalhe_...', Array)
#5 C:\xampp\htdocs\siges\system\CodeIgniter.php(824): App\Controllers\OperacaoSl->detalhes_sl()
#6 C:\xampp\htdocs\siges\system\CodeIgniter.php(410): CodeIgniter\CodeIgniter->runController(Object(App\Controllers\OperacaoSl))
#7 C:\xampp\htdocs\siges\system\CodeIgniter.php(318): CodeIgniter\CodeIgniter->handleRequest(NULL, Object(Config\Cache), false)
#8 C:\xampp\htdocs\siges\public\index.php(37): CodeIgniter\CodeIgniter->run()
#9 C:\xampp\htdocs\siges\system\Commands\Server\rewrite.php(43): require_once('C:\\xampp\\htdocs...')
#10 {main}
CRITICAL - 2022-01-03 20:45:58 --> Undefined variable: dado_um
#0 C:\xampp\htdocs\siges\app\Views\acesso\detalhe_sl.php(69): CodeIgniter\Debug\Exceptions->errorHandler(8, 'Undefined varia...', 'C:\\xampp\\htdocs...', 69, Array)
#1 C:\xampp\htdocs\siges\system\View\View.php(214): include('C:\\xampp\\htdocs...')
#2 C:\xampp\htdocs\siges\system\View\View.php(217): CodeIgniter\View\View->CodeIgniter\View\{closure}()
#3 C:\xampp\htdocs\siges\system\Common.php(1097): CodeIgniter\View\View->render('acesso/detalhe_...', Array, true)
#4 C:\xampp\htdocs\siges\app\Controllers\OperacaoSl.php(192): view('acesso/detalhe_...', Array)
#5 C:\xampp\htdocs\siges\system\CodeIgniter.php(824): App\Controllers\OperacaoSl->detalhes_sl()
#6 C:\xampp\htdocs\siges\system\CodeIgniter.php(410): CodeIgniter\CodeIgniter->runController(Object(App\Controllers\OperacaoSl))
#7 C:\xampp\htdocs\siges\system\CodeIgniter.php(318): CodeIgniter\CodeIgniter->handleRequest(NULL, Object(Config\Cache), false)
#8 C:\xampp\htdocs\siges\public\index.php(37): CodeIgniter\CodeIgniter->run()
#9 C:\xampp\htdocs\siges\system\Commands\Server\rewrite.php(43): require_once('C:\\xampp\\htdocs...')
#10 {main}
CRITICAL - 2022-01-03 20:46:27 --> Undefined index: id_salao
#0 C:\xampp\htdocs\siges\app\Controllers\OperacaoSl.php(177): CodeIgniter\Debug\Exceptions->errorHandler(8, 'Undefined index...', 'C:\\xampp\\htdocs...', 177, Array)
#1 C:\xampp\htdocs\siges\system\CodeIgniter.php(824): App\Controllers\OperacaoSl->detalhes_sl('img', 'favicon.ico')
#2 C:\xampp\htdocs\siges\system\CodeIgniter.php(410): CodeIgniter\CodeIgniter->runController(Object(App\Controllers\OperacaoSl))
#3 C:\xampp\htdocs\siges\system\CodeIgniter.php(318): CodeIgniter\CodeIgniter->handleRequest(NULL, Object(Config\Cache), false)
#4 C:\xampp\htdocs\siges\public\index.php(37): CodeIgniter\CodeIgniter->run()
#5 C:\xampp\htdocs\siges\system\Commands\Server\rewrite.php(43): require_once('C:\\xampp\\htdocs...')
#6 {main}
CRITICAL - 2022-01-03 20:47:38 --> Undefined index: id_salao
#0 C:\xampp\htdocs\siges\app\Controllers\OperacaoSl.php(177): CodeIgniter\Debug\Exceptions->errorHandler(8, 'Undefined index...', 'C:\\xampp\\htdocs...', 177, Array)
#1 C:\xampp\htdocs\siges\system\CodeIgniter.php(824): App\Controllers\OperacaoSl->detalhes_sl('img', 'favicon.ico')
#2 C:\xampp\htdocs\siges\system\CodeIgniter.php(410): CodeIgniter\CodeIgniter->runController(Object(App\Controllers\OperacaoSl))
#3 C:\xampp\htdocs\siges\system\CodeIgniter.php(318): CodeIgniter\CodeIgniter->handleRequest(NULL, Object(Config\Cache), false)
#4 C:\xampp\htdocs\siges\public\index.php(37): CodeIgniter\CodeIgniter->run()
#5 C:\xampp\htdocs\siges\system\Commands\Server\rewrite.php(43): require_once('C:\\xampp\\htdocs...')
#6 {main}
CRITICAL - 2022-01-03 20:48:57 --> Undefined index: id_salao
#0 C:\xampp\htdocs\siges\app\Controllers\OperacaoSl.php(177): CodeIgniter\Debug\Exceptions->errorHandler(8, 'Undefined index...', 'C:\\xampp\\htdocs...', 177, Array)
#1 C:\xampp\htdocs\siges\system\CodeIgniter.php(824): App\Controllers\OperacaoSl->detalhes_sl('img', 'favicon.ico')
#2 C:\xampp\htdocs\siges\system\CodeIgniter.php(410): CodeIgniter\CodeIgniter->runController(Object(App\Controllers\OperacaoSl))
#3 C:\xampp\htdocs\siges\system\CodeIgniter.php(318): CodeIgniter\CodeIgniter->handleRequest(NULL, Object(Config\Cache), false)
#4 C:\xampp\htdocs\siges\public\index.php(37): CodeIgniter\CodeIgniter->run()
#5 C:\xampp\htdocs\siges\system\Commands\Server\rewrite.php(43): require_once('C:\\xampp\\htdocs...')
#6 {main}
CRITICAL - 2022-01-03 20:49:18 --> Undefined index: id_salao
#0 C:\xampp\htdocs\siges\app\Controllers\OperacaoSl.php(177): CodeIgniter\Debug\Exceptions->errorHandler(8, 'Undefined index...', 'C:\\xampp\\htdocs...', 177, Array)
#1 C:\xampp\htdocs\siges\system\CodeIgniter.php(824): App\Controllers\OperacaoSl->detalhes_sl('img', 'favicon.ico')
#2 C:\xampp\htdocs\siges\system\CodeIgniter.php(410): CodeIgniter\CodeIgniter->runController(Object(App\Controllers\OperacaoSl))
#3 C:\xampp\htdocs\siges\system\CodeIgniter.php(318): CodeIgniter\CodeIgniter->handleRequest(NULL, Object(Config\Cache), false)
#4 C:\xampp\htdocs\siges\public\index.php(37): CodeIgniter\CodeIgniter->run()
#5 C:\xampp\htdocs\siges\system\Commands\Server\rewrite.php(43): require_once('C:\\xampp\\htdocs...')
#6 {main}
CRITICAL - 2022-01-03 21:02:38 --> Undefined index: id_salao
#0 C:\xampp\htdocs\siges\app\Controllers\OperacaoSl.php(177): CodeIgniter\Debug\Exceptions->errorHandler(8, 'Undefined index...', 'C:\\xampp\\htdocs...', 177, Array)
#1 C:\xampp\htdocs\siges\system\CodeIgniter.php(824): App\Controllers\OperacaoSl->detalhes_sl('img', 'favicon.ico')
#2 C:\xampp\htdocs\siges\system\CodeIgniter.php(410): CodeIgniter\CodeIgniter->runController(Object(App\Controllers\OperacaoSl))
#3 C:\xampp\htdocs\siges\system\CodeIgniter.php(318): CodeIgniter\CodeIgniter->handleRequest(NULL, Object(Config\Cache), false)
#4 C:\xampp\htdocs\siges\public\index.php(37): CodeIgniter\CodeIgniter->run()
#5 C:\xampp\htdocs\siges\system\Commands\Server\rewrite.php(43): require_once('C:\\xampp\\htdocs...')
#6 {main}
CRITICAL - 2022-01-03 21:02:51 --> Undefined variable: dado
#0 C:\xampp\htdocs\siges\app\Views\acesso\detalhe_sl.php(176): CodeIgniter\Debug\Exceptions->errorHandler(8, 'Undefined varia...', 'C:\\xampp\\htdocs...', 176, Array)
#1 C:\xampp\htdocs\siges\system\View\View.php(214): include('C:\\xampp\\htdocs...')
#2 C:\xampp\htdocs\siges\system\View\View.php(217): CodeIgniter\View\View->CodeIgniter\View\{closure}()
#3 C:\xampp\htdocs\siges\system\Common.php(1097): CodeIgniter\View\View->render('acesso/detalhe_...', Array, true)
#4 C:\xampp\htdocs\siges\app\Controllers\OperacaoSl.php(192): view('acesso/detalhe_...', Array)
#5 C:\xampp\htdocs\siges\system\CodeIgniter.php(824): App\Controllers\OperacaoSl->detalhes_sl()
#6 C:\xampp\htdocs\siges\system\CodeIgniter.php(410): CodeIgniter\CodeIgniter->runController(Object(App\Controllers\OperacaoSl))
#7 C:\xampp\htdocs\siges\system\CodeIgniter.php(318): CodeIgniter\CodeIgniter->handleRequest(NULL, Object(Config\Cache), false)
#8 C:\xampp\htdocs\siges\public\index.php(37): CodeIgniter\CodeIgniter->run()
#9 C:\xampp\htdocs\siges\system\Commands\Server\rewrite.php(43): require_once('C:\\xampp\\htdocs...')
#10 {main}
CRITICAL - 2022-01-03 21:04:39 --> Undefined index: id_salao
#0 C:\xampp\htdocs\siges\app\Controllers\OperacaoSl.php(177): CodeIgniter\Debug\Exceptions->errorHandler(8, 'Undefined index...', 'C:\\xampp\\htdocs...', 177, Array)
#1 C:\xampp\htdocs\siges\system\CodeIgniter.php(824): App\Controllers\OperacaoSl->detalhes_sl('img', 'favicon.ico')
#2 C:\xampp\htdocs\siges\system\CodeIgniter.php(410): CodeIgniter\CodeIgniter->runController(Object(App\Controllers\OperacaoSl))
#3 C:\xampp\htdocs\siges\system\CodeIgniter.php(318): CodeIgniter\CodeIgniter->handleRequest(NULL, Object(Config\Cache), false)
#4 C:\xampp\htdocs\siges\public\index.php(37): CodeIgniter\CodeIgniter->run()
#5 C:\xampp\htdocs\siges\system\Commands\Server\rewrite.php(43): require_once('C:\\xampp\\htdocs...')
#6 {main}
CRITICAL - 2022-01-03 21:06:46 --> Undefined variable: dado_um
#0 C:\xampp\htdocs\siges\app\Views\acesso\detalhe_sl.php(45): CodeIgniter\Debug\Exceptions->errorHandler(8, 'Undefined varia...', 'C:\\xampp\\htdocs...', 45, Array)
#1 C:\xampp\htdocs\siges\system\View\View.php(214): include('C:\\xampp\\htdocs...')
#2 C:\xampp\htdocs\siges\system\View\View.php(217): CodeIgniter\View\View->CodeIgniter\View\{closure}()
#3 C:\xampp\htdocs\siges\system\Common.php(1097): CodeIgniter\View\View->render('acesso/detalhe_...', Array, true)
#4 C:\xampp\htdocs\siges\app\Controllers\OperacaoSl.php(192): view('acesso/detalhe_...', Array)
#5 C:\xampp\htdocs\siges\system\CodeIgniter.php(824): App\Controllers\OperacaoSl->detalhes_sl()
#6 C:\xampp\htdocs\siges\system\CodeIgniter.php(410): CodeIgniter\CodeIgniter->runController(Object(App\Controllers\OperacaoSl))
#7 C:\xampp\htdocs\siges\system\CodeIgniter.php(318): CodeIgniter\CodeIgniter->handleRequest(NULL, Object(Config\Cache), false)
#8 C:\xampp\htdocs\siges\public\index.php(37): CodeIgniter\CodeIgniter->run()
#9 C:\xampp\htdocs\siges\system\Commands\Server\rewrite.php(43): require_once('C:\\xampp\\htdocs...')
#10 {main}
CRITICAL - 2022-01-03 21:07:16 --> Undefined index: id
#0 C:\xampp\htdocs\siges\app\Views\acesso\detalhe_sl.php(45): CodeIgniter\Debug\Exceptions->errorHandler(8, 'Undefined index...', 'C:\\xampp\\htdocs...', 45, Array)
#1 C:\xampp\htdocs\siges\system\View\View.php(214): include('C:\\xampp\\htdocs...')
#2 C:\xampp\htdocs\siges\system\View\View.php(217): CodeIgniter\View\View->CodeIgniter\View\{closure}()
#3 C:\xampp\htdocs\siges\system\Common.php(1097): CodeIgniter\View\View->render('acesso/detalhe_...', Array, true)
#4 C:\xampp\htdocs\siges\app\Controllers\OperacaoSl.php(192): view('acesso/detalhe_...', Array)
#5 C:\xampp\htdocs\siges\system\CodeIgniter.php(824): App\Controllers\OperacaoSl->detalhes_sl()
#6 C:\xampp\htdocs\siges\system\CodeIgniter.php(410): CodeIgniter\CodeIgniter->runController(Object(App\Controllers\OperacaoSl))
#7 C:\xampp\htdocs\siges\system\CodeIgniter.php(318): CodeIgniter\CodeIgniter->handleRequest(NULL, Object(Config\Cache), false)
#8 C:\xampp\htdocs\siges\public\index.php(37): CodeIgniter\CodeIgniter->run()
#9 C:\xampp\htdocs\siges\system\Commands\Server\rewrite.php(43): require_once('C:\\xampp\\htdocs...')
#10 {main}
CRITICAL - 2022-01-03 21:07:29 --> Undefined index: id
#0 C:\xampp\htdocs\siges\app\Views\acesso\detalhe_sl.php(45): CodeIgniter\Debug\Exceptions->errorHandler(8, 'Undefined index...', 'C:\\xampp\\htdocs...', 45, Array)
#1 C:\xampp\htdocs\siges\system\View\View.php(214): include('C:\\xampp\\htdocs...')
#2 C:\xampp\htdocs\siges\system\View\View.php(217): CodeIgniter\View\View->CodeIgniter\View\{closure}()
#3 C:\xampp\htdocs\siges\system\Common.php(1097): CodeIgniter\View\View->render('acesso/detalhe_...', Array, true)
#4 C:\xampp\htdocs\siges\app\Controllers\OperacaoSl.php(192): view('acesso/detalhe_...', Array)
#5 C:\xampp\htdocs\siges\system\CodeIgniter.php(824): App\Controllers\OperacaoSl->detalhes_sl()
#6 C:\xampp\htdocs\siges\system\CodeIgniter.php(410): CodeIgniter\CodeIgniter->runController(Object(App\Controllers\OperacaoSl))
#7 C:\xampp\htdocs\siges\system\CodeIgniter.php(318): CodeIgniter\CodeIgniter->handleRequest(NULL, Object(Config\Cache), false)
#8 C:\xampp\htdocs\siges\public\index.php(37): CodeIgniter\CodeIgniter->run()
#9 C:\xampp\htdocs\siges\system\Commands\Server\rewrite.php(43): require_once('C:\\xampp\\htdocs...')
#10 {main}
CRITICAL - 2022-01-03 21:07:45 --> Undefined index: id
#0 C:\xampp\htdocs\siges\app\Views\acesso\detalhe_sl.php(45): CodeIgniter\Debug\Exceptions->errorHandler(8, 'Undefined index...', 'C:\\xampp\\htdocs...', 45, Array)
#1 C:\xampp\htdocs\siges\system\View\View.php(214): include('C:\\xampp\\htdocs...')
#2 C:\xampp\htdocs\siges\system\View\View.php(217): CodeIgniter\View\View->CodeIgniter\View\{closure}()
#3 C:\xampp\htdocs\siges\system\Common.php(1097): CodeIgniter\View\View->render('acesso/detalhe_...', Array, true)
#4 C:\xampp\htdocs\siges\app\Controllers\OperacaoSl.php(192): view('acesso/detalhe_...', Array)
#5 C:\xampp\htdocs\siges\system\CodeIgniter.php(824): App\Controllers\OperacaoSl->detalhes_sl()
#6 C:\xampp\htdocs\siges\system\CodeIgniter.php(410): CodeIgniter\CodeIgniter->runController(Object(App\Controllers\OperacaoSl))
#7 C:\xampp\htdocs\siges\system\CodeIgniter.php(318): CodeIgniter\CodeIgniter->handleRequest(NULL, Object(Config\Cache), false)
#8 C:\xampp\htdocs\siges\public\index.php(37): CodeIgniter\CodeIgniter->run()
#9 C:\xampp\htdocs\siges\system\Commands\Server\rewrite.php(43): require_once('C:\\xampp\\htdocs...')
#10 {main}
CRITICAL - 2022-01-03 21:09:52 --> Undefined index: id_salao
#0 C:\xampp\htdocs\siges\app\Controllers\OperacaoSl.php(177): CodeIgniter\Debug\Exceptions->errorHandler(8, 'Undefined index...', 'C:\\xampp\\htdocs...', 177, Array)
#1 C:\xampp\htdocs\siges\system\CodeIgniter.php(824): App\Controllers\OperacaoSl->detalhes_sl('img', 'favicon.ico')
#2 C:\xampp\htdocs\siges\system\CodeIgniter.php(410): CodeIgniter\CodeIgniter->runController(Object(App\Controllers\OperacaoSl))
#3 C:\xampp\htdocs\siges\system\CodeIgniter.php(318): CodeIgniter\CodeIgniter->handleRequest(NULL, Object(Config\Cache), false)
#4 C:\xampp\htdocs\siges\public\index.php(37): CodeIgniter\CodeIgniter->run()
#5 C:\xampp\htdocs\siges\system\Commands\Server\rewrite.php(43): require_once('C:\\xampp\\htdocs...')
#6 {main}
CRITICAL - 2022-01-03 21:10:36 --> Undefined index: id_salao
#0 C:\xampp\htdocs\siges\app\Controllers\OperacaoSl.php(177): CodeIgniter\Debug\Exceptions->errorHandler(8, 'Undefined index...', 'C:\\xampp\\htdocs...', 177, Array)
#1 C:\xampp\htdocs\siges\system\CodeIgniter.php(824): App\Controllers\OperacaoSl->detalhes_sl('img', 'favicon.ico')
#2 C:\xampp\htdocs\siges\system\CodeIgniter.php(410): CodeIgniter\CodeIgniter->runController(Object(App\Controllers\OperacaoSl))
#3 C:\xampp\htdocs\siges\system\CodeIgniter.php(318): CodeIgniter\CodeIgniter->handleRequest(NULL, Object(Config\Cache), false)
#4 C:\xampp\htdocs\siges\public\index.php(37): CodeIgniter\CodeIgniter->run()
#5 C:\xampp\htdocs\siges\system\Commands\Server\rewrite.php(43): require_once('C:\\xampp\\htdocs...')
#6 {main}
CRITICAL - 2022-01-03 21:10:50 --> Undefined index: id_salao
#0 C:\xampp\htdocs\siges\app\Controllers\OperacaoSl.php(177): CodeIgniter\Debug\Exceptions->errorHandler(8, 'Undefined index...', 'C:\\xampp\\htdocs...', 177, Array)
#1 C:\xampp\htdocs\siges\system\CodeIgniter.php(824): App\Controllers\OperacaoSl->detalhes_sl('img', 'favicon.ico')
#2 C:\xampp\htdocs\siges\system\CodeIgniter.php(410): CodeIgniter\CodeIgniter->runController(Object(App\Controllers\OperacaoSl))
#3 C:\xampp\htdocs\siges\system\CodeIgniter.php(318): CodeIgniter\CodeIgniter->handleRequest(NULL, Object(Config\Cache), false)
#4 C:\xampp\htdocs\siges\public\index.php(37): CodeIgniter\CodeIgniter->run()
#5 C:\xampp\htdocs\siges\system\Commands\Server\rewrite.php(43): require_once('C:\\xampp\\htdocs...')
#6 {main}
CRITICAL - 2022-01-03 21:11:07 --> Undefined index: id_salao
#0 C:\xampp\htdocs\siges\app\Controllers\OperacaoSl.php(177): CodeIgniter\Debug\Exceptions->errorHandler(8, 'Undefined index...', 'C:\\xampp\\htdocs...', 177, Array)
#1 C:\xampp\htdocs\siges\system\CodeIgniter.php(824): App\Controllers\OperacaoSl->detalhes_sl('img', 'favicon.ico')
#2 C:\xampp\htdocs\siges\system\CodeIgniter.php(410): CodeIgniter\CodeIgniter->runController(Object(App\Controllers\OperacaoSl))
#3 C:\xampp\htdocs\siges\system\CodeIgniter.php(318): CodeIgniter\CodeIgniter->handleRequest(NULL, Object(Config\Cache), false)
#4 C:\xampp\htdocs\siges\public\index.php(37): CodeIgniter\CodeIgniter->run()
#5 C:\xampp\htdocs\siges\system\Commands\Server\rewrite.php(43): require_once('C:\\xampp\\htdocs...')
#6 {main}
CRITICAL - 2022-01-03 21:11:39 --> Undefined index: id_salao
#0 C:\xampp\htdocs\siges\app\Controllers\OperacaoSl.php(177): CodeIgniter\Debug\Exceptions->errorHandler(8, 'Undefined index...', 'C:\\xampp\\htdocs...', 177, Array)
#1 C:\xampp\htdocs\siges\system\CodeIgniter.php(824): App\Controllers\OperacaoSl->detalhes_sl('img', 'favicon.ico')
#2 C:\xampp\htdocs\siges\system\CodeIgniter.php(410): CodeIgniter\CodeIgniter->runController(Object(App\Controllers\OperacaoSl))
#3 C:\xampp\htdocs\siges\system\CodeIgniter.php(318): CodeIgniter\CodeIgniter->handleRequest(NULL, Object(Config\Cache), false)
#4 C:\xampp\htdocs\siges\public\index.php(37): CodeIgniter\CodeIgniter->run()
#5 C:\xampp\htdocs\siges\system\Commands\Server\rewrite.php(43): require_once('C:\\xampp\\htdocs...')
#6 {main}
CRITICAL - 2022-01-03 21:14:14 --> Undefined index: id_salao
#0 C:\xampp\htdocs\siges\app\Controllers\OperacaoSl.php(177): CodeIgniter\Debug\Exceptions->errorHandler(8, 'Undefined index...', 'C:\\xampp\\htdocs...', 177, Array)
#1 C:\xampp\htdocs\siges\system\CodeIgniter.php(824): App\Controllers\OperacaoSl->detalhes_sl('img', 'favicon.ico')
#2 C:\xampp\htdocs\siges\system\CodeIgniter.php(410): CodeIgniter\CodeIgniter->runController(Object(App\Controllers\OperacaoSl))
#3 C:\xampp\htdocs\siges\system\CodeIgniter.php(318): CodeIgniter\CodeIgniter->handleRequest(NULL, Object(Config\Cache), false)
#4 C:\xampp\htdocs\siges\public\index.php(37): CodeIgniter\CodeIgniter->run()
#5 C:\xampp\htdocs\siges\system\Commands\Server\rewrite.php(43): require_once('C:\\xampp\\htdocs...')
#6 {main}
CRITICAL - 2022-01-03 21:14:24 --> Undefined index: id_salao
#0 C:\xampp\htdocs\siges\app\Controllers\OperacaoSl.php(177): CodeIgniter\Debug\Exceptions->errorHandler(8, 'Undefined index...', 'C:\\xampp\\htdocs...', 177, Array)
#1 C:\xampp\htdocs\siges\system\CodeIgniter.php(824): App\Controllers\OperacaoSl->detalhes_sl('img', 'favicon.ico')
#2 C:\xampp\htdocs\siges\system\CodeIgniter.php(410): CodeIgniter\CodeIgniter->runController(Object(App\Controllers\OperacaoSl))
#3 C:\xampp\htdocs\siges\system\CodeIgniter.php(318): CodeIgniter\CodeIgniter->handleRequest(NULL, Object(Config\Cache), false)
#4 C:\xampp\htdocs\siges\public\index.php(37): CodeIgniter\CodeIgniter->run()
#5 C:\xampp\htdocs\siges\system\Commands\Server\rewrite.php(43): require_once('C:\\xampp\\htdocs...')
#6 {main}
CRITICAL - 2022-01-03 21:15:39 --> Undefined index: id_salao
#0 C:\xampp\htdocs\siges\app\Controllers\OperacaoSl.php(177): CodeIgniter\Debug\Exceptions->errorHandler(8, 'Undefined index...', 'C:\\xampp\\htdocs...', 177, Array)
#1 C:\xampp\htdocs\siges\system\CodeIgniter.php(824): App\Controllers\OperacaoSl->detalhes_sl('img', 'favicon.ico')
#2 C:\xampp\htdocs\siges\system\CodeIgniter.php(410): CodeIgniter\CodeIgniter->runController(Object(App\Controllers\OperacaoSl))
#3 C:\xampp\htdocs\siges\system\CodeIgniter.php(318): CodeIgniter\CodeIgniter->handleRequest(NULL, Object(Config\Cache), false)
#4 C:\xampp\htdocs\siges\public\index.php(37): CodeIgniter\CodeIgniter->run()
#5 C:\xampp\htdocs\siges\system\Commands\Server\rewrite.php(43): require_once('C:\\xampp\\htdocs...')
#6 {main}
CRITICAL - 2022-01-03 21:15:55 --> Undefined index: id_salao
#0 C:\xampp\htdocs\siges\app\Controllers\OperacaoSl.php(177): CodeIgniter\Debug\Exceptions->errorHandler(8, 'Undefined index...', 'C:\\xampp\\htdocs...', 177, Array)
#1 C:\xampp\htdocs\siges\system\CodeIgniter.php(824): App\Controllers\OperacaoSl->detalhes_sl('img', 'favicon.ico')
#2 C:\xampp\htdocs\siges\system\CodeIgniter.php(410): CodeIgniter\CodeIgniter->runController(Object(App\Controllers\OperacaoSl))
#3 C:\xampp\htdocs\siges\system\CodeIgniter.php(318): CodeIgniter\CodeIgniter->handleRequest(NULL, Object(Config\Cache), false)
#4 C:\xampp\htdocs\siges\public\index.php(37): CodeIgniter\CodeIgniter->run()
#5 C:\xampp\htdocs\siges\system\Commands\Server\rewrite.php(43): require_once('C:\\xampp\\htdocs...')
#6 {main}
CRITICAL - 2022-01-03 21:17:39 --> Undefined index: id_salao
#0 C:\xampp\htdocs\siges\app\Controllers\OperacaoSl.php(177): CodeIgniter\Debug\Exceptions->errorHandler(8, 'Undefined index...', 'C:\\xampp\\htdocs...', 177, Array)
#1 C:\xampp\htdocs\siges\system\CodeIgniter.php(824): App\Controllers\OperacaoSl->detalhes_sl('img', 'favicon.ico')
#2 C:\xampp\htdocs\siges\system\CodeIgniter.php(410): CodeIgniter\CodeIgniter->runController(Object(App\Controllers\OperacaoSl))
#3 C:\xampp\htdocs\siges\system\CodeIgniter.php(318): CodeIgniter\CodeIgniter->handleRequest(NULL, Object(Config\Cache), false)
#4 C:\xampp\htdocs\siges\public\index.php(37): CodeIgniter\CodeIgniter->run()
#5 C:\xampp\htdocs\siges\system\Commands\Server\rewrite.php(43): require_once('C:\\xampp\\htdocs...')
#6 {main}
CRITICAL - 2022-01-03 21:18:15 --> Undefined index: id_salao
#0 C:\xampp\htdocs\siges\app\Controllers\OperacaoSl.php(177): CodeIgniter\Debug\Exceptions->errorHandler(8, 'Undefined index...', 'C:\\xampp\\htdocs...', 177, Array)
#1 C:\xampp\htdocs\siges\system\CodeIgniter.php(824): App\Controllers\OperacaoSl->detalhes_sl('img', 'favicon.ico')
#2 C:\xampp\htdocs\siges\system\CodeIgniter.php(410): CodeIgniter\CodeIgniter->runController(Object(App\Controllers\OperacaoSl))
#3 C:\xampp\htdocs\siges\system\CodeIgniter.php(318): CodeIgniter\CodeIgniter->handleRequest(NULL, Object(Config\Cache), false)
#4 C:\xampp\htdocs\siges\public\index.php(37): CodeIgniter\CodeIgniter->run()
#5 C:\xampp\htdocs\siges\system\Commands\Server\rewrite.php(43): require_once('C:\\xampp\\htdocs...')
#6 {main}
