CRITICAL - 2022-01-06 05:31:01 --> Class 'Cpdf' not found
#0 C:\xampp1\htdocs\siges\system\CodeIgniter.php(824): App\Controllers\OperacaoSl->htmlToPDF()
#1 C:\xampp1\htdocs\siges\system\CodeIgniter.php(410): CodeIgniter\CodeIgniter->runController(Object(App\Controllers\OperacaoSl))
#2 C:\xampp1\htdocs\siges\system\CodeIgniter.php(318): CodeIgniter\CodeIgniter->handleRequest(NULL, Object(Config\Cache), false)
#3 C:\xampp1\htdocs\siges\public\index.php(37): CodeIgniter\CodeIgniter->run()
#4 C:\xampp1\htdocs\siges\system\Commands\Server\rewrite.php(43): require_once('C:\\xampp1\\htdoc...')
#5 {main}
CRITICAL - 2022-01-06 05:31:18 --> Class 'Cezpdf' not found
#0 C:\xampp1\htdocs\siges\system\CodeIgniter.php(824): App\Controllers\OperacaoSl->htmlToPDF()
#1 C:\xampp1\htdocs\siges\system\CodeIgniter.php(410): CodeIgniter\CodeIgniter->runController(Object(App\Controllers\OperacaoSl))
#2 C:\xampp1\htdocs\siges\system\CodeIgniter.php(318): CodeIgniter\CodeIgniter->handleRequest(NULL, Object(Config\Cache), false)
#3 C:\xampp1\htdocs\siges\public\index.php(37): CodeIgniter\CodeIgniter->run()
#4 C:\xampp1\htdocs\siges\system\Commands\Server\rewrite.php(43): require_once('C:\\xampp1\\htdoc...')
#5 {main}
CRITICAL - 2022-01-06 05:32:29 --> Class 'Cezpdf' not found
#0 C:\xampp1\htdocs\siges\system\CodeIgniter.php(824): App\Controllers\OperacaoSl->htmlToPDF()
#1 C:\xampp1\htdocs\siges\system\CodeIgniter.php(410): CodeIgniter\CodeIgniter->runController(Object(App\Controllers\OperacaoSl))
#2 C:\xampp1\htdocs\siges\system\CodeIgniter.php(318): CodeIgniter\CodeIgniter->handleRequest(NULL, Object(Config\Cache), false)
#3 C:\xampp1\htdocs\siges\public\index.php(37): CodeIgniter\CodeIgniter->run()
#4 C:\xampp1\htdocs\siges\system\Commands\Server\rewrite.php(43): require_once('C:\\xampp1\\htdoc...')
#5 {main}
CRITICAL - 2022-01-06 05:34:42 --> Class 'Cezpdf' not found
#0 C:\xampp1\htdocs\siges\system\CodeIgniter.php(824): App\Controllers\OperacaoSl->htmlToPDF()
#1 C:\xampp1\htdocs\siges\system\CodeIgniter.php(410): CodeIgniter\CodeIgniter->runController(Object(App\Controllers\OperacaoSl))
#2 C:\xampp1\htdocs\siges\system\CodeIgniter.php(318): CodeIgniter\CodeIgniter->handleRequest(NULL, Object(Config\Cache), false)
#3 C:\xampp1\htdocs\siges\public\index.php(37): CodeIgniter\CodeIgniter->run()
#4 C:\xampp1\htdocs\siges\system\Commands\Server\rewrite.php(43): require_once('C:\\xampp1\\htdoc...')
#5 {main}
CRITICAL - 2022-01-06 05:34:44 --> Class 'Cezpdf' not found
#0 C:\xampp1\htdocs\siges\system\CodeIgniter.php(824): App\Controllers\OperacaoSl->htmlToPDF()
#1 C:\xampp1\htdocs\siges\system\CodeIgniter.php(410): CodeIgniter\CodeIgniter->runController(Object(App\Controllers\OperacaoSl))
#2 C:\xampp1\htdocs\siges\system\CodeIgniter.php(318): CodeIgniter\CodeIgniter->handleRequest(NULL, Object(Config\Cache), false)
#3 C:\xampp1\htdocs\siges\public\index.php(37): CodeIgniter\CodeIgniter->run()
#4 C:\xampp1\htdocs\siges\system\Commands\Server\rewrite.php(43): require_once('C:\\xampp1\\htdoc...')
#5 {main}
CRITICAL - 2022-01-06 05:34:44 --> Class 'Cezpdf' not found
#0 C:\xampp1\htdocs\siges\system\CodeIgniter.php(824): App\Controllers\OperacaoSl->htmlToPDF()
#1 C:\xampp1\htdocs\siges\system\CodeIgniter.php(410): CodeIgniter\CodeIgniter->runController(Object(App\Controllers\OperacaoSl))
#2 C:\xampp1\htdocs\siges\system\CodeIgniter.php(318): CodeIgniter\CodeIgniter->handleRequest(NULL, Object(Config\Cache), false)
#3 C:\xampp1\htdocs\siges\public\index.php(37): CodeIgniter\CodeIgniter->run()
#4 C:\xampp1\htdocs\siges\system\Commands\Server\rewrite.php(43): require_once('C:\\xampp1\\htdoc...')
#5 {main}
CRITICAL - 2022-01-06 05:34:45 --> Class 'Cezpdf' not found
#0 C:\xampp1\htdocs\siges\system\CodeIgniter.php(824): App\Controllers\OperacaoSl->htmlToPDF()
#1 C:\xampp1\htdocs\siges\system\CodeIgniter.php(410): CodeIgniter\CodeIgniter->runController(Object(App\Controllers\OperacaoSl))
#2 C:\xampp1\htdocs\siges\system\CodeIgniter.php(318): CodeIgniter\CodeIgniter->handleRequest(NULL, Object(Config\Cache), false)
#3 C:\xampp1\htdocs\siges\public\index.php(37): CodeIgniter\CodeIgniter->run()
#4 C:\xampp1\htdocs\siges\system\Commands\Server\rewrite.php(43): require_once('C:\\xampp1\\htdoc...')
#5 {main}
CRITICAL - 2022-01-06 05:34:45 --> Class 'Cezpdf' not found
#0 C:\xampp1\htdocs\siges\system\CodeIgniter.php(824): App\Controllers\OperacaoSl->htmlToPDF()
#1 C:\xampp1\htdocs\siges\system\CodeIgniter.php(410): CodeIgniter\CodeIgniter->runController(Object(App\Controllers\OperacaoSl))
#2 C:\xampp1\htdocs\siges\system\CodeIgniter.php(318): CodeIgniter\CodeIgniter->handleRequest(NULL, Object(Config\Cache), false)
#3 C:\xampp1\htdocs\siges\public\index.php(37): CodeIgniter\CodeIgniter->run()
#4 C:\xampp1\htdocs\siges\system\Commands\Server\rewrite.php(43): require_once('C:\\xampp1\\htdoc...')
#5 {main}
CRITICAL - 2022-01-06 05:34:45 --> Class 'Cezpdf' not found
#0 C:\xampp1\htdocs\siges\system\CodeIgniter.php(824): App\Controllers\OperacaoSl->htmlToPDF()
#1 C:\xampp1\htdocs\siges\system\CodeIgniter.php(410): CodeIgniter\CodeIgniter->runController(Object(App\Controllers\OperacaoSl))
#2 C:\xampp1\htdocs\siges\system\CodeIgniter.php(318): CodeIgniter\CodeIgniter->handleRequest(NULL, Object(Config\Cache), false)
#3 C:\xampp1\htdocs\siges\public\index.php(37): CodeIgniter\CodeIgniter->run()
#4 C:\xampp1\htdocs\siges\system\Commands\Server\rewrite.php(43): require_once('C:\\xampp1\\htdoc...')
#5 {main}
CRITICAL - 2022-01-06 05:34:46 --> Class 'Cezpdf' not found
#0 C:\xampp1\htdocs\siges\system\CodeIgniter.php(824): App\Controllers\OperacaoSl->htmlToPDF()
#1 C:\xampp1\htdocs\siges\system\CodeIgniter.php(410): CodeIgniter\CodeIgniter->runController(Object(App\Controllers\OperacaoSl))
#2 C:\xampp1\htdocs\siges\system\CodeIgniter.php(318): CodeIgniter\CodeIgniter->handleRequest(NULL, Object(Config\Cache), false)
#3 C:\xampp1\htdocs\siges\public\index.php(37): CodeIgniter\CodeIgniter->run()
#4 C:\xampp1\htdocs\siges\system\Commands\Server\rewrite.php(43): require_once('C:\\xampp1\\htdoc...')
#5 {main}
CRITICAL - 2022-01-06 05:49:07 --> include_once(pdf/Cezpdf.php): failed to open stream: No such file or directory
#0 C:\xampp1\htdocs\siges\app\Controllers\OperacaoSl.php(79): CodeIgniter\Debug\Exceptions->errorHandler(2, 'include_once(pd...', 'C:\\xampp1\\htdoc...', 79, Array)
#1 C:\xampp1\htdocs\siges\app\Controllers\OperacaoSl.php(79): include_once()
#2 C:\xampp1\htdocs\siges\system\CodeIgniter.php(824): App\Controllers\OperacaoSl->htmlToPDF()
#3 C:\xampp1\htdocs\siges\system\CodeIgniter.php(410): CodeIgniter\CodeIgniter->runController(Object(App\Controllers\OperacaoSl))
#4 C:\xampp1\htdocs\siges\system\CodeIgniter.php(318): CodeIgniter\CodeIgniter->handleRequest(NULL, Object(Config\Cache), false)
#5 C:\xampp1\htdocs\siges\public\index.php(37): CodeIgniter\CodeIgniter->run()
#6 C:\xampp1\htdocs\siges\system\Commands\Server\rewrite.php(43): require_once('C:\\xampp1\\htdoc...')
#7 {main}
CRITICAL - 2022-01-06 05:49:55 --> Undefined property: App\Controllers\OperacaoSl::$outDir
#0 C:\xampp1\htdocs\siges\app\Controllers\OperacaoSl.php(112): CodeIgniter\Debug\Exceptions->errorHandler(8, 'Undefined prope...', 'C:\\xampp1\\htdoc...', 112, Array)
#1 C:\xampp1\htdocs\siges\app\Controllers\OperacaoSl.php(101): App\Controllers\OperacaoSl->savePdf('htmlToPDF.pdf')
#2 C:\xampp1\htdocs\siges\system\CodeIgniter.php(824): App\Controllers\OperacaoSl->htmlToPDF()
#3 C:\xampp1\htdocs\siges\system\CodeIgniter.php(410): CodeIgniter\CodeIgniter->runController(Object(App\Controllers\OperacaoSl))
#4 C:\xampp1\htdocs\siges\system\CodeIgniter.php(318): CodeIgniter\CodeIgniter->handleRequest(NULL, Object(Config\Cache), false)
#5 C:\xampp1\htdocs\siges\public\index.php(37): CodeIgniter\CodeIgniter->run()
#6 C:\xampp1\htdocs\siges\system\Commands\Server\rewrite.php(43): require_once('C:\\xampp1\\htdoc...')
#7 {main}
CRITICAL - 2022-01-06 05:51:39 --> Undefined property: App\Controllers\OperacaoSl::$outDir
#0 C:\xampp1\htdocs\siges\app\Controllers\OperacaoSl.php(112): CodeIgniter\Debug\Exceptions->errorHandler(8, 'Undefined prope...', 'C:\\xampp1\\htdoc...', 112, Array)
#1 C:\xampp1\htdocs\siges\app\Controllers\OperacaoSl.php(101): App\Controllers\OperacaoSl->savePdf('htmlToPDF.pdf')
#2 C:\xampp1\htdocs\siges\system\CodeIgniter.php(824): App\Controllers\OperacaoSl->htmlToPDF()
#3 C:\xampp1\htdocs\siges\system\CodeIgniter.php(410): CodeIgniter\CodeIgniter->runController(Object(App\Controllers\OperacaoSl))
#4 C:\xampp1\htdocs\siges\system\CodeIgniter.php(318): CodeIgniter\CodeIgniter->handleRequest(NULL, Object(Config\Cache), false)
#5 C:\xampp1\htdocs\siges\public\index.php(37): CodeIgniter\CodeIgniter->run()
#6 C:\xampp1\htdocs\siges\system\Commands\Server\rewrite.php(43): require_once('C:\\xampp1\\htdoc...')
#7 {main}
CRITICAL - 2022-01-06 05:55:20 --> Undefined property: App\Controllers\OperacaoSl::$outDir
#0 C:\xampp1\htdocs\siges\app\Controllers\OperacaoSl.php(112): CodeIgniter\Debug\Exceptions->errorHandler(8, 'Undefined prope...', 'C:\\xampp1\\htdoc...', 112, Array)
#1 C:\xampp1\htdocs\siges\app\Controllers\OperacaoSl.php(101): App\Controllers\OperacaoSl->savePdf('htmlToPDF.pdf')
#2 C:\xampp1\htdocs\siges\system\CodeIgniter.php(824): App\Controllers\OperacaoSl->htmlToPDF()
#3 C:\xampp1\htdocs\siges\system\CodeIgniter.php(410): CodeIgniter\CodeIgniter->runController(Object(App\Controllers\OperacaoSl))
#4 C:\xampp1\htdocs\siges\system\CodeIgniter.php(318): CodeIgniter\CodeIgniter->handleRequest(NULL, Object(Config\Cache), false)
#5 C:\xampp1\htdocs\siges\public\index.php(37): CodeIgniter\CodeIgniter->run()
#6 C:\xampp1\htdocs\siges\system\Commands\Server\rewrite.php(43): require_once('C:\\xampp1\\htdoc...')
#7 {main}
CRITICAL - 2022-01-06 05:55:30 --> Undefined property: App\Controllers\OperacaoSl::$outDir
#0 C:\xampp1\htdocs\siges\app\Controllers\OperacaoSl.php(112): CodeIgniter\Debug\Exceptions->errorHandler(8, 'Undefined prope...', 'C:\\xampp1\\htdoc...', 112, Array)
#1 C:\xampp1\htdocs\siges\app\Controllers\OperacaoSl.php(101): App\Controllers\OperacaoSl->savePdf('htmlToPDF.pdf')
#2 C:\xampp1\htdocs\siges\system\CodeIgniter.php(824): App\Controllers\OperacaoSl->htmlToPDF()
#3 C:\xampp1\htdocs\siges\system\CodeIgniter.php(410): CodeIgniter\CodeIgniter->runController(Object(App\Controllers\OperacaoSl))
#4 C:\xampp1\htdocs\siges\system\CodeIgniter.php(318): CodeIgniter\CodeIgniter->handleRequest(NULL, Object(Config\Cache), false)
#5 C:\xampp1\htdocs\siges\public\index.php(37): CodeIgniter\CodeIgniter->run()
#6 C:\xampp1\htdocs\siges\system\Commands\Server\rewrite.php(43): require_once('C:\\xampp1\\htdoc...')
#7 {main}
CRITICAL - 2022-01-06 06:14:24 --> Undefined index: id_salao
#0 C:\xampp1\htdocs\siges\app\Controllers\OperacaoSl.php(281): CodeIgniter\Debug\Exceptions->errorHandler(8, 'Undefined index...', 'C:\\xampp1\\htdoc...', 281, Array)
#1 C:\xampp1\htdocs\siges\system\CodeIgniter.php(824): App\Controllers\OperacaoSl->detalhes_sl('img', 'favicon.ico')
#2 C:\xampp1\htdocs\siges\system\CodeIgniter.php(410): CodeIgniter\CodeIgniter->runController(Object(App\Controllers\OperacaoSl))
#3 C:\xampp1\htdocs\siges\system\CodeIgniter.php(318): CodeIgniter\CodeIgniter->handleRequest(NULL, Object(Config\Cache), false)
#4 C:\xampp1\htdocs\siges\public\index.php(37): CodeIgniter\CodeIgniter->run()
#5 C:\xampp1\htdocs\siges\system\Commands\Server\rewrite.php(43): require_once('C:\\xampp1\\htdoc...')
#6 {main}
CRITICAL - 2022-01-06 06:14:41 --> Undefined index: id_salao
#0 C:\xampp1\htdocs\siges\app\Controllers\OperacaoSl.php(245): CodeIgniter\Debug\Exceptions->errorHandler(8, 'Undefined index...', 'C:\\xampp1\\htdoc...', 245, Array)
#1 C:\xampp1\htdocs\siges\system\CodeIgniter.php(824): App\Controllers\OperacaoSl->detalhes_sl_add_servico('img', 'favicon.ico')
#2 C:\xampp1\htdocs\siges\system\CodeIgniter.php(410): CodeIgniter\CodeIgniter->runController(Object(App\Controllers\OperacaoSl))
#3 C:\xampp1\htdocs\siges\system\CodeIgniter.php(318): CodeIgniter\CodeIgniter->handleRequest(NULL, Object(Config\Cache), false)
#4 C:\xampp1\htdocs\siges\public\index.php(37): CodeIgniter\CodeIgniter->run()
#5 C:\xampp1\htdocs\siges\system\Commands\Server\rewrite.php(43): require_once('C:\\xampp1\\htdoc...')
#6 {main}
CRITICAL - 2022-01-06 06:14:52 --> Undefined index: id_salao
#0 C:\xampp1\htdocs\siges\app\Controllers\OperacaoSl.php(245): CodeIgniter\Debug\Exceptions->errorHandler(8, 'Undefined index...', 'C:\\xampp1\\htdoc...', 245, Array)
#1 C:\xampp1\htdocs\siges\system\CodeIgniter.php(824): App\Controllers\OperacaoSl->detalhes_sl_add_servico('img', 'favicon.ico')
#2 C:\xampp1\htdocs\siges\system\CodeIgniter.php(410): CodeIgniter\CodeIgniter->runController(Object(App\Controllers\OperacaoSl))
#3 C:\xampp1\htdocs\siges\system\CodeIgniter.php(318): CodeIgniter\CodeIgniter->handleRequest(NULL, Object(Config\Cache), false)
#4 C:\xampp1\htdocs\siges\public\index.php(37): CodeIgniter\CodeIgniter->run()
#5 C:\xampp1\htdocs\siges\system\Commands\Server\rewrite.php(43): require_once('C:\\xampp1\\htdoc...')
#6 {main}
CRITICAL - 2022-01-06 06:15:18 --> Undefined index: id_salao
#0 C:\xampp1\htdocs\siges\app\Controllers\OperacaoSl.php(245): CodeIgniter\Debug\Exceptions->errorHandler(8, 'Undefined index...', 'C:\\xampp1\\htdoc...', 245, Array)
#1 C:\xampp1\htdocs\siges\system\CodeIgniter.php(824): App\Controllers\OperacaoSl->detalhes_sl_add_servico('img', 'favicon.ico')
#2 C:\xampp1\htdocs\siges\system\CodeIgniter.php(410): CodeIgniter\CodeIgniter->runController(Object(App\Controllers\OperacaoSl))
#3 C:\xampp1\htdocs\siges\system\CodeIgniter.php(318): CodeIgniter\CodeIgniter->handleRequest(NULL, Object(Config\Cache), false)
#4 C:\xampp1\htdocs\siges\public\index.php(37): CodeIgniter\CodeIgniter->run()
#5 C:\xampp1\htdocs\siges\system\Commands\Server\rewrite.php(43): require_once('C:\\xampp1\\htdoc...')
#6 {main}
CRITICAL - 2022-01-06 06:15:27 --> Undefined index: id_salao
#0 C:\xampp1\htdocs\siges\app\Controllers\OperacaoSl.php(245): CodeIgniter\Debug\Exceptions->errorHandler(8, 'Undefined index...', 'C:\\xampp1\\htdoc...', 245, Array)
#1 C:\xampp1\htdocs\siges\system\CodeIgniter.php(824): App\Controllers\OperacaoSl->detalhes_sl_add_servico('img', 'favicon.ico')
#2 C:\xampp1\htdocs\siges\system\CodeIgniter.php(410): CodeIgniter\CodeIgniter->runController(Object(App\Controllers\OperacaoSl))
#3 C:\xampp1\htdocs\siges\system\CodeIgniter.php(318): CodeIgniter\CodeIgniter->handleRequest(NULL, Object(Config\Cache), false)
#4 C:\xampp1\htdocs\siges\public\index.php(37): CodeIgniter\CodeIgniter->run()
#5 C:\xampp1\htdocs\siges\system\Commands\Server\rewrite.php(43): require_once('C:\\xampp1\\htdoc...')
#6 {main}
CRITICAL - 2022-01-06 06:36:30 --> Undefined index: id_salao
#0 C:\xampp1\htdocs\siges\app\Controllers\OperacaoSl.php(281): CodeIgniter\Debug\Exceptions->errorHandler(8, 'Undefined index...', 'C:\\xampp1\\htdoc...', 281, Array)
#1 C:\xampp1\htdocs\siges\system\CodeIgniter.php(824): App\Controllers\OperacaoSl->detalhes_sl('img', 'favicon.ico')
#2 C:\xampp1\htdocs\siges\system\CodeIgniter.php(410): CodeIgniter\CodeIgniter->runController(Object(App\Controllers\OperacaoSl))
#3 C:\xampp1\htdocs\siges\system\CodeIgniter.php(318): CodeIgniter\CodeIgniter->handleRequest(NULL, Object(Config\Cache), false)
#4 C:\xampp1\htdocs\siges\public\index.php(37): CodeIgniter\CodeIgniter->run()
#5 C:\xampp1\htdocs\siges\system\Commands\Server\rewrite.php(43): require_once('C:\\xampp1\\htdoc...')
#6 {main}
CRITICAL - 2022-01-06 06:39:42 --> Undefined index: id_salao
#0 C:\xampp1\htdocs\siges\app\Controllers\OperacaoSl.php(281): CodeIgniter\Debug\Exceptions->errorHandler(8, 'Undefined index...', 'C:\\xampp1\\htdoc...', 281, Array)
#1 C:\xampp1\htdocs\siges\system\CodeIgniter.php(824): App\Controllers\OperacaoSl->detalhes_sl('img', 'favicon.ico')
#2 C:\xampp1\htdocs\siges\system\CodeIgniter.php(410): CodeIgniter\CodeIgniter->runController(Object(App\Controllers\OperacaoSl))
#3 C:\xampp1\htdocs\siges\system\CodeIgniter.php(318): CodeIgniter\CodeIgniter->handleRequest(NULL, Object(Config\Cache), false)
#4 C:\xampp1\htdocs\siges\public\index.php(37): CodeIgniter\CodeIgniter->run()
#5 C:\xampp1\htdocs\siges\system\Commands\Server\rewrite.php(43): require_once('C:\\xampp1\\htdoc...')
#6 {main}
CRITICAL - 2022-01-06 06:40:01 --> Undefined property: App\Controllers\OperacaoSl::$outDir
#0 C:\xampp1\htdocs\siges\app\Controllers\OperacaoSl.php(112): CodeIgniter\Debug\Exceptions->errorHandler(8, 'Undefined prope...', 'C:\\xampp1\\htdoc...', 112, Array)
#1 C:\xampp1\htdocs\siges\app\Controllers\OperacaoSl.php(101): App\Controllers\OperacaoSl->savePdf('htmlToPDF.pdf')
#2 C:\xampp1\htdocs\siges\system\CodeIgniter.php(824): App\Controllers\OperacaoSl->htmlToPDF()
#3 C:\xampp1\htdocs\siges\system\CodeIgniter.php(410): CodeIgniter\CodeIgniter->runController(Object(App\Controllers\OperacaoSl))
#4 C:\xampp1\htdocs\siges\system\CodeIgniter.php(318): CodeIgniter\CodeIgniter->handleRequest(NULL, Object(Config\Cache), false)
#5 C:\xampp1\htdocs\siges\public\index.php(37): CodeIgniter\CodeIgniter->run()
#6 C:\xampp1\htdocs\siges\system\Commands\Server\rewrite.php(43): require_once('C:\\xampp1\\htdoc...')
#7 {main}
CRITICAL - 2022-01-06 06:43:55 --> Undefined property: App\Controllers\OperacaoSl::$outDir
#0 C:\xampp1\htdocs\siges\app\Controllers\OperacaoSl.php(112): CodeIgniter\Debug\Exceptions->errorHandler(8, 'Undefined prope...', 'C:\\xampp1\\htdoc...', 112, Array)
#1 C:\xampp1\htdocs\siges\app\Controllers\OperacaoSl.php(101): App\Controllers\OperacaoSl->savePdf('htmlToPDF.pdf')
#2 C:\xampp1\htdocs\siges\system\CodeIgniter.php(824): App\Controllers\OperacaoSl->htmlToPDF()
#3 C:\xampp1\htdocs\siges\system\CodeIgniter.php(410): CodeIgniter\CodeIgniter->runController(Object(App\Controllers\OperacaoSl))
#4 C:\xampp1\htdocs\siges\system\CodeIgniter.php(318): CodeIgniter\CodeIgniter->handleRequest(NULL, Object(Config\Cache), false)
#5 C:\xampp1\htdocs\siges\public\index.php(37): CodeIgniter\CodeIgniter->run()
#6 C:\xampp1\htdocs\siges\system\Commands\Server\rewrite.php(43): require_once('C:\\xampp1\\htdoc...')
#7 {main}
CRITICAL - 2022-01-06 06:53:38 --> Undefined property: App\Controllers\OperacaoSl::$outDir
#0 C:\xampp1\htdocs\siges\app\Controllers\OperacaoSl.php(163): CodeIgniter\Debug\Exceptions->errorHandler(8, 'Undefined prope...', 'C:\\xampp1\\htdoc...', 163, Array)
#1 C:\xampp1\htdocs\siges\app\Controllers\OperacaoSl.php(152): App\Controllers\OperacaoSl->savePdf('htmlToPDF.pdf')
#2 C:\xampp1\htdocs\siges\system\CodeIgniter.php(824): App\Controllers\OperacaoSl->htmlToPDF()
#3 C:\xampp1\htdocs\siges\system\CodeIgniter.php(410): CodeIgniter\CodeIgniter->runController(Object(App\Controllers\OperacaoSl))
#4 C:\xampp1\htdocs\siges\system\CodeIgniter.php(318): CodeIgniter\CodeIgniter->handleRequest(NULL, Object(Config\Cache), false)
#5 C:\xampp1\htdocs\siges\public\index.php(37): CodeIgniter\CodeIgniter->run()
#6 C:\xampp1\htdocs\siges\system\Commands\Server\rewrite.php(43): require_once('C:\\xampp1\\htdoc...')
#7 {main}
CRITICAL - 2022-01-06 06:54:36 --> Undefined property: App\Controllers\OperacaoSl::$outDir
#0 C:\xampp1\htdocs\siges\app\Controllers\OperacaoSl.php(112): CodeIgniter\Debug\Exceptions->errorHandler(8, 'Undefined prope...', 'C:\\xampp1\\htdoc...', 112, Array)
#1 C:\xampp1\htdocs\siges\app\Controllers\OperacaoSl.php(101): App\Controllers\OperacaoSl->savePdf('htmlToPDF.pdf')
#2 C:\xampp1\htdocs\siges\system\CodeIgniter.php(824): App\Controllers\OperacaoSl->htmlToPDF()
#3 C:\xampp1\htdocs\siges\system\CodeIgniter.php(410): CodeIgniter\CodeIgniter->runController(Object(App\Controllers\OperacaoSl))
#4 C:\xampp1\htdocs\siges\system\CodeIgniter.php(318): CodeIgniter\CodeIgniter->handleRequest(NULL, Object(Config\Cache), false)
#5 C:\xampp1\htdocs\siges\public\index.php(37): CodeIgniter\CodeIgniter->run()
#6 C:\xampp1\htdocs\siges\system\Commands\Server\rewrite.php(43): require_once('C:\\xampp1\\htdoc...')
#7 {main}
CRITICAL - 2022-01-06 07:01:09 --> Class 'Dompdf\Options' not found
#0 C:\xampp1\htdocs\siges\app\Controllers\OperacaoSl.php(107): Dompdf\Dompdf->__construct()
#1 C:\xampp1\htdocs\siges\system\CodeIgniter.php(824): App\Controllers\OperacaoSl->htmlToPDF()
#2 C:\xampp1\htdocs\siges\system\CodeIgniter.php(410): CodeIgniter\CodeIgniter->runController(Object(App\Controllers\OperacaoSl))
#3 C:\xampp1\htdocs\siges\system\CodeIgniter.php(318): CodeIgniter\CodeIgniter->handleRequest(NULL, Object(Config\Cache), false)
#4 C:\xampp1\htdocs\siges\public\index.php(37): CodeIgniter\CodeIgniter->run()
#5 C:\xampp1\htdocs\siges\system\Commands\Server\rewrite.php(43): require_once('C:\\xampp1\\htdoc...')
#6 {main}
CRITICAL - 2022-01-06 07:04:08 --> include_once(dompdf/dompdf/Autoloader.php): failed to open stream: No such file or directory
#0 C:\xampp1\htdocs\siges\app\Controllers\OperacaoSl.php(79): CodeIgniter\Debug\Exceptions->errorHandler(2, 'include_once(do...', 'C:\\xampp1\\htdoc...', 79, Array)
#1 C:\xampp1\htdocs\siges\app\Controllers\OperacaoSl.php(79): include_once()
#2 C:\xampp1\htdocs\siges\system\CodeIgniter.php(824): App\Controllers\OperacaoSl->htmlToPDF()
#3 C:\xampp1\htdocs\siges\system\CodeIgniter.php(410): CodeIgniter\CodeIgniter->runController(Object(App\Controllers\OperacaoSl))
#4 C:\xampp1\htdocs\siges\system\CodeIgniter.php(318): CodeIgniter\CodeIgniter->handleRequest(NULL, Object(Config\Cache), false)
#5 C:\xampp1\htdocs\siges\public\index.php(37): CodeIgniter\CodeIgniter->run()
#6 C:\xampp1\htdocs\siges\system\Commands\Server\rewrite.php(43): require_once('C:\\xampp1\\htdoc...')
#7 {main}
CRITICAL - 2022-01-06 07:05:48 --> Class 'Dompdf' not found
#0 C:\xampp1\htdocs\siges\system\CodeIgniter.php(824): App\Controllers\OperacaoSl->htmlToPDF()
#1 C:\xampp1\htdocs\siges\system\CodeIgniter.php(410): CodeIgniter\CodeIgniter->runController(Object(App\Controllers\OperacaoSl))
#2 C:\xampp1\htdocs\siges\system\CodeIgniter.php(318): CodeIgniter\CodeIgniter->handleRequest(NULL, Object(Config\Cache), false)
#3 C:\xampp1\htdocs\siges\public\index.php(37): CodeIgniter\CodeIgniter->run()
#4 C:\xampp1\htdocs\siges\system\Commands\Server\rewrite.php(43): require_once('C:\\xampp1\\htdoc...')
#5 {main}
CRITICAL - 2022-01-06 07:06:18 --> Class 'Dompdf\CanvasFactory' not found
#0 C:\xampp1\htdocs\siges\app\Controllers\OperacaoSl.php(108): Dompdf\Dompdf->__construct()
#1 C:\xampp1\htdocs\siges\system\CodeIgniter.php(824): App\Controllers\OperacaoSl->htmlToPDF()
#2 C:\xampp1\htdocs\siges\system\CodeIgniter.php(410): CodeIgniter\CodeIgniter->runController(Object(App\Controllers\OperacaoSl))
#3 C:\xampp1\htdocs\siges\system\CodeIgniter.php(318): CodeIgniter\CodeIgniter->handleRequest(NULL, Object(Config\Cache), false)
#4 C:\xampp1\htdocs\siges\public\index.php(37): CodeIgniter\CodeIgniter->run()
#5 C:\xampp1\htdocs\siges\system\Commands\Server\rewrite.php(43): require_once('C:\\xampp1\\htdoc...')
#6 {main}
CRITICAL - 2022-01-06 07:06:45 --> Class 'Dompdf\Adapter\CPDF' not found
#0 C:\xampp1\htdocs\siges\app\Controllers\dompdf\dompdf\src\Dompdf.php(299): Dompdf\CanvasFactory::get_instance(Object(Dompdf\Dompdf), 'letter', 'portrait')
#1 C:\xampp1\htdocs\siges\app\Controllers\OperacaoSl.php(109): Dompdf\Dompdf->__construct()
#2 C:\xampp1\htdocs\siges\system\CodeIgniter.php(824): App\Controllers\OperacaoSl->htmlToPDF()
#3 C:\xampp1\htdocs\siges\system\CodeIgniter.php(410): CodeIgniter\CodeIgniter->runController(Object(App\Controllers\OperacaoSl))
#4 C:\xampp1\htdocs\siges\system\CodeIgniter.php(318): CodeIgniter\CodeIgniter->handleRequest(NULL, Object(Config\Cache), false)
#5 C:\xampp1\htdocs\siges\public\index.php(37): CodeIgniter\CodeIgniter->run()
#6 C:\xampp1\htdocs\siges\system\Commands\Server\rewrite.php(43): require_once('C:\\xampp1\\htdoc...')
#7 {main}
CRITICAL - 2022-01-06 07:07:12 --> include_once(dompdf/dompdf/src/CPDF.php): failed to open stream: No such file or directory
#0 C:\xampp1\htdocs\siges\app\Controllers\OperacaoSl.php(82): CodeIgniter\Debug\Exceptions->errorHandler(2, 'include_once(do...', 'C:\\xampp1\\htdoc...', 82, Array)
#1 C:\xampp1\htdocs\siges\app\Controllers\OperacaoSl.php(82): include_once()
#2 C:\xampp1\htdocs\siges\system\CodeIgniter.php(824): App\Controllers\OperacaoSl->htmlToPDF()
#3 C:\xampp1\htdocs\siges\system\CodeIgniter.php(410): CodeIgniter\CodeIgniter->runController(Object(App\Controllers\OperacaoSl))
#4 C:\xampp1\htdocs\siges\system\CodeIgniter.php(318): CodeIgniter\CodeIgniter->handleRequest(NULL, Object(Config\Cache), false)
#5 C:\xampp1\htdocs\siges\public\index.php(37): CodeIgniter\CodeIgniter->run()
#6 C:\xampp1\htdocs\siges\system\Commands\Server\rewrite.php(43): require_once('C:\\xampp1\\htdoc...')
#7 {main}
CRITICAL - 2022-01-06 07:08:20 --> include_once(dompdf/dompdf/src/CPDF/CPDF.php): failed to open stream: No such file or directory
#0 C:\xampp1\htdocs\siges\app\Controllers\OperacaoSl.php(82): CodeIgniter\Debug\Exceptions->errorHandler(2, 'include_once(do...', 'C:\\xampp1\\htdoc...', 82, Array)
#1 C:\xampp1\htdocs\siges\app\Controllers\OperacaoSl.php(82): include_once()
#2 C:\xampp1\htdocs\siges\system\CodeIgniter.php(824): App\Controllers\OperacaoSl->htmlToPDF()
#3 C:\xampp1\htdocs\siges\system\CodeIgniter.php(410): CodeIgniter\CodeIgniter->runController(Object(App\Controllers\OperacaoSl))
#4 C:\xampp1\htdocs\siges\system\CodeIgniter.php(318): CodeIgniter\CodeIgniter->handleRequest(NULL, Object(Config\Cache), false)
#5 C:\xampp1\htdocs\siges\public\index.php(37): CodeIgniter\CodeIgniter->run()
#6 C:\xampp1\htdocs\siges\system\Commands\Server\rewrite.php(43): require_once('C:\\xampp1\\htdoc...')
#7 {main}
CRITICAL - 2022-01-06 07:08:39 --> Interface 'Dompdf\Canvas' not found
#0 C:\xampp1\htdocs\siges\app\Controllers\OperacaoSl.php(82): include_once()
#1 C:\xampp1\htdocs\siges\system\CodeIgniter.php(824): App\Controllers\OperacaoSl->htmlToPDF()
#2 C:\xampp1\htdocs\siges\system\CodeIgniter.php(410): CodeIgniter\CodeIgniter->runController(Object(App\Controllers\OperacaoSl))
#3 C:\xampp1\htdocs\siges\system\CodeIgniter.php(318): CodeIgniter\CodeIgniter->handleRequest(NULL, Object(Config\Cache), false)
#4 C:\xampp1\htdocs\siges\public\index.php(37): CodeIgniter\CodeIgniter->run()
#5 C:\xampp1\htdocs\siges\system\Commands\Server\rewrite.php(43): require_once('C:\\xampp1\\htdoc...')
#6 {main}
CRITICAL - 2022-01-06 07:09:46 --> Interface 'Dompdf\Canvas' not found
#0 C:\xampp1\htdocs\siges\app\Controllers\OperacaoSl.php(82): include_once()
#1 C:\xampp1\htdocs\siges\system\CodeIgniter.php(824): App\Controllers\OperacaoSl->htmlToPDF()
#2 C:\xampp1\htdocs\siges\system\CodeIgniter.php(410): CodeIgniter\CodeIgniter->runController(Object(App\Controllers\OperacaoSl))
#3 C:\xampp1\htdocs\siges\system\CodeIgniter.php(318): CodeIgniter\CodeIgniter->handleRequest(NULL, Object(Config\Cache), false)
#4 C:\xampp1\htdocs\siges\public\index.php(37): CodeIgniter\CodeIgniter->run()
#5 C:\xampp1\htdocs\siges\system\Commands\Server\rewrite.php(43): require_once('C:\\xampp1\\htdoc...')
#6 {main}
CRITICAL - 2022-01-06 07:10:41 --> Interface 'Dompdf\Canvas' not found
#0 C:\xampp1\htdocs\siges\app\Controllers\OperacaoSl.php(82): include_once()
#1 C:\xampp1\htdocs\siges\system\CodeIgniter.php(824): App\Controllers\OperacaoSl->htmlToPDF()
#2 C:\xampp1\htdocs\siges\system\CodeIgniter.php(410): CodeIgniter\CodeIgniter->runController(Object(App\Controllers\OperacaoSl))
#3 C:\xampp1\htdocs\siges\system\CodeIgniter.php(318): CodeIgniter\CodeIgniter->handleRequest(NULL, Object(Config\Cache), false)
#4 C:\xampp1\htdocs\siges\public\index.php(37): CodeIgniter\CodeIgniter->run()
#5 C:\xampp1\htdocs\siges\system\Commands\Server\rewrite.php(43): require_once('C:\\xampp1\\htdoc...')
#6 {main}
CRITICAL - 2022-01-06 07:11:36 --> Interface 'Dompdf\Canvas' not found
#0 C:\xampp1\htdocs\siges\app\Controllers\OperacaoSl.php(82): include_once()
#1 C:\xampp1\htdocs\siges\system\CodeIgniter.php(824): App\Controllers\OperacaoSl->htmlToPDF()
#2 C:\xampp1\htdocs\siges\system\CodeIgniter.php(410): CodeIgniter\CodeIgniter->runController(Object(App\Controllers\OperacaoSl))
#3 C:\xampp1\htdocs\siges\system\CodeIgniter.php(318): CodeIgniter\CodeIgniter->handleRequest(NULL, Object(Config\Cache), false)
#4 C:\xampp1\htdocs\siges\public\index.php(37): CodeIgniter\CodeIgniter->run()
#5 C:\xampp1\htdocs\siges\system\Commands\Server\rewrite.php(43): require_once('C:\\xampp1\\htdoc...')
#6 {main}
CRITICAL - 2022-01-06 07:13:57 --> Undefined property: App\Controllers\OperacaoSl::$outDir
#0 C:\xampp1\htdocs\siges\app\Controllers\OperacaoSl.php(115): CodeIgniter\Debug\Exceptions->errorHandler(8, 'Undefined prope...', 'C:\\xampp1\\htdoc...', 115, Array)
#1 C:\xampp1\htdocs\siges\app\Controllers\OperacaoSl.php(100): App\Controllers\OperacaoSl->savePdf('htmlToPDF.pdf')
#2 C:\xampp1\htdocs\siges\system\CodeIgniter.php(824): App\Controllers\OperacaoSl->htmlToPDF()
#3 C:\xampp1\htdocs\siges\system\CodeIgniter.php(410): CodeIgniter\CodeIgniter->runController(Object(App\Controllers\OperacaoSl))
#4 C:\xampp1\htdocs\siges\system\CodeIgniter.php(318): CodeIgniter\CodeIgniter->handleRequest(NULL, Object(Config\Cache), false)
#5 C:\xampp1\htdocs\siges\public\index.php(37): CodeIgniter\CodeIgniter->run()
#6 C:\xampp1\htdocs\siges\system\Commands\Server\rewrite.php(43): require_once('C:\\xampp1\\htdoc...')
#7 {main}
CRITICAL - 2022-01-06 07:14:10 --> Undefined property: App\Controllers\OperacaoSl::$outDir
#0 C:\xampp1\htdocs\siges\app\Controllers\OperacaoSl.php(115): CodeIgniter\Debug\Exceptions->errorHandler(8, 'Undefined prope...', 'C:\\xampp1\\htdoc...', 115, Array)
#1 C:\xampp1\htdocs\siges\app\Controllers\OperacaoSl.php(100): App\Controllers\OperacaoSl->savePdf('htmlToPDF.pdf')
#2 C:\xampp1\htdocs\siges\system\CodeIgniter.php(824): App\Controllers\OperacaoSl->htmlToPDF()
#3 C:\xampp1\htdocs\siges\system\CodeIgniter.php(410): CodeIgniter\CodeIgniter->runController(Object(App\Controllers\OperacaoSl))
#4 C:\xampp1\htdocs\siges\system\CodeIgniter.php(318): CodeIgniter\CodeIgniter->handleRequest(NULL, Object(Config\Cache), false)
#5 C:\xampp1\htdocs\siges\public\index.php(37): CodeIgniter\CodeIgniter->run()
#6 C:\xampp1\htdocs\siges\system\Commands\Server\rewrite.php(43): require_once('C:\\xampp1\\htdoc...')
#7 {main}
CRITICAL - 2022-01-06 07:14:10 --> Uncaught CodeIgniter\Format\Exceptions\FormatException: Failed to parse json string, error: "Malformed UTF-8 characters, possibly incorrectly encoded". in C:\xampp1\htdocs\siges\system\Format\JSONFormatter.php:41
Stack trace:
#0 C:\xampp1\htdocs\siges\system\Format\JSONFormatter.php(41): CodeIgniter\Format\Exceptions\FormatException::forInvalidJSON('Malformed UTF-8...')
#1 C:\xampp1\htdocs\siges\system\API\ResponseTrait.php(341): CodeIgniter\Format\JSONFormatter->format(Array)
#2 C:\xampp1\htdocs\siges\system\API\ResponseTrait.php(99): CodeIgniter\Debug\Exceptions->format(Array)
#3 C:\xampp1\htdocs\siges\system\Debug\Exceptions.php(110): CodeIgniter\Debug\Exceptions->respond(Array, 500)
#4 [internal function]: CodeIgniter\Debug\Exceptions->exceptionHandler(Object(ErrorException))
#5 {main}
  thrown
#0 [internal function]: CodeIgniter\Debug\Exceptions->shutdownHandler()
#1 {main}
CRITICAL - 2022-01-06 07:14:21 --> Undefined property: App\Controllers\OperacaoSl::$outDir
#0 C:\xampp1\htdocs\siges\app\Controllers\OperacaoSl.php(115): CodeIgniter\Debug\Exceptions->errorHandler(8, 'Undefined prope...', 'C:\\xampp1\\htdoc...', 115, Array)
#1 C:\xampp1\htdocs\siges\app\Controllers\OperacaoSl.php(100): App\Controllers\OperacaoSl->savePdf('htmlToPDF.pdf')
#2 C:\xampp1\htdocs\siges\system\CodeIgniter.php(824): App\Controllers\OperacaoSl->htmlToPDF()
#3 C:\xampp1\htdocs\siges\system\CodeIgniter.php(410): CodeIgniter\CodeIgniter->runController(Object(App\Controllers\OperacaoSl))
#4 C:\xampp1\htdocs\siges\system\CodeIgniter.php(318): CodeIgniter\CodeIgniter->handleRequest(NULL, Object(Config\Cache), false)
#5 C:\xampp1\htdocs\siges\public\index.php(37): CodeIgniter\CodeIgniter->run()
#6 C:\xampp1\htdocs\siges\system\Commands\Server\rewrite.php(43): require_once('C:\\xampp1\\htdoc...')
#7 {main}
CRITICAL - 2022-01-06 07:14:21 --> Uncaught CodeIgniter\Format\Exceptions\FormatException: Failed to parse json string, error: "Malformed UTF-8 characters, possibly incorrectly encoded". in C:\xampp1\htdocs\siges\system\Format\JSONFormatter.php:41
Stack trace:
#0 C:\xampp1\htdocs\siges\system\Format\JSONFormatter.php(41): CodeIgniter\Format\Exceptions\FormatException::forInvalidJSON('Malformed UTF-8...')
#1 C:\xampp1\htdocs\siges\system\API\ResponseTrait.php(341): CodeIgniter\Format\JSONFormatter->format(Array)
#2 C:\xampp1\htdocs\siges\system\API\ResponseTrait.php(99): CodeIgniter\Debug\Exceptions->format(Array)
#3 C:\xampp1\htdocs\siges\system\Debug\Exceptions.php(110): CodeIgniter\Debug\Exceptions->respond(Array, 500)
#4 [internal function]: CodeIgniter\Debug\Exceptions->exceptionHandler(Object(ErrorException))
#5 {main}
  thrown
#0 [internal function]: CodeIgniter\Debug\Exceptions->shutdownHandler()
#1 {main}
