CRITICAL - 2021-12-31 06:19:38 --> There is no data to update.
#0 C:\xampp1\htdocs\agenda_festa\system\BaseModel.php(846): CodeIgniter\Database\Exceptions\DataException::forEmptyDataset('update')
#1 C:\xampp1\htdocs\agenda_festa\system\Model.php(646): CodeIgniter\BaseModel->update(Array, Array)
#2 C:\xampp1\htdocs\agenda_festa\app\Controllers\OperacaoSl.php(112): CodeIgniter\Model->update('2', Array)
#3 C:\xampp1\htdocs\agenda_festa\system\CodeIgniter.php(824): App\Controllers\OperacaoSl->liberar_espaco()
#4 C:\xampp1\htdocs\agenda_festa\system\CodeIgniter.php(410): CodeIgniter\CodeIgniter->runController(Object(App\Controllers\OperacaoSl))
#5 C:\xampp1\htdocs\agenda_festa\system\CodeIgniter.php(318): CodeIgniter\CodeIgniter->handleRequest(NULL, Object(Config\Cache), false)
#6 C:\xampp1\htdocs\agenda_festa\public\index.php(37): CodeIgniter\CodeIgniter->run()
#7 C:\xampp1\htdocs\agenda_festa\system\Commands\Server\rewrite.php(43): require_once('C:\\xampp1\\htdoc...')
#8 {main}
CRITICAL - 2021-12-31 06:20:00 --> There is no data to update.
#0 C:\xampp1\htdocs\agenda_festa\system\BaseModel.php(846): CodeIgniter\Database\Exceptions\DataException::forEmptyDataset('update')
#1 C:\xampp1\htdocs\agenda_festa\system\Model.php(646): CodeIgniter\BaseModel->update(Array, Array)
#2 C:\xampp1\htdocs\agenda_festa\app\Controllers\OperacaoSl.php(112): CodeIgniter\Model->update('2', Array)
#3 C:\xampp1\htdocs\agenda_festa\system\CodeIgniter.php(824): App\Controllers\OperacaoSl->liberar_espaco()
#4 C:\xampp1\htdocs\agenda_festa\system\CodeIgniter.php(410): CodeIgniter\CodeIgniter->runController(Object(App\Controllers\OperacaoSl))
#5 C:\xampp1\htdocs\agenda_festa\system\CodeIgniter.php(318): CodeIgniter\CodeIgniter->handleRequest(NULL, Object(Config\Cache), false)
#6 C:\xampp1\htdocs\agenda_festa\public\index.php(37): CodeIgniter\CodeIgniter->run()
#7 C:\xampp1\htdocs\agenda_festa\system\Commands\Server\rewrite.php(43): require_once('C:\\xampp1\\htdoc...')
#8 {main}
CRITICAL - 2021-12-31 06:21:29 --> There is no data to update.
#0 C:\xampp1\htdocs\agenda_festa\system\BaseModel.php(846): CodeIgniter\Database\Exceptions\DataException::forEmptyDataset('update')
#1 C:\xampp1\htdocs\agenda_festa\system\Model.php(646): CodeIgniter\BaseModel->update(Array, Array)
#2 C:\xampp1\htdocs\agenda_festa\app\Controllers\OperacaoSl.php(112): CodeIgniter\Model->update('2', Array)
#3 C:\xampp1\htdocs\agenda_festa\system\CodeIgniter.php(824): App\Controllers\OperacaoSl->liberar_espaco()
#4 C:\xampp1\htdocs\agenda_festa\system\CodeIgniter.php(410): CodeIgniter\CodeIgniter->runController(Object(App\Controllers\OperacaoSl))
#5 C:\xampp1\htdocs\agenda_festa\system\CodeIgniter.php(318): CodeIgniter\CodeIgniter->handleRequest(NULL, Object(Config\Cache), false)
#6 C:\xampp1\htdocs\agenda_festa\public\index.php(37): CodeIgniter\CodeIgniter->run()
#7 C:\xampp1\htdocs\agenda_festa\system\Commands\Server\rewrite.php(43): require_once('C:\\xampp1\\htdoc...')
#8 {main}
CRITICAL - 2021-12-31 06:22:07 --> There is no data to update.
#0 C:\xampp1\htdocs\agenda_festa\system\BaseModel.php(846): CodeIgniter\Database\Exceptions\DataException::forEmptyDataset('update')
#1 C:\xampp1\htdocs\agenda_festa\system\Model.php(646): CodeIgniter\BaseModel->update(Array, Array)
#2 C:\xampp1\htdocs\agenda_festa\app\Controllers\OperacaoSl.php(112): CodeIgniter\Model->update('2', Array)
#3 C:\xampp1\htdocs\agenda_festa\system\CodeIgniter.php(824): App\Controllers\OperacaoSl->liberar_espaco()
#4 C:\xampp1\htdocs\agenda_festa\system\CodeIgniter.php(410): CodeIgniter\CodeIgniter->runController(Object(App\Controllers\OperacaoSl))
#5 C:\xampp1\htdocs\agenda_festa\system\CodeIgniter.php(318): CodeIgniter\CodeIgniter->handleRequest(NULL, Object(Config\Cache), false)
#6 C:\xampp1\htdocs\agenda_festa\public\index.php(37): CodeIgniter\CodeIgniter->run()
#7 C:\xampp1\htdocs\agenda_festa\system\Commands\Server\rewrite.php(43): require_once('C:\\xampp1\\htdoc...')
#8 {main}
CRITICAL - 2021-12-31 06:23:26 --> There is no data to update.
#0 C:\xampp1\htdocs\agenda_festa\system\BaseModel.php(846): CodeIgniter\Database\Exceptions\DataException::forEmptyDataset('update')
#1 C:\xampp1\htdocs\agenda_festa\system\Model.php(646): CodeIgniter\BaseModel->update(Array, Array)
#2 C:\xampp1\htdocs\agenda_festa\app\Controllers\OperacaoSl.php(112): CodeIgniter\Model->update('2', Array)
#3 C:\xampp1\htdocs\agenda_festa\system\CodeIgniter.php(824): App\Controllers\OperacaoSl->liberar_espaco()
#4 C:\xampp1\htdocs\agenda_festa\system\CodeIgniter.php(410): CodeIgniter\CodeIgniter->runController(Object(App\Controllers\OperacaoSl))
#5 C:\xampp1\htdocs\agenda_festa\system\CodeIgniter.php(318): CodeIgniter\CodeIgniter->handleRequest(NULL, Object(Config\Cache), false)
#6 C:\xampp1\htdocs\agenda_festa\public\index.php(37): CodeIgniter\CodeIgniter->run()
#7 C:\xampp1\htdocs\agenda_festa\system\Commands\Server\rewrite.php(43): require_once('C:\\xampp1\\htdoc...')
#8 {main}
CRITICAL - 2021-12-31 06:25:03 --> Out of memory (allocated 4194304) (tried to allocate 327680 bytes)
#0 [internal function]: CodeIgniter\Debug\Exceptions->shutdownHandler()
#1 {main}
