CRITICAL - 2022-01-04 07:00:54 --> Undefined index: id_salao
#0 C:\xampp1\htdocs\siges\app\Controllers\OperacaoSl.php(180): CodeIgniter\Debug\Exceptions->errorHandler(8, 'Undefined index...', 'C:\\xampp1\\htdoc...', 180, Array)
#1 C:\xampp1\htdocs\siges\system\CodeIgniter.php(824): App\Controllers\OperacaoSl->detalhes_sl('img', 'favicon.ico')
#2 C:\xampp1\htdocs\siges\system\CodeIgniter.php(410): CodeIgniter\CodeIgniter->runController(Object(App\Controllers\OperacaoSl))
#3 C:\xampp1\htdocs\siges\system\CodeIgniter.php(318): CodeIgniter\CodeIgniter->handleRequest(NULL, Object(Config\Cache), false)
#4 C:\xampp1\htdocs\siges\public\index.php(37): CodeIgniter\CodeIgniter->run()
#5 C:\xampp1\htdocs\siges\system\Commands\Server\rewrite.php(43): require_once('C:\\xampp1\\htdoc...')
#6 {main}
CRITICAL - 2022-01-04 07:01:05 --> Undefined index: id_salao
#0 C:\xampp1\htdocs\siges\app\Controllers\OperacaoSl.php(180): CodeIgniter\Debug\Exceptions->errorHandler(8, 'Undefined index...', 'C:\\xampp1\\htdoc...', 180, Array)
#1 C:\xampp1\htdocs\siges\system\CodeIgniter.php(824): App\Controllers\OperacaoSl->detalhes_sl('mailbox.html')
#2 C:\xampp1\htdocs\siges\system\CodeIgniter.php(410): CodeIgniter\CodeIgniter->runController(Object(App\Controllers\OperacaoSl))
#3 C:\xampp1\htdocs\siges\system\CodeIgniter.php(318): CodeIgniter\CodeIgniter->handleRequest(NULL, Object(Config\Cache), false)
#4 C:\xampp1\htdocs\siges\public\index.php(37): CodeIgniter\CodeIgniter->run()
#5 C:\xampp1\htdocs\siges\system\Commands\Server\rewrite.php(43): require_once('C:\\xampp1\\htdoc...')
#6 {main}
CRITICAL - 2022-01-04 07:01:10 --> Undefined index: id_salao
#0 C:\xampp1\htdocs\siges\app\Controllers\OperacaoSl.php(180): CodeIgniter\Debug\Exceptions->errorHandler(8, 'Undefined index...', 'C:\\xampp1\\htdoc...', 180, Array)
#1 C:\xampp1\htdocs\siges\system\CodeIgniter.php(824): App\Controllers\OperacaoSl->detalhes_sl('img', 'favicon.ico')
#2 C:\xampp1\htdocs\siges\system\CodeIgniter.php(410): CodeIgniter\CodeIgniter->runController(Object(App\Controllers\OperacaoSl))
#3 C:\xampp1\htdocs\siges\system\CodeIgniter.php(318): CodeIgniter\CodeIgniter->handleRequest(NULL, Object(Config\Cache), false)
#4 C:\xampp1\htdocs\siges\public\index.php(37): CodeIgniter\CodeIgniter->run()
#5 C:\xampp1\htdocs\siges\system\Commands\Server\rewrite.php(43): require_once('C:\\xampp1\\htdoc...')
#6 {main}
CRITICAL - 2022-01-04 07:10:55 --> Undefined index: id
#0 C:\xampp1\htdocs\siges\app\Controllers\OperacaoSl.php(34): CodeIgniter\Debug\Exceptions->errorHandler(8, 'Undefined index...', 'C:\\xampp1\\htdoc...', 34, Array)
#1 C:\xampp1\htdocs\siges\system\CodeIgniter.php(801): App\Controllers\OperacaoSl->__construct()
#2 C:\xampp1\htdocs\siges\system\CodeIgniter.php(401): CodeIgniter\CodeIgniter->createController()
#3 C:\xampp1\htdocs\siges\system\CodeIgniter.php(318): CodeIgniter\CodeIgniter->handleRequest(NULL, Object(Config\Cache), false)
#4 C:\xampp1\htdocs\siges\public\index.php(37): CodeIgniter\CodeIgniter->run()
#5 C:\xampp1\htdocs\siges\system\Commands\Server\rewrite.php(43): require_once('C:\\xampp1\\htdoc...')
#6 {main}
CRITICAL - 2022-01-04 07:15:06 --> Undefined index: id_salao
#0 C:\xampp1\htdocs\siges\app\Controllers\OperacaoSl.php(183): CodeIgniter\Debug\Exceptions->errorHandler(8, 'Undefined index...', 'C:\\xampp1\\htdoc...', 183, Array)
#1 C:\xampp1\htdocs\siges\system\CodeIgniter.php(824): App\Controllers\OperacaoSl->detalhes_sl('img', 'favicon.ico')
#2 C:\xampp1\htdocs\siges\system\CodeIgniter.php(410): CodeIgniter\CodeIgniter->runController(Object(App\Controllers\OperacaoSl))
#3 C:\xampp1\htdocs\siges\system\CodeIgniter.php(318): CodeIgniter\CodeIgniter->handleRequest(NULL, Object(Config\Cache), false)
#4 C:\xampp1\htdocs\siges\public\index.php(37): CodeIgniter\CodeIgniter->run()
#5 C:\xampp1\htdocs\siges\system\Commands\Server\rewrite.php(43): require_once('C:\\xampp1\\htdoc...')
#6 {main}
CRITICAL - 2022-01-04 07:15:58 --> Undefined index: id_salao
#0 C:\xampp1\htdocs\siges\app\Controllers\OperacaoSl.php(183): CodeIgniter\Debug\Exceptions->errorHandler(8, 'Undefined index...', 'C:\\xampp1\\htdoc...', 183, Array)
#1 C:\xampp1\htdocs\siges\system\CodeIgniter.php(824): App\Controllers\OperacaoSl->detalhes_sl('img', 'favicon.ico')
#2 C:\xampp1\htdocs\siges\system\CodeIgniter.php(410): CodeIgniter\CodeIgniter->runController(Object(App\Controllers\OperacaoSl))
#3 C:\xampp1\htdocs\siges\system\CodeIgniter.php(318): CodeIgniter\CodeIgniter->handleRequest(NULL, Object(Config\Cache), false)
#4 C:\xampp1\htdocs\siges\public\index.php(37): CodeIgniter\CodeIgniter->run()
#5 C:\xampp1\htdocs\siges\system\Commands\Server\rewrite.php(43): require_once('C:\\xampp1\\htdoc...')
#6 {main}
CRITICAL - 2022-01-04 07:21:59 --> Undefined index: id_salao
#0 C:\xampp1\htdocs\siges\app\Controllers\OperacaoSl.php(183): CodeIgniter\Debug\Exceptions->errorHandler(8, 'Undefined index...', 'C:\\xampp1\\htdoc...', 183, Array)
#1 C:\xampp1\htdocs\siges\system\CodeIgniter.php(824): App\Controllers\OperacaoSl->detalhes_sl('img', 'favicon.ico')
#2 C:\xampp1\htdocs\siges\system\CodeIgniter.php(410): CodeIgniter\CodeIgniter->runController(Object(App\Controllers\OperacaoSl))
#3 C:\xampp1\htdocs\siges\system\CodeIgniter.php(318): CodeIgniter\CodeIgniter->handleRequest(NULL, Object(Config\Cache), false)
#4 C:\xampp1\htdocs\siges\public\index.php(37): CodeIgniter\CodeIgniter->run()
#5 C:\xampp1\htdocs\siges\system\Commands\Server\rewrite.php(43): require_once('C:\\xampp1\\htdoc...')
#6 {main}
CRITICAL - 2022-01-04 07:24:03 --> Undefined index: id_salao
#0 C:\xampp1\htdocs\siges\app\Controllers\OperacaoSl.php(183): CodeIgniter\Debug\Exceptions->errorHandler(8, 'Undefined index...', 'C:\\xampp1\\htdoc...', 183, Array)
#1 C:\xampp1\htdocs\siges\system\CodeIgniter.php(824): App\Controllers\OperacaoSl->detalhes_sl('img', 'favicon.ico')
#2 C:\xampp1\htdocs\siges\system\CodeIgniter.php(410): CodeIgniter\CodeIgniter->runController(Object(App\Controllers\OperacaoSl))
#3 C:\xampp1\htdocs\siges\system\CodeIgniter.php(318): CodeIgniter\CodeIgniter->handleRequest(NULL, Object(Config\Cache), false)
#4 C:\xampp1\htdocs\siges\public\index.php(37): CodeIgniter\CodeIgniter->run()
#5 C:\xampp1\htdocs\siges\system\Commands\Server\rewrite.php(43): require_once('C:\\xampp1\\htdoc...')
#6 {main}
ERROR - 2022-01-04 07:52:20 --> Unknown column 'dia_actoa_actocao_fim' in 'where clause'
CRITICAL - 2022-01-04 07:52:20 --> Unknown column 'dia_actoa_actocao_fim' in 'where clause'
#0 C:\xampp1\htdocs\siges\system\Database\MySQLi\Connection.php(292): mysqli->query('SELECT *\nFROM `...', 0)
#1 C:\xampp1\htdocs\siges\system\Database\BaseConnection.php(670): CodeIgniter\Database\MySQLi\Connection->execute('SELECT *\nFROM `...')
#2 C:\xampp1\htdocs\siges\system\Database\BaseConnection.php(598): CodeIgniter\Database\BaseConnection->simpleQuery('SELECT *\nFROM `...')
#3 C:\xampp1\htdocs\siges\system\Database\BaseBuilder.php(1443): CodeIgniter\Database\BaseConnection->query('SELECT *\nFROM `...', Array, false)
#4 C:\xampp1\htdocs\siges\system\Model.php(210): CodeIgniter\Database\BaseBuilder->get()
#5 C:\xampp1\htdocs\siges\system\BaseModel.php(622): CodeIgniter\Model->doFirst()
#6 C:\xampp1\htdocs\siges\app\Controllers\OperacaoSl.php(281): CodeIgniter\BaseModel->first()
#7 C:\xampp1\htdocs\siges\system\CodeIgniter.php(824): App\Controllers\OperacaoSl->solicitar_salao()
#8 C:\xampp1\htdocs\siges\system\CodeIgniter.php(410): CodeIgniter\CodeIgniter->runController(Object(App\Controllers\OperacaoSl))
#9 C:\xampp1\htdocs\siges\system\CodeIgniter.php(318): CodeIgniter\CodeIgniter->handleRequest(NULL, Object(Config\Cache), false)
#10 C:\xampp1\htdocs\siges\public\index.php(37): CodeIgniter\CodeIgniter->run()
#11 C:\xampp1\htdocs\siges\system\Commands\Server\rewrite.php(43): require_once('C:\\xampp1\\htdoc...')
#12 {main}
CRITICAL - 2022-01-04 07:53:38 --> Undefined index: id_salao
#0 C:\xampp1\htdocs\siges\app\Controllers\OperacaoSl.php(183): CodeIgniter\Debug\Exceptions->errorHandler(8, 'Undefined index...', 'C:\\xampp1\\htdoc...', 183, Array)
#1 C:\xampp1\htdocs\siges\system\CodeIgniter.php(824): App\Controllers\OperacaoSl->detalhes_sl('img', 'favicon.ico')
#2 C:\xampp1\htdocs\siges\system\CodeIgniter.php(410): CodeIgniter\CodeIgniter->runController(Object(App\Controllers\OperacaoSl))
#3 C:\xampp1\htdocs\siges\system\CodeIgniter.php(318): CodeIgniter\CodeIgniter->handleRequest(NULL, Object(Config\Cache), false)
#4 C:\xampp1\htdocs\siges\public\index.php(37): CodeIgniter\CodeIgniter->run()
#5 C:\xampp1\htdocs\siges\system\Commands\Server\rewrite.php(43): require_once('C:\\xampp1\\htdoc...')
#6 {main}
CRITICAL - 2022-01-04 07:54:47 --> Undefined index: id_salao
#0 C:\xampp1\htdocs\siges\app\Controllers\OperacaoSl.php(183): CodeIgniter\Debug\Exceptions->errorHandler(8, 'Undefined index...', 'C:\\xampp1\\htdoc...', 183, Array)
#1 C:\xampp1\htdocs\siges\system\CodeIgniter.php(824): App\Controllers\OperacaoSl->detalhes_sl('img', 'favicon.ico')
#2 C:\xampp1\htdocs\siges\system\CodeIgniter.php(410): CodeIgniter\CodeIgniter->runController(Object(App\Controllers\OperacaoSl))
#3 C:\xampp1\htdocs\siges\system\CodeIgniter.php(318): CodeIgniter\CodeIgniter->handleRequest(NULL, Object(Config\Cache), false)
#4 C:\xampp1\htdocs\siges\public\index.php(37): CodeIgniter\CodeIgniter->run()
#5 C:\xampp1\htdocs\siges\system\Commands\Server\rewrite.php(43): require_once('C:\\xampp1\\htdoc...')
#6 {main}
CRITICAL - 2022-01-04 07:55:29 --> Undefined index: id_salao
#0 C:\xampp1\htdocs\siges\app\Controllers\OperacaoSl.php(183): CodeIgniter\Debug\Exceptions->errorHandler(8, 'Undefined index...', 'C:\\xampp1\\htdoc...', 183, Array)
#1 C:\xampp1\htdocs\siges\system\CodeIgniter.php(824): App\Controllers\OperacaoSl->detalhes_sl('img', 'favicon.ico')
#2 C:\xampp1\htdocs\siges\system\CodeIgniter.php(410): CodeIgniter\CodeIgniter->runController(Object(App\Controllers\OperacaoSl))
#3 C:\xampp1\htdocs\siges\system\CodeIgniter.php(318): CodeIgniter\CodeIgniter->handleRequest(NULL, Object(Config\Cache), false)
#4 C:\xampp1\htdocs\siges\public\index.php(37): CodeIgniter\CodeIgniter->run()
#5 C:\xampp1\htdocs\siges\system\Commands\Server\rewrite.php(43): require_once('C:\\xampp1\\htdoc...')
#6 {main}
CRITICAL - 2022-01-04 07:56:35 --> Undefined index: id_salao
#0 C:\xampp1\htdocs\siges\app\Controllers\OperacaoSl.php(183): CodeIgniter\Debug\Exceptions->errorHandler(8, 'Undefined index...', 'C:\\xampp1\\htdoc...', 183, Array)
#1 C:\xampp1\htdocs\siges\system\CodeIgniter.php(824): App\Controllers\OperacaoSl->detalhes_sl('img', 'favicon.ico')
#2 C:\xampp1\htdocs\siges\system\CodeIgniter.php(410): CodeIgniter\CodeIgniter->runController(Object(App\Controllers\OperacaoSl))
#3 C:\xampp1\htdocs\siges\system\CodeIgniter.php(318): CodeIgniter\CodeIgniter->handleRequest(NULL, Object(Config\Cache), false)
#4 C:\xampp1\htdocs\siges\public\index.php(37): CodeIgniter\CodeIgniter->run()
#5 C:\xampp1\htdocs\siges\system\Commands\Server\rewrite.php(43): require_once('C:\\xampp1\\htdoc...')
#6 {main}
CRITICAL - 2022-01-04 07:56:53 --> Undefined index: id_salao
#0 C:\xampp1\htdocs\siges\app\Controllers\OperacaoSl.php(183): CodeIgniter\Debug\Exceptions->errorHandler(8, 'Undefined index...', 'C:\\xampp1\\htdoc...', 183, Array)
#1 C:\xampp1\htdocs\siges\system\CodeIgniter.php(824): App\Controllers\OperacaoSl->detalhes_sl('img', 'favicon.ico')
#2 C:\xampp1\htdocs\siges\system\CodeIgniter.php(410): CodeIgniter\CodeIgniter->runController(Object(App\Controllers\OperacaoSl))
#3 C:\xampp1\htdocs\siges\system\CodeIgniter.php(318): CodeIgniter\CodeIgniter->handleRequest(NULL, Object(Config\Cache), false)
#4 C:\xampp1\htdocs\siges\public\index.php(37): CodeIgniter\CodeIgniter->run()
#5 C:\xampp1\htdocs\siges\system\Commands\Server\rewrite.php(43): require_once('C:\\xampp1\\htdoc...')
#6 {main}
CRITICAL - 2022-01-04 07:57:09 --> Undefined index: id_salao
#0 C:\xampp1\htdocs\siges\app\Controllers\OperacaoSl.php(183): CodeIgniter\Debug\Exceptions->errorHandler(8, 'Undefined index...', 'C:\\xampp1\\htdoc...', 183, Array)
#1 C:\xampp1\htdocs\siges\system\CodeIgniter.php(824): App\Controllers\OperacaoSl->detalhes_sl('img', 'favicon.ico')
#2 C:\xampp1\htdocs\siges\system\CodeIgniter.php(410): CodeIgniter\CodeIgniter->runController(Object(App\Controllers\OperacaoSl))
#3 C:\xampp1\htdocs\siges\system\CodeIgniter.php(318): CodeIgniter\CodeIgniter->handleRequest(NULL, Object(Config\Cache), false)
#4 C:\xampp1\htdocs\siges\public\index.php(37): CodeIgniter\CodeIgniter->run()
#5 C:\xampp1\htdocs\siges\system\Commands\Server\rewrite.php(43): require_once('C:\\xampp1\\htdoc...')
#6 {main}
CRITICAL - 2022-01-04 08:00:37 --> Undefined index: id_salao
#0 C:\xampp1\htdocs\siges\app\Controllers\OperacaoSl.php(183): CodeIgniter\Debug\Exceptions->errorHandler(8, 'Undefined index...', 'C:\\xampp1\\htdoc...', 183, Array)
#1 C:\xampp1\htdocs\siges\system\CodeIgniter.php(824): App\Controllers\OperacaoSl->detalhes_sl('img', 'favicon.ico')
#2 C:\xampp1\htdocs\siges\system\CodeIgniter.php(410): CodeIgniter\CodeIgniter->runController(Object(App\Controllers\OperacaoSl))
#3 C:\xampp1\htdocs\siges\system\CodeIgniter.php(318): CodeIgniter\CodeIgniter->handleRequest(NULL, Object(Config\Cache), false)
#4 C:\xampp1\htdocs\siges\public\index.php(37): CodeIgniter\CodeIgniter->run()
#5 C:\xampp1\htdocs\siges\system\Commands\Server\rewrite.php(43): require_once('C:\\xampp1\\htdoc...')
#6 {main}
CRITICAL - 2022-01-04 08:01:04 --> Undefined index: id_salao
#0 C:\xampp1\htdocs\siges\app\Controllers\OperacaoSl.php(183): CodeIgniter\Debug\Exceptions->errorHandler(8, 'Undefined index...', 'C:\\xampp1\\htdoc...', 183, Array)
#1 C:\xampp1\htdocs\siges\system\CodeIgniter.php(824): App\Controllers\OperacaoSl->detalhes_sl('img', 'favicon.ico')
#2 C:\xampp1\htdocs\siges\system\CodeIgniter.php(410): CodeIgniter\CodeIgniter->runController(Object(App\Controllers\OperacaoSl))
#3 C:\xampp1\htdocs\siges\system\CodeIgniter.php(318): CodeIgniter\CodeIgniter->handleRequest(NULL, Object(Config\Cache), false)
#4 C:\xampp1\htdocs\siges\public\index.php(37): CodeIgniter\CodeIgniter->run()
#5 C:\xampp1\htdocs\siges\system\Commands\Server\rewrite.php(43): require_once('C:\\xampp1\\htdoc...')
#6 {main}
CRITICAL - 2022-01-04 08:08:08 --> Undefined index: id_salao
#0 C:\xampp1\htdocs\siges\app\Controllers\OperacaoSl.php(183): CodeIgniter\Debug\Exceptions->errorHandler(8, 'Undefined index...', 'C:\\xampp1\\htdoc...', 183, Array)
#1 C:\xampp1\htdocs\siges\system\CodeIgniter.php(824): App\Controllers\OperacaoSl->detalhes_sl('img', 'favicon.ico')
#2 C:\xampp1\htdocs\siges\system\CodeIgniter.php(410): CodeIgniter\CodeIgniter->runController(Object(App\Controllers\OperacaoSl))
#3 C:\xampp1\htdocs\siges\system\CodeIgniter.php(318): CodeIgniter\CodeIgniter->handleRequest(NULL, Object(Config\Cache), false)
#4 C:\xampp1\htdocs\siges\public\index.php(37): CodeIgniter\CodeIgniter->run()
#5 C:\xampp1\htdocs\siges\system\Commands\Server\rewrite.php(43): require_once('C:\\xampp1\\htdoc...')
#6 {main}
CRITICAL - 2022-01-04 08:09:11 --> Undefined index: id_salao
#0 C:\xampp1\htdocs\siges\app\Controllers\OperacaoSl.php(183): CodeIgniter\Debug\Exceptions->errorHandler(8, 'Undefined index...', 'C:\\xampp1\\htdoc...', 183, Array)
#1 C:\xampp1\htdocs\siges\system\CodeIgniter.php(824): App\Controllers\OperacaoSl->detalhes_sl('img', 'favicon.ico')
#2 C:\xampp1\htdocs\siges\system\CodeIgniter.php(410): CodeIgniter\CodeIgniter->runController(Object(App\Controllers\OperacaoSl))
#3 C:\xampp1\htdocs\siges\system\CodeIgniter.php(318): CodeIgniter\CodeIgniter->handleRequest(NULL, Object(Config\Cache), false)
#4 C:\xampp1\htdocs\siges\public\index.php(37): CodeIgniter\CodeIgniter->run()
#5 C:\xampp1\htdocs\siges\system\Commands\Server\rewrite.php(43): require_once('C:\\xampp1\\htdoc...')
#6 {main}
CRITICAL - 2022-01-04 08:16:00 --> session_start(): Cannot start session when headers already sent
#0 [internal function]: CodeIgniter\Debug\Exceptions->errorHandler(2, 'session_start()...', 'C:\\xampp1\\htdoc...', 16, Array)
#1 C:\xampp1\htdocs\siges\app\Controllers\OperacaoSl.php(16): session_start()
#2 C:\xampp1\htdocs\siges\system\Router\Router.php(519): include_once('C:\\xampp1\\htdoc...')
#3 C:\xampp1\htdocs\siges\system\Router\Router.php(176): CodeIgniter\Router\Router->autoRoute('operacaosl/deta...')
#4 C:\xampp1\htdocs\siges\system\CodeIgniter.php(718): CodeIgniter\Router\Router->handle('operacaosl/deta...')
#5 C:\xampp1\htdocs\siges\system\CodeIgniter.php(359): CodeIgniter\CodeIgniter->tryToRouteIt(Object(CodeIgniter\Router\RouteCollection))
#6 C:\xampp1\htdocs\siges\system\CodeIgniter.php(318): CodeIgniter\CodeIgniter->handleRequest(NULL, Object(Config\Cache), false)
#7 C:\xampp1\htdocs\siges\public\index.php(37): CodeIgniter\CodeIgniter->run()
#8 C:\xampp1\htdocs\siges\system\Commands\Server\rewrite.php(43): require_once('C:\\xampp1\\htdoc...')
#9 {main}
CRITICAL - 2022-01-04 08:16:00 --> Uncaught ErrorException: Cannot modify header information - headers already sent by (output started at C:\xampp1\htdocs\siges\app\Config\Events.php:32) in C:\xampp1\htdocs\siges\system\Debug\Exceptions.php:107
Stack trace:
#0 [internal function]: CodeIgniter\Debug\Exceptions->errorHandler(2, 'Cannot modify h...', 'C:\\xampp1\\htdoc...', 107, Array)
#1 C:\xampp1\htdocs\siges\system\Debug\Exceptions.php(107): header('HTTP/1.1 500 In...', true, 500)
#2 [internal function]: CodeIgniter\Debug\Exceptions->exceptionHandler(Object(ErrorException))
#3 {main}
  thrown
#0 [internal function]: CodeIgniter\Debug\Exceptions->shutdownHandler()
#1 {main}
CRITICAL - 2022-01-04 08:16:21 --> session_start(): Cannot start session when headers already sent
#0 [internal function]: CodeIgniter\Debug\Exceptions->errorHandler(2, 'session_start()...', 'C:\\xampp1\\htdoc...', 16, Array)
#1 C:\xampp1\htdocs\siges\app\Controllers\OperacaoSl.php(16): session_start()
#2 C:\xampp1\htdocs\siges\system\Router\Router.php(519): include_once('C:\\xampp1\\htdoc...')
#3 C:\xampp1\htdocs\siges\system\Router\Router.php(176): CodeIgniter\Router\Router->autoRoute('operacaosl/deta...')
#4 C:\xampp1\htdocs\siges\system\CodeIgniter.php(718): CodeIgniter\Router\Router->handle('operacaosl/deta...')
#5 C:\xampp1\htdocs\siges\system\CodeIgniter.php(359): CodeIgniter\CodeIgniter->tryToRouteIt(Object(CodeIgniter\Router\RouteCollection))
#6 C:\xampp1\htdocs\siges\system\CodeIgniter.php(318): CodeIgniter\CodeIgniter->handleRequest(NULL, Object(Config\Cache), false)
#7 C:\xampp1\htdocs\siges\public\index.php(37): CodeIgniter\CodeIgniter->run()
#8 C:\xampp1\htdocs\siges\system\Commands\Server\rewrite.php(43): require_once('C:\\xampp1\\htdoc...')
#9 {main}
CRITICAL - 2022-01-04 08:16:21 --> Uncaught ErrorException: Cannot modify header information - headers already sent by (output started at C:\xampp1\htdocs\siges\app\Config\Events.php:32) in C:\xampp1\htdocs\siges\system\Debug\Exceptions.php:107
Stack trace:
#0 [internal function]: CodeIgniter\Debug\Exceptions->errorHandler(2, 'Cannot modify h...', 'C:\\xampp1\\htdoc...', 107, Array)
#1 C:\xampp1\htdocs\siges\system\Debug\Exceptions.php(107): header('HTTP/1.1 500 In...', true, 500)
#2 [internal function]: CodeIgniter\Debug\Exceptions->exceptionHandler(Object(ErrorException))
#3 {main}
  thrown
#0 [internal function]: CodeIgniter\Debug\Exceptions->shutdownHandler()
#1 {main}
CRITICAL - 2022-01-04 08:16:22 --> session_start(): Cannot start session when headers already sent
#0 [internal function]: CodeIgniter\Debug\Exceptions->errorHandler(2, 'session_start()...', 'C:\\xampp1\\htdoc...', 16, Array)
#1 C:\xampp1\htdocs\siges\app\Controllers\OperacaoSl.php(16): session_start()
#2 C:\xampp1\htdocs\siges\system\Router\Router.php(519): include_once('C:\\xampp1\\htdoc...')
#3 C:\xampp1\htdocs\siges\system\Router\Router.php(176): CodeIgniter\Router\Router->autoRoute('operacaosl/deta...')
#4 C:\xampp1\htdocs\siges\system\CodeIgniter.php(718): CodeIgniter\Router\Router->handle('operacaosl/deta...')
#5 C:\xampp1\htdocs\siges\system\CodeIgniter.php(359): CodeIgniter\CodeIgniter->tryToRouteIt(Object(CodeIgniter\Router\RouteCollection))
#6 C:\xampp1\htdocs\siges\system\CodeIgniter.php(318): CodeIgniter\CodeIgniter->handleRequest(NULL, Object(Config\Cache), false)
#7 C:\xampp1\htdocs\siges\public\index.php(37): CodeIgniter\CodeIgniter->run()
#8 C:\xampp1\htdocs\siges\system\Commands\Server\rewrite.php(43): require_once('C:\\xampp1\\htdoc...')
#9 {main}
CRITICAL - 2022-01-04 08:16:22 --> Uncaught ErrorException: Cannot modify header information - headers already sent by (output started at C:\xampp1\htdocs\siges\app\Config\Events.php:32) in C:\xampp1\htdocs\siges\system\Debug\Exceptions.php:107
Stack trace:
#0 [internal function]: CodeIgniter\Debug\Exceptions->errorHandler(2, 'Cannot modify h...', 'C:\\xampp1\\htdoc...', 107, Array)
#1 C:\xampp1\htdocs\siges\system\Debug\Exceptions.php(107): header('HTTP/1.1 500 In...', true, 500)
#2 [internal function]: CodeIgniter\Debug\Exceptions->exceptionHandler(Object(ErrorException))
#3 {main}
  thrown
#0 [internal function]: CodeIgniter\Debug\Exceptions->shutdownHandler()
#1 {main}
CRITICAL - 2022-01-04 08:16:35 --> session_start(): Cannot start session when headers already sent
#0 [internal function]: CodeIgniter\Debug\Exceptions->errorHandler(2, 'session_start()...', 'C:\\xampp1\\htdoc...', 16, Array)
#1 C:\xampp1\htdocs\siges\app\Controllers\OperacaoSl.php(16): session_start()
#2 C:\xampp1\htdocs\siges\system\Router\Router.php(519): include_once('C:\\xampp1\\htdoc...')
#3 C:\xampp1\htdocs\siges\system\Router\Router.php(176): CodeIgniter\Router\Router->autoRoute('operacaosl/deta...')
#4 C:\xampp1\htdocs\siges\system\CodeIgniter.php(718): CodeIgniter\Router\Router->handle('operacaosl/deta...')
#5 C:\xampp1\htdocs\siges\system\CodeIgniter.php(359): CodeIgniter\CodeIgniter->tryToRouteIt(Object(CodeIgniter\Router\RouteCollection))
#6 C:\xampp1\htdocs\siges\system\CodeIgniter.php(318): CodeIgniter\CodeIgniter->handleRequest(NULL, Object(Config\Cache), false)
#7 C:\xampp1\htdocs\siges\public\index.php(37): CodeIgniter\CodeIgniter->run()
#8 C:\xampp1\htdocs\siges\system\Commands\Server\rewrite.php(43): require_once('C:\\xampp1\\htdoc...')
#9 {main}
CRITICAL - 2022-01-04 08:16:35 --> Uncaught ErrorException: Cannot modify header information - headers already sent by (output started at C:\xampp1\htdocs\siges\app\Config\Events.php:32) in C:\xampp1\htdocs\siges\system\Debug\Exceptions.php:107
Stack trace:
#0 [internal function]: CodeIgniter\Debug\Exceptions->errorHandler(2, 'Cannot modify h...', 'C:\\xampp1\\htdoc...', 107, Array)
#1 C:\xampp1\htdocs\siges\system\Debug\Exceptions.php(107): header('HTTP/1.1 500 In...', true, 500)
#2 [internal function]: CodeIgniter\Debug\Exceptions->exceptionHandler(Object(ErrorException))
#3 {main}
  thrown
#0 [internal function]: CodeIgniter\Debug\Exceptions->shutdownHandler()
#1 {main}
CRITICAL - 2022-01-04 08:16:36 --> session_start(): Cannot start session when headers already sent
#0 [internal function]: CodeIgniter\Debug\Exceptions->errorHandler(2, 'session_start()...', 'C:\\xampp1\\htdoc...', 16, Array)
#1 C:\xampp1\htdocs\siges\app\Controllers\OperacaoSl.php(16): session_start()
#2 C:\xampp1\htdocs\siges\system\Router\Router.php(519): include_once('C:\\xampp1\\htdoc...')
#3 C:\xampp1\htdocs\siges\system\Router\Router.php(176): CodeIgniter\Router\Router->autoRoute('operacaosl/deta...')
#4 C:\xampp1\htdocs\siges\system\CodeIgniter.php(718): CodeIgniter\Router\Router->handle('operacaosl/deta...')
#5 C:\xampp1\htdocs\siges\system\CodeIgniter.php(359): CodeIgniter\CodeIgniter->tryToRouteIt(Object(CodeIgniter\Router\RouteCollection))
#6 C:\xampp1\htdocs\siges\system\CodeIgniter.php(318): CodeIgniter\CodeIgniter->handleRequest(NULL, Object(Config\Cache), false)
#7 C:\xampp1\htdocs\siges\public\index.php(37): CodeIgniter\CodeIgniter->run()
#8 C:\xampp1\htdocs\siges\system\Commands\Server\rewrite.php(43): require_once('C:\\xampp1\\htdoc...')
#9 {main}
CRITICAL - 2022-01-04 08:16:36 --> Uncaught ErrorException: Cannot modify header information - headers already sent by (output started at C:\xampp1\htdocs\siges\app\Config\Events.php:32) in C:\xampp1\htdocs\siges\system\Debug\Exceptions.php:107
Stack trace:
#0 [internal function]: CodeIgniter\Debug\Exceptions->errorHandler(2, 'Cannot modify h...', 'C:\\xampp1\\htdoc...', 107, Array)
#1 C:\xampp1\htdocs\siges\system\Debug\Exceptions.php(107): header('HTTP/1.1 500 In...', true, 500)
#2 [internal function]: CodeIgniter\Debug\Exceptions->exceptionHandler(Object(ErrorException))
#3 {main}
  thrown
#0 [internal function]: CodeIgniter\Debug\Exceptions->shutdownHandler()
#1 {main}
CRITICAL - 2022-01-04 08:18:26 --> Undefined index: id_salao
#0 C:\xampp1\htdocs\siges\app\Controllers\OperacaoSl.php(193): CodeIgniter\Debug\Exceptions->errorHandler(8, 'Undefined index...', 'C:\\xampp1\\htdoc...', 193, Array)
#1 C:\xampp1\htdocs\siges\system\CodeIgniter.php(824): App\Controllers\OperacaoSl->detalhes_sl('img', 'favicon.ico')
#2 C:\xampp1\htdocs\siges\system\CodeIgniter.php(410): CodeIgniter\CodeIgniter->runController(Object(App\Controllers\OperacaoSl))
#3 C:\xampp1\htdocs\siges\system\CodeIgniter.php(318): CodeIgniter\CodeIgniter->handleRequest(NULL, Object(Config\Cache), false)
#4 C:\xampp1\htdocs\siges\public\index.php(37): CodeIgniter\CodeIgniter->run()
#5 C:\xampp1\htdocs\siges\system\Commands\Server\rewrite.php(43): require_once('C:\\xampp1\\htdoc...')
#6 {main}
CRITICAL - 2022-01-04 08:41:25 --> Class 'Dompdf\Dompdf' not found
#0 C:\xampp1\htdocs\siges\system\CodeIgniter.php(824): App\Controllers\OperacaoSl->htmlToPDF()
#1 C:\xampp1\htdocs\siges\system\CodeIgniter.php(410): CodeIgniter\CodeIgniter->runController(Object(App\Controllers\OperacaoSl))
#2 C:\xampp1\htdocs\siges\system\CodeIgniter.php(318): CodeIgniter\CodeIgniter->handleRequest(NULL, Object(Config\Cache), false)
#3 C:\xampp1\htdocs\siges\public\index.php(37): CodeIgniter\CodeIgniter->run()
#4 C:\xampp1\htdocs\siges\system\Commands\Server\rewrite.php(43): require_once('C:\\xampp1\\htdoc...')
#5 {main}
CRITICAL - 2022-01-04 08:44:43 --> Class 'Dompdf\Dompdf' not found
#0 C:\xampp1\htdocs\siges\system\CodeIgniter.php(824): App\Controllers\OperacaoSl->htmlToPDF()
#1 C:\xampp1\htdocs\siges\system\CodeIgniter.php(410): CodeIgniter\CodeIgniter->runController(Object(App\Controllers\OperacaoSl))
#2 C:\xampp1\htdocs\siges\system\CodeIgniter.php(318): CodeIgniter\CodeIgniter->handleRequest(NULL, Object(Config\Cache), false)
#3 C:\xampp1\htdocs\siges\public\index.php(37): CodeIgniter\CodeIgniter->run()
#4 C:\xampp1\htdocs\siges\system\Commands\Server\rewrite.php(43): require_once('C:\\xampp1\\htdoc...')
#5 {main}
CRITICAL - 2022-01-04 08:47:37 --> Class 'Dompdf\Dompdf' not found
#0 C:\xampp1\htdocs\siges\system\CodeIgniter.php(824): App\Controllers\OperacaoSl->htmlToPDF()
#1 C:\xampp1\htdocs\siges\system\CodeIgniter.php(410): CodeIgniter\CodeIgniter->runController(Object(App\Controllers\OperacaoSl))
#2 C:\xampp1\htdocs\siges\system\CodeIgniter.php(318): CodeIgniter\CodeIgniter->handleRequest(NULL, Object(Config\Cache), false)
#3 C:\xampp1\htdocs\siges\public\index.php(37): CodeIgniter\CodeIgniter->run()
#4 C:\xampp1\htdocs\siges\system\Commands\Server\rewrite.php(43): require_once('C:\\xampp1\\htdoc...')
#5 {main}
CRITICAL - 2022-01-04 08:51:36 --> Class 'Dompdf\Dompdf' not found
#0 C:\xampp1\htdocs\siges\system\CodeIgniter.php(824): App\Controllers\OperacaoSl->htmlToPDF()
#1 C:\xampp1\htdocs\siges\system\CodeIgniter.php(410): CodeIgniter\CodeIgniter->runController(Object(App\Controllers\OperacaoSl))
#2 C:\xampp1\htdocs\siges\system\CodeIgniter.php(318): CodeIgniter\CodeIgniter->handleRequest(NULL, Object(Config\Cache), false)
#3 C:\xampp1\htdocs\siges\public\index.php(37): CodeIgniter\CodeIgniter->run()
#4 C:\xampp1\htdocs\siges\system\Commands\Server\rewrite.php(43): require_once('C:\\xampp1\\htdoc...')
#5 {main}
CRITICAL - 2022-01-04 08:51:38 --> Class 'Dompdf\Dompdf' not found
#0 C:\xampp1\htdocs\siges\system\CodeIgniter.php(824): App\Controllers\OperacaoSl->htmlToPDF()
#1 C:\xampp1\htdocs\siges\system\CodeIgniter.php(410): CodeIgniter\CodeIgniter->runController(Object(App\Controllers\OperacaoSl))
#2 C:\xampp1\htdocs\siges\system\CodeIgniter.php(318): CodeIgniter\CodeIgniter->handleRequest(NULL, Object(Config\Cache), false)
#3 C:\xampp1\htdocs\siges\public\index.php(37): CodeIgniter\CodeIgniter->run()
#4 C:\xampp1\htdocs\siges\system\Commands\Server\rewrite.php(43): require_once('C:\\xampp1\\htdoc...')
#5 {main}
CRITICAL - 2022-01-04 08:51:38 --> Class 'Dompdf\Dompdf' not found
#0 C:\xampp1\htdocs\siges\system\CodeIgniter.php(824): App\Controllers\OperacaoSl->htmlToPDF()
#1 C:\xampp1\htdocs\siges\system\CodeIgniter.php(410): CodeIgniter\CodeIgniter->runController(Object(App\Controllers\OperacaoSl))
#2 C:\xampp1\htdocs\siges\system\CodeIgniter.php(318): CodeIgniter\CodeIgniter->handleRequest(NULL, Object(Config\Cache), false)
#3 C:\xampp1\htdocs\siges\public\index.php(37): CodeIgniter\CodeIgniter->run()
#4 C:\xampp1\htdocs\siges\system\Commands\Server\rewrite.php(43): require_once('C:\\xampp1\\htdoc...')
#5 {main}
CRITICAL - 2022-01-04 08:54:50 --> Class 'Dompdf\Dompdf' not found
#0 C:\xampp1\htdocs\siges\system\CodeIgniter.php(824): App\Controllers\OperacaoSl->htmlToPDF()
#1 C:\xampp1\htdocs\siges\system\CodeIgniter.php(410): CodeIgniter\CodeIgniter->runController(Object(App\Controllers\OperacaoSl))
#2 C:\xampp1\htdocs\siges\system\CodeIgniter.php(318): CodeIgniter\CodeIgniter->handleRequest(NULL, Object(Config\Cache), false)
#3 C:\xampp1\htdocs\siges\public\index.php(37): CodeIgniter\CodeIgniter->run()
#4 C:\xampp1\htdocs\siges\system\Commands\Server\rewrite.php(43): require_once('C:\\xampp1\\htdoc...')
#5 {main}
CRITICAL - 2022-01-04 08:54:52 --> Class 'Dompdf\Dompdf' not found
#0 C:\xampp1\htdocs\siges\system\CodeIgniter.php(824): App\Controllers\OperacaoSl->htmlToPDF()
#1 C:\xampp1\htdocs\siges\system\CodeIgniter.php(410): CodeIgniter\CodeIgniter->runController(Object(App\Controllers\OperacaoSl))
#2 C:\xampp1\htdocs\siges\system\CodeIgniter.php(318): CodeIgniter\CodeIgniter->handleRequest(NULL, Object(Config\Cache), false)
#3 C:\xampp1\htdocs\siges\public\index.php(37): CodeIgniter\CodeIgniter->run()
#4 C:\xampp1\htdocs\siges\system\Commands\Server\rewrite.php(43): require_once('C:\\xampp1\\htdoc...')
#5 {main}
CRITICAL - 2022-01-04 08:54:53 --> Class 'Dompdf\Dompdf' not found
#0 C:\xampp1\htdocs\siges\system\CodeIgniter.php(824): App\Controllers\OperacaoSl->htmlToPDF()
#1 C:\xampp1\htdocs\siges\system\CodeIgniter.php(410): CodeIgniter\CodeIgniter->runController(Object(App\Controllers\OperacaoSl))
#2 C:\xampp1\htdocs\siges\system\CodeIgniter.php(318): CodeIgniter\CodeIgniter->handleRequest(NULL, Object(Config\Cache), false)
#3 C:\xampp1\htdocs\siges\public\index.php(37): CodeIgniter\CodeIgniter->run()
#4 C:\xampp1\htdocs\siges\system\Commands\Server\rewrite.php(43): require_once('C:\\xampp1\\htdoc...')
#5 {main}
CRITICAL - 2022-01-04 08:54:53 --> Class 'Dompdf\Dompdf' not found
#0 C:\xampp1\htdocs\siges\system\CodeIgniter.php(824): App\Controllers\OperacaoSl->htmlToPDF()
#1 C:\xampp1\htdocs\siges\system\CodeIgniter.php(410): CodeIgniter\CodeIgniter->runController(Object(App\Controllers\OperacaoSl))
#2 C:\xampp1\htdocs\siges\system\CodeIgniter.php(318): CodeIgniter\CodeIgniter->handleRequest(NULL, Object(Config\Cache), false)
#3 C:\xampp1\htdocs\siges\public\index.php(37): CodeIgniter\CodeIgniter->run()
#4 C:\xampp1\htdocs\siges\system\Commands\Server\rewrite.php(43): require_once('C:\\xampp1\\htdoc...')
#5 {main}
CRITICAL - 2022-01-04 08:55:08 --> Class 'Dompdf\Dompdf' not found
#0 C:\xampp1\htdocs\siges\system\CodeIgniter.php(824): App\Controllers\OperacaoSl->htmlToPDF()
#1 C:\xampp1\htdocs\siges\system\CodeIgniter.php(410): CodeIgniter\CodeIgniter->runController(Object(App\Controllers\OperacaoSl))
#2 C:\xampp1\htdocs\siges\system\CodeIgniter.php(318): CodeIgniter\CodeIgniter->handleRequest(NULL, Object(Config\Cache), false)
#3 C:\xampp1\htdocs\siges\public\index.php(37): CodeIgniter\CodeIgniter->run()
#4 C:\xampp1\htdocs\siges\system\Commands\Server\rewrite.php(43): require_once('C:\\xampp1\\htdoc...')
#5 {main}
CRITICAL - 2022-01-04 09:08:13 --> App\Controllers\OperacaoSl::htmlToPDF(): Failed opening required 'C:\xampp1\htdocs\siges\app\Controllersdompdf/autoload.inc.php' (include_path='C:\xampp1\php\PEAR')
#0 [internal function]: CodeIgniter\Debug\Exceptions->shutdownHandler()
#1 {main}
CRITICAL - 2022-01-04 09:09:13 --> App\Controllers\OperacaoSl::__construct(): Failed opening required 'C:\xampp1\htdocs\siges\app\Controllersdompdf/autoload.inc.php' (include_path='C:\xampp1\php\PEAR')
#0 [internal function]: CodeIgniter\Debug\Exceptions->shutdownHandler()
#1 {main}
CRITICAL - 2022-01-04 09:09:24 --> App\Controllers\OperacaoSl::__construct(): Failed opening required 'C:\xampp1\htdocs\siges\app\Controllers/dompdf/autoload.inc.php' (include_path='C:\xampp1\php\PEAR')
#0 [internal function]: CodeIgniter\Debug\Exceptions->shutdownHandler()
#1 {main}
CRITICAL - 2022-01-04 09:09:27 --> App\Controllers\OperacaoSl::__construct(): Failed opening required 'C:\xampp1\htdocs\siges\app\Controllers/dompdf/autoload.inc.php' (include_path='C:\xampp1\php\PEAR')
#0 [internal function]: CodeIgniter\Debug\Exceptions->shutdownHandler()
#1 {main}
CRITICAL - 2022-01-04 09:27:45 --> App\Controllers\OperacaoSl::__construct(): Failed opening required 'C:\xampp1\htdocs\siges\app\Controllers/dompdf/autoload.inc.php' (include_path='C:\xampp1\php\PEAR')
#0 [internal function]: CodeIgniter\Debug\Exceptions->shutdownHandler()
#1 {main}
CRITICAL - 2022-01-04 09:27:59 --> Class 'Dompdf\Dompdf' not found
#0 C:\xampp1\htdocs\siges\system\CodeIgniter.php(824): App\Controllers\OperacaoSl->htmlToPDF()
#1 C:\xampp1\htdocs\siges\system\CodeIgniter.php(410): CodeIgniter\CodeIgniter->runController(Object(App\Controllers\OperacaoSl))
#2 C:\xampp1\htdocs\siges\system\CodeIgniter.php(318): CodeIgniter\CodeIgniter->handleRequest(NULL, Object(Config\Cache), false)
#3 C:\xampp1\htdocs\siges\public\index.php(37): CodeIgniter\CodeIgniter->run()
#4 C:\xampp1\htdocs\siges\system\Commands\Server\rewrite.php(43): require_once('C:\\xampp1\\htdoc...')
#5 {main}
CRITICAL - 2022-01-04 09:34:34 --> Class 'Dompdf\Dompdf' not found
#0 C:\xampp1\htdocs\siges\system\CodeIgniter.php(824): App\Controllers\OperacaoSl->htmlToPDF()
#1 C:\xampp1\htdocs\siges\system\CodeIgniter.php(410): CodeIgniter\CodeIgniter->runController(Object(App\Controllers\OperacaoSl))
#2 C:\xampp1\htdocs\siges\system\CodeIgniter.php(318): CodeIgniter\CodeIgniter->handleRequest(NULL, Object(Config\Cache), false)
#3 C:\xampp1\htdocs\siges\public\index.php(37): CodeIgniter\CodeIgniter->run()
#4 C:\xampp1\htdocs\siges\system\Commands\Server\rewrite.php(43): require_once('C:\\xampp1\\htdoc...')
#5 {main}
CRITICAL - 2022-01-04 09:34:35 --> Class 'Dompdf\Dompdf' not found
#0 C:\xampp1\htdocs\siges\system\CodeIgniter.php(824): App\Controllers\OperacaoSl->htmlToPDF()
#1 C:\xampp1\htdocs\siges\system\CodeIgniter.php(410): CodeIgniter\CodeIgniter->runController(Object(App\Controllers\OperacaoSl))
#2 C:\xampp1\htdocs\siges\system\CodeIgniter.php(318): CodeIgniter\CodeIgniter->handleRequest(NULL, Object(Config\Cache), false)
#3 C:\xampp1\htdocs\siges\public\index.php(37): CodeIgniter\CodeIgniter->run()
#4 C:\xampp1\htdocs\siges\system\Commands\Server\rewrite.php(43): require_once('C:\\xampp1\\htdoc...')
#5 {main}
CRITICAL - 2022-01-04 09:56:07 --> Class 'Dompdf\Dompdf' not found
#0 C:\xampp1\htdocs\siges\system\CodeIgniter.php(824): App\Controllers\OperacaoSl->htmlToPDF()
#1 C:\xampp1\htdocs\siges\system\CodeIgniter.php(410): CodeIgniter\CodeIgniter->runController(Object(App\Controllers\OperacaoSl))
#2 C:\xampp1\htdocs\siges\system\CodeIgniter.php(318): CodeIgniter\CodeIgniter->handleRequest(NULL, Object(Config\Cache), false)
#3 C:\xampp1\htdocs\siges\public\index.php(37): CodeIgniter\CodeIgniter->run()
#4 C:\xampp1\htdocs\siges\system\Commands\Server\rewrite.php(43): require_once('C:\\xampp1\\htdoc...')
#5 {main}
CRITICAL - 2022-01-04 09:56:11 --> Class 'Dompdf\Dompdf' not found
#0 C:\xampp1\htdocs\siges\system\CodeIgniter.php(824): App\Controllers\OperacaoSl->htmlToPDF()
#1 C:\xampp1\htdocs\siges\system\CodeIgniter.php(410): CodeIgniter\CodeIgniter->runController(Object(App\Controllers\OperacaoSl))
#2 C:\xampp1\htdocs\siges\system\CodeIgniter.php(318): CodeIgniter\CodeIgniter->handleRequest(NULL, Object(Config\Cache), false)
#3 C:\xampp1\htdocs\siges\public\index.php(37): CodeIgniter\CodeIgniter->run()
#4 C:\xampp1\htdocs\siges\system\Commands\Server\rewrite.php(43): require_once('C:\\xampp1\\htdoc...')
#5 {main}
CRITICAL - 2022-01-04 09:57:53 --> Class 'Dompdf\Dompdf' not found
#0 C:\xampp1\htdocs\siges\system\CodeIgniter.php(824): App\Controllers\OperacaoSl->htmlToPDF()
#1 C:\xampp1\htdocs\siges\system\CodeIgniter.php(410): CodeIgniter\CodeIgniter->runController(Object(App\Controllers\OperacaoSl))
#2 C:\xampp1\htdocs\siges\system\CodeIgniter.php(318): CodeIgniter\CodeIgniter->handleRequest(NULL, Object(Config\Cache), false)
#3 C:\xampp1\htdocs\siges\public\index.php(37): CodeIgniter\CodeIgniter->run()
#4 C:\xampp1\htdocs\siges\system\Commands\Server\rewrite.php(43): require_once('C:\\xampp1\\htdoc...')
#5 {main}
CRITICAL - 2022-01-04 10:01:50 --> Class 'Dompdf\Dompdf' not found
#0 C:\xampp1\htdocs\siges\system\CodeIgniter.php(824): App\Controllers\OperacaoSl->htmlToPDF()
#1 C:\xampp1\htdocs\siges\system\CodeIgniter.php(410): CodeIgniter\CodeIgniter->runController(Object(App\Controllers\OperacaoSl))
#2 C:\xampp1\htdocs\siges\system\CodeIgniter.php(318): CodeIgniter\CodeIgniter->handleRequest(NULL, Object(Config\Cache), false)
#3 C:\xampp1\htdocs\siges\public\index.php(37): CodeIgniter\CodeIgniter->run()
#4 C:\xampp1\htdocs\siges\system\Commands\Server\rewrite.php(43): require_once('C:\\xampp1\\htdoc...')
#5 {main}
CRITICAL - 2022-01-04 10:03:59 --> Class 'Dompdf\Dompdf' not found
#0 C:\xampp1\htdocs\siges\system\CodeIgniter.php(824): App\Controllers\OperacaoSl->htmlToPDF()
#1 C:\xampp1\htdocs\siges\system\CodeIgniter.php(410): CodeIgniter\CodeIgniter->runController(Object(App\Controllers\OperacaoSl))
#2 C:\xampp1\htdocs\siges\system\CodeIgniter.php(318): CodeIgniter\CodeIgniter->handleRequest(NULL, Object(Config\Cache), false)
#3 C:\xampp1\htdocs\siges\public\index.php(37): CodeIgniter\CodeIgniter->run()
#4 C:\xampp1\htdocs\siges\system\Commands\Server\rewrite.php(43): require_once('C:\\xampp1\\htdoc...')
#5 {main}
CRITICAL - 2022-01-04 10:08:04 --> CodeIgniter\Router\Router::main(): Failed opening required 'C:\xampp1\htdocs\siges\app\third_party/dompdf/autoload.inc.php' (include_path='C:\xampp1\php\PEAR')
#0 [internal function]: CodeIgniter\Debug\Exceptions->shutdownHandler()
#1 {main}
CRITICAL - 2022-01-04 10:28:08 --> Class 'Dompdf\Cpdf' not found
#0 C:\xampp1\htdocs\siges\app\ThirdParty\dompdf\src\CanvasFactory.php(57): Dompdf\Adapter\CPDF->__construct('letter', 'portrait', Object(Dompdf\Dompdf))
#1 C:\xampp1\htdocs\siges\app\ThirdParty\dompdf\src\Dompdf.php(299): Dompdf\CanvasFactory::get_instance(Object(Dompdf\Dompdf), 'letter', 'portrait')
#2 C:\xampp1\htdocs\siges\app\Controllers\OperacaoSl.php(76): Dompdf\Dompdf->__construct()
#3 C:\xampp1\htdocs\siges\system\CodeIgniter.php(824): App\Controllers\OperacaoSl->htmlToPDF()
#4 C:\xampp1\htdocs\siges\system\CodeIgniter.php(410): CodeIgniter\CodeIgniter->runController(Object(App\Controllers\OperacaoSl))
#5 C:\xampp1\htdocs\siges\system\CodeIgniter.php(318): CodeIgniter\CodeIgniter->handleRequest(NULL, Object(Config\Cache), false)
#6 C:\xampp1\htdocs\siges\public\index.php(37): CodeIgniter\CodeIgniter->run()
#7 C:\xampp1\htdocs\siges\system\Commands\Server\rewrite.php(43): require_once('C:\\xampp1\\htdoc...')
#8 {main}
CRITICAL - 2022-01-04 10:29:06 --> Class 'Dompdf\Cpdf' not found
#0 C:\xampp1\htdocs\siges\app\ThirdParty\dompdf\src\CanvasFactory.php(57): Dompdf\Adapter\CPDF->__construct('letter', 'portrait', Object(Dompdf\Dompdf))
#1 C:\xampp1\htdocs\siges\app\ThirdParty\dompdf\src\Dompdf.php(299): Dompdf\CanvasFactory::get_instance(Object(Dompdf\Dompdf), 'letter', 'portrait')
#2 C:\xampp1\htdocs\siges\app\Controllers\OperacaoSl.php(76): Dompdf\Dompdf->__construct()
#3 C:\xampp1\htdocs\siges\system\CodeIgniter.php(824): App\Controllers\OperacaoSl->htmlToPDF()
#4 C:\xampp1\htdocs\siges\system\CodeIgniter.php(410): CodeIgniter\CodeIgniter->runController(Object(App\Controllers\OperacaoSl))
#5 C:\xampp1\htdocs\siges\system\CodeIgniter.php(318): CodeIgniter\CodeIgniter->handleRequest(NULL, Object(Config\Cache), false)
#6 C:\xampp1\htdocs\siges\public\index.php(37): CodeIgniter\CodeIgniter->run()
#7 C:\xampp1\htdocs\siges\system\Commands\Server\rewrite.php(43): require_once('C:\\xampp1\\htdoc...')
#8 {main}
CRITICAL - 2022-01-04 10:29:38 --> Class 'Dompdf\Cpdf' not found
#0 C:\xampp1\htdocs\siges\app\ThirdParty\dompdf\src\CanvasFactory.php(57): Dompdf\Adapter\CPDF->__construct('letter', 'portrait', Object(Dompdf\Dompdf))
#1 C:\xampp1\htdocs\siges\app\ThirdParty\dompdf\src\Dompdf.php(299): Dompdf\CanvasFactory::get_instance(Object(Dompdf\Dompdf), 'letter', 'portrait')
#2 C:\xampp1\htdocs\siges\app\Controllers\OperacaoSl.php(76): Dompdf\Dompdf->__construct()
#3 C:\xampp1\htdocs\siges\system\CodeIgniter.php(824): App\Controllers\OperacaoSl->htmlToPDF()
#4 C:\xampp1\htdocs\siges\system\CodeIgniter.php(410): CodeIgniter\CodeIgniter->runController(Object(App\Controllers\OperacaoSl))
#5 C:\xampp1\htdocs\siges\system\CodeIgniter.php(318): CodeIgniter\CodeIgniter->handleRequest(NULL, Object(Config\Cache), false)
#6 C:\xampp1\htdocs\siges\public\index.php(37): CodeIgniter\CodeIgniter->run()
#7 C:\xampp1\htdocs\siges\system\Commands\Server\rewrite.php(43): require_once('C:\\xampp1\\htdoc...')
#8 {main}
CRITICAL - 2022-01-04 10:29:54 --> Class 'Dompdf\Cpdf' not found
#0 C:\xampp1\htdocs\siges\app\ThirdParty\dompdf\src\CanvasFactory.php(57): Dompdf\Adapter\CPDF->__construct('letter', 'portrait', Object(Dompdf\Dompdf))
#1 C:\xampp1\htdocs\siges\app\ThirdParty\dompdf\src\Dompdf.php(299): Dompdf\CanvasFactory::get_instance(Object(Dompdf\Dompdf), 'letter', 'portrait')
#2 C:\xampp1\htdocs\siges\app\Controllers\OperacaoSl.php(76): Dompdf\Dompdf->__construct()
#3 C:\xampp1\htdocs\siges\system\CodeIgniter.php(824): App\Controllers\OperacaoSl->htmlToPDF()
#4 C:\xampp1\htdocs\siges\system\CodeIgniter.php(410): CodeIgniter\CodeIgniter->runController(Object(App\Controllers\OperacaoSl))
#5 C:\xampp1\htdocs\siges\system\CodeIgniter.php(318): CodeIgniter\CodeIgniter->handleRequest(NULL, Object(Config\Cache), false)
#6 C:\xampp1\htdocs\siges\public\index.php(37): CodeIgniter\CodeIgniter->run()
#7 C:\xampp1\htdocs\siges\system\Commands\Server\rewrite.php(43): require_once('C:\\xampp1\\htdoc...')
#8 {main}
CRITICAL - 2022-01-04 10:36:09 --> Class 'Dompdf\Cpdf' not found
#0 C:\xampp1\htdocs\siges\app\ThirdParty\dompdf\src\CanvasFactory.php(57): Dompdf\Adapter\CPDF->__construct('letter', 'portrait', Object(Dompdf\Dompdf))
#1 C:\xampp1\htdocs\siges\app\ThirdParty\dompdf\src\Dompdf.php(299): Dompdf\CanvasFactory::get_instance(Object(Dompdf\Dompdf), 'letter', 'portrait')
#2 C:\xampp1\htdocs\siges\app\Controllers\OperacaoSl.php(79): Dompdf\Dompdf->__construct()
#3 C:\xampp1\htdocs\siges\system\CodeIgniter.php(824): App\Controllers\OperacaoSl->htmlToPDF()
#4 C:\xampp1\htdocs\siges\system\CodeIgniter.php(410): CodeIgniter\CodeIgniter->runController(Object(App\Controllers\OperacaoSl))
#5 C:\xampp1\htdocs\siges\system\CodeIgniter.php(318): CodeIgniter\CodeIgniter->handleRequest(NULL, Object(Config\Cache), false)
#6 C:\xampp1\htdocs\siges\public\index.php(37): CodeIgniter\CodeIgniter->run()
#7 C:\xampp1\htdocs\siges\system\Commands\Server\rewrite.php(43): require_once('C:\\xampp1\\htdoc...')
#8 {main}
CRITICAL - 2022-01-04 10:39:46 --> Class 'Dompdf\Cpdf' not found
#0 C:\xampp1\htdocs\siges\app\ThirdParty\dompdf\src\CanvasFactory.php(57): Dompdf\Adapter\CPDF->__construct('letter', 'portrait', Object(Dompdf\Dompdf))
#1 C:\xampp1\htdocs\siges\app\ThirdParty\dompdf\src\Dompdf.php(299): Dompdf\CanvasFactory::get_instance(Object(Dompdf\Dompdf), 'letter', 'portrait')
#2 C:\xampp1\htdocs\siges\app\Controllers\OperacaoSl.php(76): Dompdf\Dompdf->__construct()
#3 C:\xampp1\htdocs\siges\system\CodeIgniter.php(824): App\Controllers\OperacaoSl->htmlToPDF()
#4 C:\xampp1\htdocs\siges\system\CodeIgniter.php(410): CodeIgniter\CodeIgniter->runController(Object(App\Controllers\OperacaoSl))
#5 C:\xampp1\htdocs\siges\system\CodeIgniter.php(318): CodeIgniter\CodeIgniter->handleRequest(NULL, Object(Config\Cache), false)
#6 C:\xampp1\htdocs\siges\public\index.php(37): CodeIgniter\CodeIgniter->run()
#7 C:\xampp1\htdocs\siges\system\Commands\Server\rewrite.php(43): require_once('C:\\xampp1\\htdoc...')
#8 {main}
CRITICAL - 2022-01-04 10:40:04 --> Class 'Dompdf\Cpdf' not found
#0 C:\xampp1\htdocs\siges\app\ThirdParty\dompdf\src\CanvasFactory.php(57): Dompdf\Adapter\CPDF->__construct('letter', 'portrait', Object(Dompdf\Dompdf))
#1 C:\xampp1\htdocs\siges\app\ThirdParty\dompdf\src\Dompdf.php(299): Dompdf\CanvasFactory::get_instance(Object(Dompdf\Dompdf), 'letter', 'portrait')
#2 C:\xampp1\htdocs\siges\app\Controllers\OperacaoSl.php(76): Dompdf\Dompdf->__construct()
#3 C:\xampp1\htdocs\siges\system\CodeIgniter.php(824): App\Controllers\OperacaoSl->htmlToPDF()
#4 C:\xampp1\htdocs\siges\system\CodeIgniter.php(410): CodeIgniter\CodeIgniter->runController(Object(App\Controllers\OperacaoSl))
#5 C:\xampp1\htdocs\siges\system\CodeIgniter.php(318): CodeIgniter\CodeIgniter->handleRequest(NULL, Object(Config\Cache), false)
#6 C:\xampp1\htdocs\siges\public\index.php(37): CodeIgniter\CodeIgniter->run()
#7 C:\xampp1\htdocs\siges\system\Commands\Server\rewrite.php(43): require_once('C:\\xampp1\\htdoc...')
#8 {main}
CRITICAL - 2022-01-04 10:41:17 --> Class 'Dompdf\Cpdf' not found
#0 C:\xampp1\htdocs\siges\app\ThirdParty\dompdf\src\CanvasFactory.php(57): Dompdf\Adapter\CPDF->__construct('letter', 'portrait', Object(Dompdf\Dompdf))
#1 C:\xampp1\htdocs\siges\app\ThirdParty\dompdf\src\Dompdf.php(299): Dompdf\CanvasFactory::get_instance(Object(Dompdf\Dompdf), 'letter', 'portrait')
#2 C:\xampp1\htdocs\siges\app\Controllers\OperacaoSl.php(76): Dompdf\Dompdf->__construct()
#3 C:\xampp1\htdocs\siges\system\CodeIgniter.php(824): App\Controllers\OperacaoSl->htmlToPDF()
#4 C:\xampp1\htdocs\siges\system\CodeIgniter.php(410): CodeIgniter\CodeIgniter->runController(Object(App\Controllers\OperacaoSl))
#5 C:\xampp1\htdocs\siges\system\CodeIgniter.php(318): CodeIgniter\CodeIgniter->handleRequest(NULL, Object(Config\Cache), false)
#6 C:\xampp1\htdocs\siges\public\index.php(37): CodeIgniter\CodeIgniter->run()
#7 C:\xampp1\htdocs\siges\system\Commands\Server\rewrite.php(43): require_once('C:\\xampp1\\htdoc...')
#8 {main}
CRITICAL - 2022-01-04 10:42:35 --> Class 'Dompdf\Cpdf' not found
#0 C:\xampp1\htdocs\siges\app\ThirdParty\dompdf\src\CanvasFactory.php(57): Dompdf\Adapter\CPDF->__construct('letter', 'portrait', Object(Dompdf\Dompdf))
#1 C:\xampp1\htdocs\siges\app\ThirdParty\dompdf\src\Dompdf.php(299): Dompdf\CanvasFactory::get_instance(Object(Dompdf\Dompdf), 'letter', 'portrait')
#2 C:\xampp1\htdocs\siges\app\Controllers\OperacaoSl.php(78): Dompdf\Dompdf->__construct()
#3 C:\xampp1\htdocs\siges\system\CodeIgniter.php(824): App\Controllers\OperacaoSl->htmlToPDF()
#4 C:\xampp1\htdocs\siges\system\CodeIgniter.php(410): CodeIgniter\CodeIgniter->runController(Object(App\Controllers\OperacaoSl))
#5 C:\xampp1\htdocs\siges\system\CodeIgniter.php(318): CodeIgniter\CodeIgniter->handleRequest(NULL, Object(Config\Cache), false)
#6 C:\xampp1\htdocs\siges\public\index.php(37): CodeIgniter\CodeIgniter->run()
#7 C:\xampp1\htdocs\siges\system\Commands\Server\rewrite.php(43): require_once('C:\\xampp1\\htdoc...')
#8 {main}
CRITICAL - 2022-01-04 10:43:24 --> Class 'Dompdf\Cpdf' not found
#0 C:\xampp1\htdocs\siges\app\ThirdParty\dompdf\src\CanvasFactory.php(57): Dompdf\Adapter\CPDF->__construct('letter', 'portrait', Object(Dompdf\Dompdf))
#1 C:\xampp1\htdocs\siges\app\ThirdParty\dompdf\src\Dompdf.php(299): Dompdf\CanvasFactory::get_instance(Object(Dompdf\Dompdf), 'letter', 'portrait')
#2 C:\xampp1\htdocs\siges\app\Controllers\OperacaoSl.php(79): Dompdf\Dompdf->__construct()
#3 C:\xampp1\htdocs\siges\system\CodeIgniter.php(824): App\Controllers\OperacaoSl->htmlToPDF()
#4 C:\xampp1\htdocs\siges\system\CodeIgniter.php(410): CodeIgniter\CodeIgniter->runController(Object(App\Controllers\OperacaoSl))
#5 C:\xampp1\htdocs\siges\system\CodeIgniter.php(318): CodeIgniter\CodeIgniter->handleRequest(NULL, Object(Config\Cache), false)
#6 C:\xampp1\htdocs\siges\public\index.php(37): CodeIgniter\CodeIgniter->run()
#7 C:\xampp1\htdocs\siges\system\Commands\Server\rewrite.php(43): require_once('C:\\xampp1\\htdoc...')
#8 {main}
CRITICAL - 2022-01-04 10:43:31 --> Class 'Dompdf\Cpdf' not found
#0 C:\xampp1\htdocs\siges\app\ThirdParty\dompdf\src\CanvasFactory.php(57): Dompdf\Adapter\CPDF->__construct('letter', 'portrait', Object(Dompdf\Dompdf))
#1 C:\xampp1\htdocs\siges\app\ThirdParty\dompdf\src\Dompdf.php(299): Dompdf\CanvasFactory::get_instance(Object(Dompdf\Dompdf), 'letter', 'portrait')
#2 C:\xampp1\htdocs\siges\app\Controllers\OperacaoSl.php(79): Dompdf\Dompdf->__construct()
#3 C:\xampp1\htdocs\siges\system\CodeIgniter.php(824): App\Controllers\OperacaoSl->htmlToPDF()
#4 C:\xampp1\htdocs\siges\system\CodeIgniter.php(410): CodeIgniter\CodeIgniter->runController(Object(App\Controllers\OperacaoSl))
#5 C:\xampp1\htdocs\siges\system\CodeIgniter.php(318): CodeIgniter\CodeIgniter->handleRequest(NULL, Object(Config\Cache), false)
#6 C:\xampp1\htdocs\siges\public\index.php(37): CodeIgniter\CodeIgniter->run()
#7 C:\xampp1\htdocs\siges\system\Commands\Server\rewrite.php(43): require_once('C:\\xampp1\\htdoc...')
#8 {main}
CRITICAL - 2022-01-04 10:44:53 --> Class 'Dompdf\Cpdf' not found
#0 C:\xampp1\htdocs\siges\app\ThirdParty\dompdf\src\CanvasFactory.php(57): Dompdf\Adapter\CPDF->__construct('letter', 'portrait', Object(Dompdf\Dompdf))
#1 C:\xampp1\htdocs\siges\app\ThirdParty\dompdf\src\Dompdf.php(299): Dompdf\CanvasFactory::get_instance(Object(Dompdf\Dompdf), 'letter', 'portrait')
#2 C:\xampp1\htdocs\siges\app\Controllers\OperacaoSl.php(81): Dompdf\Dompdf->__construct()
#3 C:\xampp1\htdocs\siges\system\CodeIgniter.php(824): App\Controllers\OperacaoSl->htmlToPDF()
#4 C:\xampp1\htdocs\siges\system\CodeIgniter.php(410): CodeIgniter\CodeIgniter->runController(Object(App\Controllers\OperacaoSl))
#5 C:\xampp1\htdocs\siges\system\CodeIgniter.php(318): CodeIgniter\CodeIgniter->handleRequest(NULL, Object(Config\Cache), false)
#6 C:\xampp1\htdocs\siges\public\index.php(37): CodeIgniter\CodeIgniter->run()
#7 C:\xampp1\htdocs\siges\system\Commands\Server\rewrite.php(43): require_once('C:\\xampp1\\htdoc...')
#8 {main}
CRITICAL - 2022-01-04 10:45:16 --> Class 'Dompdf\Cpdf' not found
#0 C:\xampp1\htdocs\siges\app\ThirdParty\dompdf\src\CanvasFactory.php(57): Dompdf\Adapter\CPDF->__construct('letter', 'portrait', Object(Dompdf\Dompdf))
#1 C:\xampp1\htdocs\siges\app\ThirdParty\dompdf\src\Dompdf.php(299): Dompdf\CanvasFactory::get_instance(Object(Dompdf\Dompdf), 'letter', 'portrait')
#2 C:\xampp1\htdocs\siges\app\Controllers\OperacaoSl.php(79): Dompdf\Dompdf->__construct()
#3 C:\xampp1\htdocs\siges\system\CodeIgniter.php(824): App\Controllers\OperacaoSl->htmlToPDF()
#4 C:\xampp1\htdocs\siges\system\CodeIgniter.php(410): CodeIgniter\CodeIgniter->runController(Object(App\Controllers\OperacaoSl))
#5 C:\xampp1\htdocs\siges\system\CodeIgniter.php(318): CodeIgniter\CodeIgniter->handleRequest(NULL, Object(Config\Cache), false)
#6 C:\xampp1\htdocs\siges\public\index.php(37): CodeIgniter\CodeIgniter->run()
#7 C:\xampp1\htdocs\siges\system\Commands\Server\rewrite.php(43): require_once('C:\\xampp1\\htdoc...')
#8 {main}
CRITICAL - 2022-01-04 10:46:46 --> Undefined index: id_salao
#0 C:\xampp1\htdocs\siges\app\Controllers\OperacaoSl.php(223): CodeIgniter\Debug\Exceptions->errorHandler(8, 'Undefined index...', 'C:\\xampp1\\htdoc...', 223, Array)
#1 C:\xampp1\htdocs\siges\system\CodeIgniter.php(824): App\Controllers\OperacaoSl->detalhes_sl('img', 'favicon.ico')
#2 C:\xampp1\htdocs\siges\system\CodeIgniter.php(410): CodeIgniter\CodeIgniter->runController(Object(App\Controllers\OperacaoSl))
#3 C:\xampp1\htdocs\siges\system\CodeIgniter.php(318): CodeIgniter\CodeIgniter->handleRequest(NULL, Object(Config\Cache), false)
#4 C:\xampp1\htdocs\siges\public\index.php(37): CodeIgniter\CodeIgniter->run()
#5 C:\xampp1\htdocs\siges\system\Commands\Server\rewrite.php(43): require_once('C:\\xampp1\\htdoc...')
#6 {main}
